Removed Pin From Net: NetName=+V5_M Pin=DA2-8
Removed Pin From Net: NetName=+V5_M Pin=DA5-5
Removed Pin From Net: NetName=GNDA Pin=DA5-7
Removed Pin From Net: NetName=U_U+ Pin=X1-6
Removed Pin From Net: NetName=GNDA Pin=X1-7
Removed Pin From Net: NetName=ADC1_ALRM Pin=X2-2A
Removed Pin From Net: NetName=V12_C Pin=X2-3B
Removed Pin From Net: NetName=GND_C Pin=X2-4B
Change Component Comment : Designator=R16 Old Comment=10K New Comment=1.2K
Change Component Comment : Designator=R18 Old Comment=523 New Comment=49.9
Added Component: Designator=C47(SMD_C_0603)
Added Pin To Net: NetName=NetC13_2 Pin=C47-1
Added Pin To Net: NetName=NetDA2_1 Pin=C47-2
Added Pin To Net: NetName=GNDA Pin=DA5-5
Added Pin To Net: NetName=+V5_M Pin=DA5-7
Added Pin To Net: NetName=GNDA Pin=X1-6
Added Pin To Net: NetName=U_U+ Pin=X1-7
Added Pin To Net: NetName=V12_C Pin=X2-2A
Added Pin To Net: NetName=GND_C Pin=X2-3A
Added Pin To Net: NetName=ADC1_ALRM Pin=X2-3B
Change Net Name : Old Net Name=NetDA2_1 New Net Name=NetC47_2
Change Net Name : Old Net Name=SDI New Net Name=MOSI
Change Net Name : Old Net Name=SDO New Net Name=MISO
Added Pin To Net: NetName=ADC1_MISO Pin=DD2-6
Added Pin To Net: NetName=ADC1_MISO Pin=X2-4B
Added Net: Name=ADC1_MISO
Added Pin To Net: NetName=ADC1_MOSI Pin=C28-2
Added Pin To Net: NetName=ADC1_MOSI Pin=DD2-3
Added Pin To Net: NetName=ADC1_MOSI Pin=X2-6A
Added Net: Name=ADC1_MOSI
Change Class Name : Old Net Name=MeasOutUIBoard_s1 New Net Name=MeasOutUI
Added Member To Class: ClassName=MeasOutUI Member=Component C47 100p
Added Room: Name=MeasOutUI
