Removed Pin From Net: NetName=GND_SINK Pin=C1-2
Removed Pin From Net: NetName=GND_SINK Pin=C30-2
Removed Pin From Net: NetName=GND_SINK Pin=HS1-1
Removed Pin From Net: NetName=GND_SINK Pin=HS1-2
Removed Pin From Net: NetName=GND_SINK Pin=HS2-1
Removed Pin From Net: NetName=GND_SINK Pin=HS2-2
Removed Pin From Net: NetName=GND_SINK Pin=HS3-1
Removed Pin From Net: NetName=GND_SINK Pin=HS3-2
Removed Pin From Net: NetName=GND_SINK Pin=HS4-1
Removed Pin From Net: NetName=GND_SINK Pin=HS4-2
Removed Pin From Net: NetName=VOUT+_3 Pin=L2-1
Removed Pin From Net: NetName=VOUT-_3 Pin=L5-1
Removed Pin From Net: NetName=VOUT-_3 Pin=L6-2
Removed Pin From Net: NetName=GND_SINK Pin=X7-1
Removed Pin From Net: NetName=GND_SINK Pin=X7-2
Removed Member From Class: ClassName=SourceBoard_v1 Member=C6
Removed Member From Class: ClassName=SourceBoard_v1 Member=C7
Removed Member From Class: ClassName=SourceBoard_v1 Member=C8
Removed Member From Class: ClassName=SourceBoard_v1 Member=C9
Removed Member From Class: ClassName=SourceBoard_v1 Member=C10
Removed Member From Class: ClassName=SourceBoard_v1 Member=C11
Removed Member From Class: ClassName=SourceBoard_v1 Member=C12
Removed Member From Class: ClassName=SourceBoard_v1 Member=C13
Removed Member From Class: ClassName=SourceBoard_v1 Member=C14
Removed Member From Class: ClassName=SourceBoard_v1 Member=C15
Removed Member From Class: ClassName=SourceBoard_v1 Member=C16
Removed Member From Class: ClassName=SourceBoard_v1 Member=C17
Removed Member From Class: ClassName=SourceBoard_v1 Member=C18
Removed Member From Class: ClassName=SourceBoard_v1 Member=C19
Removed Member From Class: ClassName=SourceBoard_v1 Member=C20
Removed Member From Class: ClassName=SourceBoard_v1 Member=C21
Removed Member From Class: ClassName=SourceBoard_v1 Member=C22
Removed Member From Class: ClassName=SourceBoard_v1 Member=C23
Removed Member From Class: ClassName=SourceBoard_v1 Member=C24
Removed Member From Class: ClassName=SourceBoard_v1 Member=C25
Removed Member From Class: ClassName=SourceBoard_v1 Member=C26
Removed Member From Class: ClassName=SourceBoard_v1 Member=C27
Removed Member From Class: ClassName=SourceBoard_v1 Member=C28
Removed Member From Class: ClassName=SourceBoard_v1 Member=C29
Removed Member From Class: ClassName=SourceBoard_v1 Member=C30
Removed Member From Class: ClassName=SourceBoard_v1 Member=C31
Removed Member From Class: ClassName=SourceBoard_v1 Member=C32
Removed Member From Class: ClassName=SourceBoard_v1 Member=C33
Removed Member From Class: ClassName=SourceBoard_v1 Member=HS1
Removed Member From Class: ClassName=SourceBoard_v1 Member=HS2
Removed Member From Class: ClassName=SourceBoard_v1 Member=HS3
Removed Member From Class: ClassName=SourceBoard_v1 Member=HS4
Removed Member From Class: ClassName=SourceBoard_v1 Member=K1
Removed Member From Class: ClassName=SourceBoard_v1 Member=L3
Removed Member From Class: ClassName=SourceBoard_v1 Member=L4
Removed Member From Class: ClassName=SourceBoard_v1 Member=L5
Removed Member From Class: ClassName=SourceBoard_v1 Member=L6
Removed Member From Class: ClassName=SourceBoard_v1 Member=L7
Removed Member From Class: ClassName=SourceBoard_v1 Member=L8
Removed Member From Class: ClassName=SourceBoard_v1 Member=R3
Removed Member From Class: ClassName=SourceBoard_v1 Member=R4
Removed Member From Class: ClassName=SourceBoard_v1 Member=R5
Removed Member From Class: ClassName=SourceBoard_v1 Member=R6
Removed Member From Class: ClassName=SourceBoard_v1 Member=R7
Removed Member From Class: ClassName=SourceBoard_v1 Member=R8
Removed Member From Class: ClassName=SourceBoard_v1 Member=R9
Removed Member From Class: ClassName=SourceBoard_v1 Member=R10
Removed Member From Class: ClassName=SourceBoard_v1 Member=R11
Removed Member From Class: ClassName=SourceBoard_v1 Member=R12
Removed Member From Class: ClassName=SourceBoard_v1 Member=R13
Removed Member From Class: ClassName=SourceBoard_v1 Member=R14
Removed Member From Class: ClassName=SourceBoard_v1 Member=R15
Removed Member From Class: ClassName=SourceBoard_v1 Member=R16
Removed Member From Class: ClassName=SourceBoard_v1 Member=VD1
Removed Member From Class: ClassName=SourceBoard_v1 Member=VD2
Removed Member From Class: ClassName=SourceBoard_v1 Member=VD3
Removed Member From Class: ClassName=SourceBoard_v1 Member=VD4
Removed Member From Class: ClassName=SourceBoard_v1 Member=VD5
Removed Member From Class: ClassName=SourceBoard_v1 Member=VD6
Removed Member From Class: ClassName=SourceBoard_v1 Member=VD7
Removed Member From Class: ClassName=SourceBoard_v1 Member=VD8
Removed Member From Class: ClassName=SourceBoard_v1 Member=VD9
Removed Member From Class: ClassName=SourceBoard_v1 Member=VT1
Removed Member From Class: ClassName=SourceBoard_v1 Member=VT2
Removed Member From Class: ClassName=SourceBoard_v1 Member=VT3
Removed Member From Class: ClassName=SourceBoard_v1 Member=VT4
Removed Member From Class: ClassName=SourceBoard_v1 Member=X6
Removed Member From Class: ClassName=SourceBoard_v1 Member=X7
Removed Member From Class: ClassName=SourceBoard_v1 Member=XP1
Change Component Footprint: Designator=X1 Old Footprint=35362-0650 New Footprint=63849-1+insulator(154719-1)
Change Component Footprint: Designator=X3 Old Footprint=63849-1 New Footprint=63849-1+insulator(154719-1)
Change Component Footprint: Designator=X5 Old Footprint=63849-1X2 New Footprint=63849-1+insulator(154719-1)
Change Component Footprint: Designator=X2 Old Footprint=B04P-NV New Footprint=63849-1+insulator(154719-1)
Change Component Footprint: Designator=X4 Old Footprint=B04P-NV New Footprint=63849-1+insulator(154719-1)
Change Component Footprint: Designator=L2 Old Footprint=DROSS (500/125 UH 30 A)AMAK.671111.034 New Footprint=Dross (1000/250 uH 30 A)AMAK.671111.033
Change Component Comment : Designator=L2 Old Comment=500/125uH 30A New Comment=900/450uH 30A
Change Component Comment : Designator=L1 Old Comment=1000/250uH 30A New Comment=900/450uH 30A
Change Component Comment : Designator=X5 Old Comment=926522-2 New Comment=63849-1
Change Component Comment : Designator=X2 Old Comment=B04P-NV New Comment=63849-1
Change Component Comment : Designator=X4 Old Comment=B04P-NV New Comment=63849-1
Change Component Comment : Designator=X1 Old Comment=Sherlock 6 New Comment=63849-1
Change Component Designator: OldDesignator=C5 NewDesignator=C1
Change Component Designator: OldDesignator=C7 NewDesignator=C2
Change Component Designator: OldDesignator=C18 NewDesignator=C3
Change Component Designator: OldDesignator=C19 NewDesignator=C4
Change Component Designator: OldDesignator=C27 NewDesignator=C5
Change Component Designator: OldDesignator=R1 NewDesignator=R2
Change Component Designator: OldDesignator=R4 NewDesignator=R1
Added Pin To Net: NetName=VOUT-_3 Pin=L2-2
Added Pin To Net: NetName=VOUT+_3 Pin=X2-1
Added Pin To Net: NetName=VOUT+_3 Pin=X2-2
Added Pin To Net: NetName=VOUT-_3 Pin=X4-1
Added Pin To Net: NetName=VOUT-_3 Pin=X4-2
Added Pin To Net: NetName=GND_SINK Pin=X5-1
Added Pin To Net: NetName=GND_SINK Pin=X5-2
Change Net Name : Old Net Name=N5 New Net Name=NetC3_1
Change Net Name : Old Net Name=VOUT+_3 New Net Name=NetC1_2
Change Net Name : Old Net Name=VOUT-_3 New Net Name=NetC2_1
Added Pin To Net: NetName=NetL1_1 Pin=L1-1
Added Pin To Net: NetName=NetL1_1 Pin=X1-1
Added Pin To Net: NetName=NetL1_1 Pin=X1-2
Added Net: Name=NetL1_1
Added Pin To Net: NetName=NetL2_1 Pin=L2-1
Added Pin To Net: NetName=NetL2_1 Pin=X3-1
Added Pin To Net: NetName=NetL2_1 Pin=X3-2
Added Net: Name=NetL2_1
Change Class Name : Old Net Name=SourceBoard_v1 New Net Name=Filtr1
Added Member To Class: ClassName=Filtr1 Member=Component X1 63849-1
Added Room: Name=Filtr1
