Added Component: Designator=C1(C Y2 D13 7.5b)
Added Component: Designator=C2(MKP_W20_H39.5_L41.5_LS37.5)
Added Component: Designator=C3(MKP_W20_H39.5_L41.5_LS37.5)
Added Component: Designator=L1(Dross (500/125 uH 30 A)AMAK.671111.034)
Added Component: Designator=L2(Dross (500/125 uH 30 A)AMAK.671111.034)
Added Component: Designator=R1(PRW 5W 1050)
Added Component: Designator=X1(63849-1)
Added Component: Designator=X2(63849-1)
Added Component: Designator=X3(63849-1)
Added Component: Designator=X4(63849-1)
Added Pin To Net: NetName=N6 Pin=C2-2
Added Pin To Net: NetName=N6 Pin=C3-2
Added Pin To Net: NetName=N6 Pin=R1-1
Added Pin To Net: NetName=NetC1_1 Pin=C1-1
Added Pin To Net: NetName=NetC1_1 Pin=C2-1
Added Pin To Net: NetName=NetC1_1 Pin=C3-1
Added Pin To Net: NetName=NetC1_1 Pin=L2-1
Added Pin To Net: NetName=NetC1_1 Pin=X4-1
Added Pin To Net: NetName=NetC1_1 Pin=X4-2
Added Net: Name=NetC1_1
Added Pin To Net: NetName=NetC1_2 Pin=C1-2
Added Pin To Net: NetName=NetC1_2 Pin=L1-2
Added Pin To Net: NetName=NetC1_2 Pin=R1-2
Added Pin To Net: NetName=NetC1_2 Pin=X2-1
Added Pin To Net: NetName=NetC1_2 Pin=X2-2
Added Net: Name=NetC1_2
Added Pin To Net: NetName=NetL1_1 Pin=L1-1
Added Pin To Net: NetName=NetL1_1 Pin=X1-1
Added Pin To Net: NetName=NetL1_1 Pin=X1-2
Added Net: Name=NetL1_1
Added Pin To Net: NetName=NetL2_2 Pin=L2-2
Added Pin To Net: NetName=NetL2_2 Pin=X3-1
Added Pin To Net: NetName=NetL2_2 Pin=X3-2
Added Net: Name=NetL2_2
Added Class: Name=Filtr2
Added Room: Name=Filtr2
