Change Component Designator: Old Designator=C23 New Designator=C22
Change Component Designator: Old Designator=C24 New Designator=C23
Change Component Designator: Old Designator=C25 New Designator=C24
Change Component Designator: Old Designator=C26 New Designator=C25
Change Component Designator: Old Designator=C27 New Designator=C26
Change Component Designator: Old Designator=C28 New Designator=C27
Change Component Designator: Old Designator=C29 New Designator=C28
Change Component Designator: Old Designator=C30 New Designator=C29
Change Component Designator: Old Designator=C31 New Designator=C30
Change Component Designator: Old Designator=C32 New Designator=C31
Change Component Designator: Old Designator=C34 New Designator=C32
Change Component Designator: Old Designator=C35 New Designator=C33
Change Component Designator: Old Designator=C36 New Designator=C34
Change Component Designator: Old Designator=C37 New Designator=C35
Change Component Designator: Old Designator=DA3 New Designator=DA1
Change Component Designator: Old Designator=DA4 New Designator=DA2
Change Component Designator: Old Designator=DA5 New Designator=DA3
Change Component Designator: Old Designator=DA6 New Designator=DA4
Change Component Designator: Old Designator=L3 New Designator=L2
Change Component Designator: Old Designator=R3 New Designator=R2
Change Component Designator: Old Designator=R4 New Designator=R3
Change Component Designator: Old Designator=R5 New Designator=R4
Change Component Designator: Old Designator=R6 New Designator=R5
Change Component Designator: Old Designator=R7 New Designator=R6
Change Component Designator: Old Designator=R8 New Designator=R7
Change Component Designator: Old Designator=R9 New Designator=R8
Change Component Designator: Old Designator=R10 New Designator=R9
Change Component Designator: Old Designator=R11 New Designator=R10
Change Component Designator: Old Designator=VD3 New Designator=VD1
Change Component Designator: Old Designator=VD4 New Designator=VD2
Change Component Designator: Old Designator=VT3 New Designator=VT1
Change Component Designator: Old Designator=X3 New Designator=X1
Change Component Designator: Old Designator=X4 New Designator=X2
