Change Component Designator: Old Designator=C38 New Designator=C36
Change Component Designator: Old Designator=C39 New Designator=C37
Change Component Designator: Old Designator=C40 New Designator=C38
Change Component Designator: Old Designator=C41 New Designator=C39
Change Component Designator: Old Designator=C42 New Designator=C40
Change Component Designator: Old Designator=C43 New Designator=C41
Change Component Designator: Old Designator=C44 New Designator=C42
Change Component Designator: Old Designator=C45 New Designator=C43
Change Component Designator: Old Designator=C46 New Designator=C44
Change Component Designator: Old Designator=C47 New Designator=C45
Change Component Designator: Old Designator=C48 New Designator=C46
Change Component Designator: Old Designator=DD4 New Designator=DD2
Change Component Designator: Old Designator=DD5 New Designator=DD3
Change Component Designator: Old Designator=DD6 New Designator=DD4
Change Component Designator: Old Designator=DD7 New Designator=DD5
Change Component Designator: Old Designator=L4 New Designator=L3
Change Component Designator: Old Designator=L5 New Designator=L4
Change Component Designator: Old Designator=R12 New Designator=R11
Change Component Designator: Old Designator=R13 New Designator=R12
Change Component Designator: Old Designator=R14 New Designator=R13
Change Component Designator: Old Designator=R15 New Designator=R14
Change Component Designator: Old Designator=R16 New Designator=R15
Change Component Designator: Old Designator=R17 New Designator=R16
Change Component Designator: Old Designator=R18 New Designator=R17
Change Component Designator: Old Designator=R19 New Designator=R18
Change Component Designator: Old Designator=R20 New Designator=R19
Change Component Designator: Old Designator=R21 New Designator=R20
Change Component Designator: Old Designator=R22 New Designator=R21
Change Component Designator: Old Designator=R23 New Designator=R22
Change Component Designator: Old Designator=R24 New Designator=R23
Change Component Designator: Old Designator=R25 New Designator=R24
Change Component Designator: Old Designator=R26 New Designator=R25
Change Component Designator: Old Designator=R27 New Designator=R26
Change Component Designator: Old Designator=R28 New Designator=R27
Change Component Designator: Old Designator=R29 New Designator=R28
Change Component Designator: Old Designator=R30 New Designator=R29
Change Component Designator: Old Designator=R31 New Designator=R30
Change Component Designator: Old Designator=R32 New Designator=R31
Change Component Designator: Old Designator=VD5 New Designator=VD3
Change Component Designator: Old Designator=VD6 New Designator=VD4
Change Component Designator: Old Designator=VD7 New Designator=VD5
Change Component Designator: Old Designator=VD8 New Designator=VD6
Change Component Designator: Old Designator=X5 New Designator=X3
Change Component Designator: Old Designator=X6 New Designator=X4
