Change Component Designator: Old Designator=C49 New Designator=C47
Change Component Designator: Old Designator=C50 New Designator=C48
Change Component Designator: Old Designator=C51 New Designator=C49
Change Component Designator: Old Designator=C52 New Designator=C50
Change Component Designator: Old Designator=C53 New Designator=C51
Change Component Designator: Old Designator=C54 New Designator=C52
Change Component Designator: Old Designator=C55 New Designator=C53
Change Component Designator: Old Designator=C56 New Designator=C54
Change Component Designator: Old Designator=C57 New Designator=C55
Change Component Designator: Old Designator=C58 New Designator=C56
Change Component Designator: Old Designator=C59 New Designator=C57
Change Component Designator: Old Designator=C60 New Designator=C58
Change Component Designator: Old Designator=C61 New Designator=C59
Change Component Designator: Old Designator=C62 New Designator=C60
Change Component Designator: Old Designator=C63 New Designator=C61
Change Component Designator: Old Designator=DD8 New Designator=DD6
Change Component Designator: Old Designator=DD9 New Designator=DD7
Change Component Designator: Old Designator=DD10 New Designator=DD8
Change Component Designator: Old Designator=DD11 New Designator=DD9
Change Component Designator: Old Designator=R33 New Designator=R32
Change Component Designator: Old Designator=R34 New Designator=R33
Change Component Designator: Old Designator=R35 New Designator=R34
Change Component Designator: Old Designator=R37 New Designator=R35
Change Component Designator: Old Designator=R38 New Designator=R37
Change Component Designator: Old Designator=R39 New Designator=R38
Change Component Designator: Old Designator=R40 New Designator=R39
Change Component Designator: Old Designator=R41 New Designator=R40
Change Component Designator: Old Designator=R42 New Designator=R41
Change Component Designator: Old Designator=VD9 New Designator=VD7
Change Component Designator: Old Designator=VD10 New Designator=VD8
Change Component Designator: Old Designator=X7 New Designator=X5
Change Component Designator: Old Designator=X8 New Designator=X6
