Change Component Designator: Old Designator=C? New Designator=C64
Change Component Designator: Old Designator=C? New Designator=C65
Change Component Designator: Old Designator=C? New Designator=C66
Change Component Designator: Old Designator=C? New Designator=C67
Change Component Designator: Old Designator=C? New Designator=C68
Change Component Designator: Old Designator=C? New Designator=C69
Change Component Designator: Old Designator=C? New Designator=C70
Change Component Designator: Old Designator=C? New Designator=C71
Change Component Designator: Old Designator=C? New Designator=C72
Change Component Designator: Old Designator=C? New Designator=C73
Change Component Designator: Old Designator=C? New Designator=C74
Change Component Designator: Old Designator=C? New Designator=C75
Change Component Designator: Old Designator=C? New Designator=C76
Change Component Designator: Old Designator=C? New Designator=C77
Change Component Designator: Old Designator=C? New Designator=C78
Change Component Designator: Old Designator=C? New Designator=C79
Change Component Designator: Old Designator=C? New Designator=C80
Change Component Designator: Old Designator=C? New Designator=C81
Change Component Designator: Old Designator=C? New Designator=C82
Change Component Designator: Old Designator=C? New Designator=C83
Change Component Designator: Old Designator=C? New Designator=C84
Change Component Designator: Old Designator=C? New Designator=C85
Change Component Designator: Old Designator=C? New Designator=C86
Change Component Designator: Old Designator=C? New Designator=C87
Change Component Designator: Old Designator=C? New Designator=C88
Change Component Designator: Old Designator=C? New Designator=C89
Change Component Designator: Old Designator=C? New Designator=C90
Change Component Designator: Old Designator=DD? New Designator=DD12
Change Component Designator: Old Designator=DD? New Designator=DD13
Change Component Designator: Old Designator=DD? New Designator=DD18
Change Component Designator: Old Designator=DD? New Designator=DD12
Change Component Designator: Old Designator=DD? New Designator=DD13
Change Component Designator: Old Designator=DD? New Designator=DD18
Change Component Designator: Old Designator=DD? New Designator=DD12
Change Component Designator: Old Designator=DD? New Designator=DD13
Change Component Designator: Old Designator=DD? New Designator=DD18
Change Component Designator: Old Designator=DD? New Designator=DD12
Change Component Designator: Old Designator=DD? New Designator=DD13
Change Component Designator: Old Designator=DD? New Designator=DD18
Change Component Designator: Old Designator=DD? New Designator=DD12
Change Component Designator: Old Designator=DD? New Designator=DD13
Change Component Designator: Old Designator=DD? New Designator=DD18
Change Component Designator: Old Designator=DD? New Designator=DD19
Change Component Designator: Old Designator=DD? New Designator=DD14
Change Component Designator: Old Designator=DD? New Designator=DD15
Change Component Designator: Old Designator=DD? New Designator=DD16
Change Component Designator: Old Designator=DD? New Designator=DD17
Change Component Designator: Old Designator=F? New Designator=F6
Change Component Designator: Old Designator=F? New Designator=F7
Change Component Designator: Old Designator=F? New Designator=F8
Change Component Designator: Old Designator=L? New Designator=L6
Change Component Designator: Old Designator=L? New Designator=L7
Change Component Designator: Old Designator=L? New Designator=L8
Change Component Designator: Old Designator=L? New Designator=L9
Change Component Designator: Old Designator=L? New Designator=L10
Change Component Designator: Old Designator=R? New Designator=R43
Change Component Designator: Old Designator=R? New Designator=R44
Change Component Designator: Old Designator=R? New Designator=R45
Change Component Designator: Old Designator=R? New Designator=R46
Change Component Designator: Old Designator=R? New Designator=R47
Change Component Designator: Old Designator=R? New Designator=R48
Change Component Designator: Old Designator=R? New Designator=R49
Change Component Designator: Old Designator=R? New Designator=R50
Change Component Designator: Old Designator=R? New Designator=R51
Change Component Designator: Old Designator=R? New Designator=R52
Change Component Designator: Old Designator=R? New Designator=R53
Change Component Designator: Old Designator=R? New Designator=R54
Change Component Designator: Old Designator=R? New Designator=R55
Change Component Designator: Old Designator=R? New Designator=R56
Change Component Designator: Old Designator=R? New Designator=R57
Change Component Designator: Old Designator=R? New Designator=R58
Change Component Designator: Old Designator=R? New Designator=R59
Change Component Designator: Old Designator=R? New Designator=R60
Change Component Designator: Old Designator=R? New Designator=R61
Change Component Designator: Old Designator=R? New Designator=R62
Change Component Designator: Old Designator=R? New Designator=R63
Change Component Designator: Old Designator=R? New Designator=R64
Change Component Designator: Old Designator=R? New Designator=R65
Change Component Designator: Old Designator=R? New Designator=R66
Change Component Designator: Old Designator=R? New Designator=R67
Change Component Designator: Old Designator=R? New Designator=R68
Change Component Designator: Old Designator=R? New Designator=R69
Change Component Designator: Old Designator=R? New Designator=R70
Change Component Designator: Old Designator=R? New Designator=R71
Change Component Designator: Old Designator=R? New Designator=R72
Change Component Designator: Old Designator=R? New Designator=R73
Change Component Designator: Old Designator=VD? New Designator=VD11
Change Component Designator: Old Designator=VD? New Designator=VD12
Change Component Designator: Old Designator=VD? New Designator=VD13
Change Component Designator: Old Designator=VD? New Designator=VD14
Change Component Designator: Old Designator=VD? New Designator=VD15
Change Component Designator: Old Designator=VD? New Designator=VD16
Change Component Designator: Old Designator=VD? New Designator=VD17
Change Component Designator: Old Designator=VD? New Designator=VD18
Change Component Designator: Old Designator=VD? New Designator=VD19
Change Component Designator: Old Designator=VD? New Designator=VD20
Change Component Designator: Old Designator=VD? New Designator=VD21
Change Component Designator: Old Designator=VD? New Designator=VD22
Change Component Designator: Old Designator=VD? New Designator=VD23
Change Component Designator: Old Designator=VD? New Designator=VD24
Change Component Designator: Old Designator=VD? New Designator=VD25
Change Component Designator: Old Designator=VD? New Designator=VD26
Change Component Designator: Old Designator=VT? New Designator=VT6
Change Component Designator: Old Designator=VT? New Designator=VT7
Change Component Designator: Old Designator=VT? New Designator=VT8
Change Component Designator: Old Designator=VT? New Designator=VT9
Change Component Designator: Old Designator=VT? New Designator=VT10
Change Component Designator: Old Designator=VT? New Designator=VT11
Change Component Designator: Old Designator=VT? New Designator=VT12
Change Component Designator: Old Designator=X? New Designator=X9
Change Component Designator: Old Designator=X? New Designator=X10
Change Component Designator: Old Designator=X? New Designator=X11
Change Component Designator: Old Designator=X? New Designator=X12
Change Component Designator: Old Designator=X? New Designator=X13
Change Component Designator: Old Designator=X? New Designator=X14
