Change Component Designator: Old Designator=C61 New Designator=C?
Change Component Designator: Old Designator=C62 New Designator=C?
Change Component Designator: Old Designator=C63 New Designator=C?
Change Component Designator: Old Designator=C64 New Designator=C?
Change Component Designator: Old Designator=C65 New Designator=C?
Change Component Designator: Old Designator=C66 New Designator=C?
Change Component Designator: Old Designator=C67 New Designator=C?
Change Component Designator: Old Designator=C68 New Designator=C?
Change Component Designator: Old Designator=C69 New Designator=C?
Change Component Designator: Old Designator=C70 New Designator=C?
Change Component Designator: Old Designator=C71 New Designator=C?
Change Component Designator: Old Designator=C72 New Designator=C?
Change Component Designator: Old Designator=C73 New Designator=C?
Change Component Designator: Old Designator=C74 New Designator=C?
Change Component Designator: Old Designator=C75 New Designator=C?
Change Component Designator: Old Designator=C76 New Designator=C?
Change Component Designator: Old Designator=C157 New Designator=C?
Change Component Designator: Old Designator=C160 New Designator=C?
Change Component Designator: Old Designator=C161 New Designator=C?
Change Component Designator: Old Designator=C162 New Designator=C?
Change Component Designator: Old Designator=C163 New Designator=C?
Change Component Designator: Old Designator=C164 New Designator=C?
Change Component Designator: Old Designator=C165 New Designator=C?
Change Component Designator: Old Designator=C166 New Designator=C?
Change Component Designator: Old Designator=C167 New Designator=C?
Change Component Designator: Old Designator=C168 New Designator=C?
Change Component Designator: Old Designator=C169 New Designator=C?
Change Component Designator: Old Designator=C170 New Designator=C?
Change Component Designator: Old Designator=DD9 New Designator=DD?
Change Component Designator: Old Designator=DD9 New Designator=DD?
Change Component Designator: Old Designator=DD9 New Designator=DD?
Change Component Designator: Old Designator=DD9 New Designator=DD?
Change Component Designator: Old Designator=DD9 New Designator=DD?
Change Component Designator: Old Designator=DD10 New Designator=DD?
Change Component Designator: Old Designator=DD10 New Designator=DD?
Change Component Designator: Old Designator=DD10 New Designator=DD?
Change Component Designator: Old Designator=DD10 New Designator=DD?
Change Component Designator: Old Designator=DD10 New Designator=DD?
Change Component Designator: Old Designator=DD11 New Designator=DD?
Change Component Designator: Old Designator=DD12 New Designator=DD?
Change Component Designator: Old Designator=DD12 New Designator=DD?
Change Component Designator: Old Designator=DD27 New Designator=DD?
Change Component Designator: Old Designator=DD27 New Designator=DD?
Change Component Designator: Old Designator=DD27 New Designator=DD?
Change Component Designator: Old Designator=DD27 New Designator=DD?
Change Component Designator: Old Designator=DD27 New Designator=DD?
Change Component Designator: Old Designator=DD27 New Designator=DD?
Change Component Designator: Old Designator=DD27 New Designator=DD?
Change Component Designator: Old Designator=DD28 New Designator=DD?
Change Component Designator: Old Designator=DD29 New Designator=DD?
Change Component Designator: Old Designator=DD29 New Designator=DD?
Change Component Designator: Old Designator=DD29 New Designator=DD?
Change Component Designator: Old Designator=DD29 New Designator=DD?
Change Component Designator: Old Designator=DD29 New Designator=DD?
Change Component Designator: Old Designator=F1 New Designator=F?
Change Component Designator: Old Designator=F2 New Designator=F?
Change Component Designator: Old Designator=F3 New Designator=F?
Change Component Designator: Old Designator=K1 New Designator=K?
Change Component Designator: Old Designator=K1 New Designator=K?
Change Component Designator: Old Designator=K1 New Designator=K?
Change Component Designator: Old Designator=K2 New Designator=K?
Change Component Designator: Old Designator=K2 New Designator=K?
Change Component Designator: Old Designator=K3 New Designator=K?
Change Component Designator: Old Designator=K3 New Designator=K?
Change Component Designator: Old Designator=K3 New Designator=K?
Change Component Designator: Old Designator=K4 New Designator=K?
Change Component Designator: Old Designator=K4 New Designator=K?
Change Component Designator: Old Designator=K5 New Designator=K?
Change Component Designator: Old Designator=K5 New Designator=K?
Change Component Designator: Old Designator=K5 New Designator=K?
Change Component Designator: Old Designator=K6 New Designator=K?
Change Component Designator: Old Designator=K6 New Designator=K?
Change Component Designator: Old Designator=L5 New Designator=L?
Change Component Designator: Old Designator=L6 New Designator=L?
Change Component Designator: Old Designator=L7 New Designator=L?
Change Component Designator: Old Designator=L8 New Designator=L?
Change Component Designator: Old Designator=L9 New Designator=L?
Change Component Designator: Old Designator=R33 New Designator=R?
Change Component Designator: Old Designator=R34 New Designator=R?
Change Component Designator: Old Designator=R35 New Designator=R?
Change Component Designator: Old Designator=R36 New Designator=R?
Change Component Designator: Old Designator=R37 New Designator=R?
Change Component Designator: Old Designator=R38 New Designator=R?
Change Component Designator: Old Designator=R39 New Designator=R?
Change Component Designator: Old Designator=R40 New Designator=R?
Change Component Designator: Old Designator=R41 New Designator=R?
Change Component Designator: Old Designator=R42 New Designator=R?
Change Component Designator: Old Designator=R43 New Designator=R?
Change Component Designator: Old Designator=R44 New Designator=R?
Change Component Designator: Old Designator=R45 New Designator=R?
Change Component Designator: Old Designator=R46 New Designator=R?
Change Component Designator: Old Designator=R47 New Designator=R?
Change Component Designator: Old Designator=R48 New Designator=R?
Change Component Designator: Old Designator=R49 New Designator=R?
Change Component Designator: Old Designator=R50 New Designator=R?
Change Component Designator: Old Designator=R51 New Designator=R?
Change Component Designator: Old Designator=R52 New Designator=R?
Change Component Designator: Old Designator=R53 New Designator=R?
Change Component Designator: Old Designator=R54 New Designator=R?
Change Component Designator: Old Designator=R55 New Designator=R?
Change Component Designator: Old Designator=R115 New Designator=R?
Change Component Designator: Old Designator=R116 New Designator=R?
Change Component Designator: Old Designator=R117 New Designator=R?
Change Component Designator: Old Designator=R118 New Designator=R?
Change Component Designator: Old Designator=RN2 New Designator=RN?
Change Component Designator: Old Designator=VD9 New Designator=VD?
Change Component Designator: Old Designator=VD10 New Designator=VD?
Change Component Designator: Old Designator=VD11 New Designator=VD?
Change Component Designator: Old Designator=VD12 New Designator=VD?
Change Component Designator: Old Designator=VD13 New Designator=VD?
Change Component Designator: Old Designator=VD14 New Designator=VD?
Change Component Designator: Old Designator=VD15 New Designator=VD?
Change Component Designator: Old Designator=VD16 New Designator=VD?
Change Component Designator: Old Designator=VD17 New Designator=VD?
Change Component Designator: Old Designator=VD18 New Designator=VD?
Change Component Designator: Old Designator=VD19 New Designator=VD?
Change Component Designator: Old Designator=VD20 New Designator=VD?
Change Component Designator: Old Designator=VD21 New Designator=VD?
Change Component Designator: Old Designator=VD22 New Designator=VD?
Change Component Designator: Old Designator=VD23 New Designator=VD?
Change Component Designator: Old Designator=VT2 New Designator=VT?
Change Component Designator: Old Designator=VT3 New Designator=VT?
Change Component Designator: Old Designator=VT4 New Designator=VT?
Change Component Designator: Old Designator=VT5 New Designator=VT?
Change Component Designator: Old Designator=VT6 New Designator=VT?
Change Component Designator: Old Designator=VT7 New Designator=VT?
Change Component Designator: Old Designator=VT8 New Designator=VT?
Change Component Designator: Old Designator=X7 New Designator=X?
Change Component Designator: Old Designator=X8 New Designator=X?
Change Component Designator: Old Designator=X9 New Designator=X?
Change Component Designator: Old Designator=X10 New Designator=X?
Change Component Designator: Old Designator=X11 New Designator=X?
Change Component Designator: Old Designator=X22 New Designator=X?
