Change Component Designator: Old Designator=C65 New Designator=C62
Change Component Designator: Old Designator=C66 New Designator=C63
Change Component Designator: Old Designator=C67 New Designator=C65
Change Component Designator: Old Designator=C68 New Designator=C66
Change Component Designator: Old Designator=C69 New Designator=C67
Change Component Designator: Old Designator=C70 New Designator=C68
Change Component Designator: Old Designator=C71 New Designator=C69
Change Component Designator: Old Designator=C72 New Designator=C70
Change Component Designator: Old Designator=C73 New Designator=C71
Change Component Designator: Old Designator=C74 New Designator=C72
Change Component Designator: Old Designator=C75 New Designator=C73
Change Component Designator: Old Designator=C76 New Designator=C74
Change Component Designator: Old Designator=C77 New Designator=C75
Change Component Designator: Old Designator=C78 New Designator=C76
Change Component Designator: Old Designator=C79 New Designator=C77
Change Component Designator: Old Designator=C80 New Designator=C78
Change Component Designator: Old Designator=C81 New Designator=C79
Change Component Designator: Old Designator=C82 New Designator=C80
Change Component Designator: Old Designator=C83 New Designator=C81
Change Component Designator: Old Designator=C84 New Designator=C82
Change Component Designator: Old Designator=C85 New Designator=C83
Change Component Designator: Old Designator=C86 New Designator=C84
Change Component Designator: Old Designator=C87 New Designator=C85
Change Component Designator: Old Designator=C88 New Designator=C86
Change Component Designator: Old Designator=C89 New Designator=C87
Change Component Designator: Old Designator=DD12 New Designator=DD10
Change Component Designator: Old Designator=DD12 New Designator=DD10
Change Component Designator: Old Designator=DD12 New Designator=DD10
Change Component Designator: Old Designator=DD12 New Designator=DD10
Change Component Designator: Old Designator=DD12 New Designator=DD10
Change Component Designator: Old Designator=DD13 New Designator=DD11
Change Component Designator: Old Designator=DD13 New Designator=DD11
Change Component Designator: Old Designator=DD13 New Designator=DD11
Change Component Designator: Old Designator=DD13 New Designator=DD11
Change Component Designator: Old Designator=DD13 New Designator=DD11
Change Component Designator: Old Designator=DD14 New Designator=DD12
Change Component Designator: Old Designator=DD15 New Designator=DD13
Change Component Designator: Old Designator=DD16 New Designator=DD14
Change Component Designator: Old Designator=DD17 New Designator=DD15
Change Component Designator: Old Designator=DD18 New Designator=DD16
Change Component Designator: Old Designator=DD18 New Designator=DD16
Change Component Designator: Old Designator=DD18 New Designator=DD16
Change Component Designator: Old Designator=DD18 New Designator=DD16
Change Component Designator: Old Designator=DD18 New Designator=DD16
Change Component Designator: Old Designator=F6 New Designator=F1
Change Component Designator: Old Designator=F7 New Designator=F2
Change Component Designator: Old Designator=F8 New Designator=F3
Change Component Designator: Old Designator=K1 New Designator=K3
Change Component Designator: Old Designator=K2 New Designator=K4
Change Component Designator: Old Designator=K2 New Designator=K1
Change Component Designator: Old Designator=K2 New Designator=K3
Change Component Designator: Old Designator=K3 New Designator=K4
Change Component Designator: Old Designator=K3 New Designator=K4
Change Component Designator: Old Designator=K4 New Designator=K2
Change Component Designator: Old Designator=K4 New Designator=K5
Change Component Designator: Old Designator=K5 New Designator=K7
Change Component Designator: Old Designator=K7 New Designator=K2
Change Component Designator: Old Designator=L6 New Designator=L5
Change Component Designator: Old Designator=L7 New Designator=L6
Change Component Designator: Old Designator=L8 New Designator=L7
Change Component Designator: Old Designator=L9 New Designator=L8
Change Component Designator: Old Designator=L10 New Designator=L9
Change Component Designator: Old Designator=R43 New Designator=R42
Change Component Designator: Old Designator=R44 New Designator=R43
Change Component Designator: Old Designator=R45 New Designator=R44
Change Component Designator: Old Designator=R46 New Designator=R45
Change Component Designator: Old Designator=R47 New Designator=R46
Change Component Designator: Old Designator=R48 New Designator=R47
Change Component Designator: Old Designator=R49 New Designator=R48
Change Component Designator: Old Designator=R50 New Designator=R49
Change Component Designator: Old Designator=R51 New Designator=R50
Change Component Designator: Old Designator=R52 New Designator=R51
Change Component Designator: Old Designator=R53 New Designator=R52
Change Component Designator: Old Designator=R54 New Designator=R53
Change Component Designator: Old Designator=R55 New Designator=R54
Change Component Designator: Old Designator=R56 New Designator=R55
Change Component Designator: Old Designator=R57 New Designator=R56
Change Component Designator: Old Designator=R58 New Designator=R57
Change Component Designator: Old Designator=R59 New Designator=R58
Change Component Designator: Old Designator=R60 New Designator=R59
Change Component Designator: Old Designator=R61 New Designator=R60
Change Component Designator: Old Designator=R62 New Designator=R61
Change Component Designator: Old Designator=R63 New Designator=R62
Change Component Designator: Old Designator=R64 New Designator=R63
Change Component Designator: Old Designator=R65 New Designator=R64
Change Component Designator: Old Designator=R66 New Designator=R65
Change Component Designator: Old Designator=R67 New Designator=R66
Change Component Designator: Old Designator=R68 New Designator=R67
Change Component Designator: Old Designator=R69 New Designator=R68
Change Component Designator: Old Designator=R70 New Designator=R69
Change Component Designator: Old Designator=R71 New Designator=R70
Change Component Designator: Old Designator=R72 New Designator=R71
Change Component Designator: Old Designator=R73 New Designator=R72
Change Component Designator: Old Designator=VD11 New Designator=VD9
Change Component Designator: Old Designator=VD12 New Designator=VD10
Change Component Designator: Old Designator=VD13 New Designator=VD11
Change Component Designator: Old Designator=VD14 New Designator=VD12
Change Component Designator: Old Designator=VD15 New Designator=VD13
Change Component Designator: Old Designator=VD16 New Designator=VD14
Change Component Designator: Old Designator=VD17 New Designator=VD15
Change Component Designator: Old Designator=VD18 New Designator=VD16
Change Component Designator: Old Designator=VD19 New Designator=VD17
Change Component Designator: Old Designator=VD20 New Designator=VD18
Change Component Designator: Old Designator=VD21 New Designator=VD19
Change Component Designator: Old Designator=VD22 New Designator=VD20
Change Component Designator: Old Designator=VD23 New Designator=VD21
Change Component Designator: Old Designator=VD24 New Designator=VD22
Change Component Designator: Old Designator=VD25 New Designator=VD23
Change Component Designator: Old Designator=VD26 New Designator=VD24
Change Component Designator: Old Designator=VT6 New Designator=VT2
Change Component Designator: Old Designator=VT7 New Designator=VT3
Change Component Designator: Old Designator=VT8 New Designator=VT4
Change Component Designator: Old Designator=VT9 New Designator=VT5
Change Component Designator: Old Designator=VT10 New Designator=VT6
Change Component Designator: Old Designator=VT11 New Designator=VT7
Change Component Designator: Old Designator=VT12 New Designator=VT8
Change Component Designator: Old Designator=X9 New Designator=X7
Change Component Designator: Old Designator=X10 New Designator=X8
Change Component Designator: Old Designator=X11 New Designator=X9
Change Component Designator: Old Designator=X12 New Designator=X10
Change Component Designator: Old Designator=X13 New Designator=X11
Change Component Designator: Old Designator=X14 New Designator=X12
