Change Component Designator: Old Designator=C93 New Designator=C91
Change Component Designator: Old Designator=C94 New Designator=C92
Change Component Designator: Old Designator=C95 New Designator=C93
Change Component Designator: Old Designator=C96 New Designator=C94
Change Component Designator: Old Designator=C97 New Designator=C95
Change Component Designator: Old Designator=C98 New Designator=C96
Change Component Designator: Old Designator=C99 New Designator=C97
Change Component Designator: Old Designator=C100 New Designator=C98
Change Component Designator: Old Designator=C101 New Designator=C99
Change Component Designator: Old Designator=C102 New Designator=C100
Change Component Designator: Old Designator=C103 New Designator=C101
Change Component Designator: Old Designator=C104 New Designator=C102
Change Component Designator: Old Designator=C105 New Designator=C103
Change Component Designator: Old Designator=C106 New Designator=C104
Change Component Designator: Old Designator=C107 New Designator=C105
Change Component Designator: Old Designator=C108 New Designator=C106
Change Component Designator: Old Designator=C109 New Designator=C107
Change Component Designator: Old Designator=C110 New Designator=C108
Change Component Designator: Old Designator=C111 New Designator=C109
Change Component Designator: Old Designator=C112 New Designator=C110
Change Component Designator: Old Designator=C113 New Designator=C111
Change Component Designator: Old Designator=C114 New Designator=C112
Change Component Designator: Old Designator=C115 New Designator=C113
Change Component Designator: Old Designator=DD20 New Designator=DD18
Change Component Designator: Old Designator=DD21 New Designator=DD19
Change Component Designator: Old Designator=DD22 New Designator=DD20
Change Component Designator: Old Designator=DD23 New Designator=DD21
Change Component Designator: Old Designator=DD24 New Designator=DD22
Change Component Designator: Old Designator=DD25 New Designator=DD23
Change Component Designator: Old Designator=R82 New Designator=R81
Change Component Designator: Old Designator=R83 New Designator=R82
Change Component Designator: Old Designator=R84 New Designator=R83
Change Component Designator: Old Designator=R85 New Designator=R84
Change Component Designator: Old Designator=R86 New Designator=R85
Change Component Designator: Old Designator=R87 New Designator=R86
Change Component Designator: Old Designator=R88 New Designator=R87
Change Component Designator: Old Designator=R89 New Designator=R88
Change Component Designator: Old Designator=R90 New Designator=R89
Change Component Designator: Old Designator=R91 New Designator=R90
Change Component Designator: Old Designator=R92 New Designator=R91
Change Component Designator: Old Designator=R93 New Designator=R92
Change Component Designator: Old Designator=R94 New Designator=R93
Change Component Designator: Old Designator=R95 New Designator=R94
Change Component Designator: Old Designator=R96 New Designator=R95
Change Component Designator: Old Designator=R97 New Designator=R96
Change Component Designator: Old Designator=R98 New Designator=R97
Change Component Designator: Old Designator=R99 New Designator=R98
Change Component Designator: Old Designator=R100 New Designator=R99
Change Component Designator: Old Designator=R101 New Designator=R100
Change Component Designator: Old Designator=R106 New Designator=R101
Change Component Designator: Old Designator=R111 New Designator=R102
Change Component Designator: Old Designator=R112 New Designator=R103
Change Component Designator: Old Designator=R113 New Designator=R104
Change Component Designator: Old Designator=R114 New Designator=R105
Change Component Designator: Old Designator=R115 New Designator=R106
Change Component Designator: Old Designator=R116 New Designator=R107
Change Component Designator: Old Designator=R117 New Designator=R108
Change Component Designator: Old Designator=R118 New Designator=R109
Change Component Designator: Old Designator=R119 New Designator=R110
Change Component Designator: Old Designator=R120 New Designator=R111
Change Component Designator: Old Designator=R121 New Designator=R112
Change Component Designator: Old Designator=R122 New Designator=R113
Change Component Designator: Old Designator=R123 New Designator=R114
Change Component Designator: Old Designator=R124 New Designator=R115
Change Component Designator: Old Designator=R125 New Designator=R116
Change Component Designator: Old Designator=R126 New Designator=R117
Change Component Designator: Old Designator=R127 New Designator=R118
Change Component Designator: Old Designator=VD28 New Designator=VD26
Change Component Designator: Old Designator=VD29 New Designator=VD27
Change Component Designator: Old Designator=VD30 New Designator=VD28
Change Component Designator: Old Designator=VD31 New Designator=VD29
Change Component Designator: Old Designator=VD32 New Designator=VD30
Change Component Designator: Old Designator=VD33 New Designator=VD31
Change Component Designator: Old Designator=X15 New Designator=X13
Change Component Designator: Old Designator=X16 New Designator=X14
