Change Component Designator: Old Designator=C94 New Designator=C?
Change Component Designator: Old Designator=C95 New Designator=C?
Change Component Designator: Old Designator=C96 New Designator=C?
Change Component Designator: Old Designator=C97 New Designator=C?
Change Component Designator: Old Designator=C98 New Designator=C?
Change Component Designator: Old Designator=C99 New Designator=C?
Change Component Designator: Old Designator=C100 New Designator=C?
Change Component Designator: Old Designator=C101 New Designator=C?
Change Component Designator: Old Designator=C102 New Designator=C?
Change Component Designator: Old Designator=C103 New Designator=C?
Change Component Designator: Old Designator=C104 New Designator=C?
Change Component Designator: Old Designator=C105 New Designator=C?
Change Component Designator: Old Designator=C106 New Designator=C?
Change Component Designator: Old Designator=C107 New Designator=C?
Change Component Designator: Old Designator=C108 New Designator=C?
Change Component Designator: Old Designator=C109 New Designator=C?
Change Component Designator: Old Designator=C110 New Designator=C?
Change Component Designator: Old Designator=C111 New Designator=C?
Change Component Designator: Old Designator=C112 New Designator=C?
Change Component Designator: Old Designator=C113 New Designator=C?
Change Component Designator: Old Designator=C114 New Designator=C?
Change Component Designator: Old Designator=DD21 New Designator=DD?
Change Component Designator: Old Designator=DD22 New Designator=DD?
Change Component Designator: Old Designator=DD23 New Designator=DD?
Change Component Designator: Old Designator=DD24 New Designator=DD?
Change Component Designator: Old Designator=DD33 New Designator=DD?
Change Component Designator: Old Designator=DD34 New Designator=DD?
Change Component Designator: Old Designator=R73 New Designator=R?
Change Component Designator: Old Designator=R74 New Designator=R?
Change Component Designator: Old Designator=R75 New Designator=R?
Change Component Designator: Old Designator=R76 New Designator=R?
Change Component Designator: Old Designator=R77 New Designator=R?
Change Component Designator: Old Designator=R78 New Designator=R?
Change Component Designator: Old Designator=R79 New Designator=R?
Change Component Designator: Old Designator=R80 New Designator=R?
Change Component Designator: Old Designator=R81 New Designator=R?
Change Component Designator: Old Designator=R82 New Designator=R?
Change Component Designator: Old Designator=R83 New Designator=R?
Change Component Designator: Old Designator=R84 New Designator=R?
Change Component Designator: Old Designator=R136 New Designator=R?
Change Component Designator: Old Designator=R137 New Designator=R?
Change Component Designator: Old Designator=R138 New Designator=R?
Change Component Designator: Old Designator=R139 New Designator=R?
Change Component Designator: Old Designator=R140 New Designator=R?
Change Component Designator: Old Designator=R141 New Designator=R?
Change Component Designator: Old Designator=R152 New Designator=R?
Change Component Designator: Old Designator=R153 New Designator=R?
Change Component Designator: Old Designator=R154 New Designator=R?
Change Component Designator: Old Designator=R155 New Designator=R?
Change Component Designator: Old Designator=R162 New Designator=R?
Change Component Designator: Old Designator=R163 New Designator=R?
Change Component Designator: Old Designator=R164 New Designator=R?
Change Component Designator: Old Designator=R165 New Designator=R?
Change Component Designator: Old Designator=R166 New Designator=R?
Change Component Designator: Old Designator=R167 New Designator=R?
Change Component Designator: Old Designator=R168 New Designator=R?
Change Component Designator: Old Designator=VD27 New Designator=VD?
Change Component Designator: Old Designator=VD28 New Designator=VD?
Change Component Designator: Old Designator=VD29 New Designator=VD?
Change Component Designator: Old Designator=VD30 New Designator=VD?
Change Component Designator: Old Designator=VD31 New Designator=VD?
Change Component Designator: Old Designator=VD32 New Designator=VD?
Change Component Designator: Old Designator=X15 New Designator=X?
Change Component Designator: Old Designator=X16 New Designator=X?
