Change Component Designator: Old Designator=C92 New Designator=C?
Change Component Designator: Old Designator=C93 New Designator=C?
Change Component Designator: Old Designator=C94 New Designator=C?
Change Component Designator: Old Designator=C95 New Designator=C?
Change Component Designator: Old Designator=C96 New Designator=C?
Change Component Designator: Old Designator=C97 New Designator=C?
Change Component Designator: Old Designator=C98 New Designator=C?
Change Component Designator: Old Designator=C99 New Designator=C?
Change Component Designator: Old Designator=C100 New Designator=C?
Change Component Designator: Old Designator=C151 New Designator=C?
Change Component Designator: Old Designator=C152 New Designator=C?
Change Component Designator: Old Designator=DD16 New Designator=DD?
Change Component Designator: Old Designator=R70 New Designator=R?
Change Component Designator: Old Designator=R71 New Designator=R?
Change Component Designator: Old Designator=R72 New Designator=R?
Change Component Designator: Old Designator=R73 New Designator=R?
Change Component Designator: Old Designator=R74 New Designator=R?
Change Component Designator: Old Designator=R75 New Designator=R?
Change Component Designator: Old Designator=RN6 New Designator=RN?
Change Component Designator: Old Designator=X12 New Designator=X?
