Change Component Designator: Old Designator=C116 New Designator=C114
Change Component Designator: Old Designator=C117 New Designator=C115
Change Component Designator: Old Designator=C118 New Designator=C116
Change Component Designator: Old Designator=C119 New Designator=C117
Change Component Designator: Old Designator=C120 New Designator=C118
Change Component Designator: Old Designator=C121 New Designator=C119
Change Component Designator: Old Designator=C122 New Designator=C120
Change Component Designator: Old Designator=C123 New Designator=C121
Change Component Designator: Old Designator=C124 New Designator=C122
Change Component Designator: Old Designator=C125 New Designator=C123
Change Component Designator: Old Designator=C126 New Designator=C124
Change Component Designator: Old Designator=DD26 New Designator=DD24
Change Component Designator: Old Designator=R128 New Designator=R119
Change Component Designator: Old Designator=R129 New Designator=R120
Change Component Designator: Old Designator=R130 New Designator=R121
Change Component Designator: Old Designator=R131 New Designator=R122
Change Component Designator: Old Designator=R132 New Designator=R123
Change Component Designator: Old Designator=R133 New Designator=R124
Change Component Designator: Old Designator=RN9 New Designator=RN1
Change Component Designator: Old Designator=X17 New Designator=X15
