Change Component Designator: Old Designator=C116 New Designator=C?
Change Component Designator: Old Designator=C117 New Designator=C?
Change Component Designator: Old Designator=C118 New Designator=C?
Change Component Designator: Old Designator=C119 New Designator=C?
Change Component Designator: Old Designator=C120 New Designator=C?
Change Component Designator: Old Designator=C121 New Designator=C?
Change Component Designator: Old Designator=C122 New Designator=C?
Change Component Designator: Old Designator=C123 New Designator=C?
Change Component Designator: Old Designator=C124 New Designator=C?
Change Component Designator: Old Designator=C125 New Designator=C?
Change Component Designator: Old Designator=C126 New Designator=C?
Change Component Designator: Old Designator=DD26 New Designator=DD?
Change Component Designator: Old Designator=R128 New Designator=R?
Change Component Designator: Old Designator=R129 New Designator=R?
Change Component Designator: Old Designator=R130 New Designator=R?
Change Component Designator: Old Designator=R131 New Designator=R?
Change Component Designator: Old Designator=R132 New Designator=R?
Change Component Designator: Old Designator=R133 New Designator=R?
Change Component Designator: Old Designator=RN9 New Designator=RN?
Change Component Designator: Old Designator=X17 New Designator=X?
