Change Component Designator: Old Designator=C1 New Designator=C125
Change Component Designator: Old Designator=C127 New Designator=C126
Change Component Designator: Old Designator=C128 New Designator=C127
Change Component Designator: Old Designator=C129 New Designator=C128
Change Component Designator: Old Designator=C130 New Designator=C129
Change Component Designator: Old Designator=C131 New Designator=C130
Change Component Designator: Old Designator=C132 New Designator=C131
Change Component Designator: Old Designator=C133 New Designator=C132
Change Component Designator: Old Designator=C134 New Designator=C133
Change Component Designator: Old Designator=C135 New Designator=C134
Change Component Designator: Old Designator=C136 New Designator=C135
Change Component Designator: Old Designator=C137 New Designator=C136
Change Component Designator: Old Designator=C138 New Designator=C137
Change Component Designator: Old Designator=C139 New Designator=C138
Change Component Designator: Old Designator=C140 New Designator=C139
Change Component Designator: Old Designator=C141 New Designator=C140
Change Component Designator: Old Designator=C142 New Designator=C141
Change Component Designator: Old Designator=C143 New Designator=C142
Change Component Designator: Old Designator=C144 New Designator=C143
Change Component Designator: Old Designator=C145 New Designator=C144
Change Component Designator: Old Designator=C146 New Designator=C145
Change Component Designator: Old Designator=C147 New Designator=C146
Change Component Designator: Old Designator=DD1 New Designator=DD25
Change Component Designator: Old Designator=DD3 New Designator=DD26
Change Component Designator: Old Designator=R1 New Designator=R125
Change Component Designator: Old Designator=R134 New Designator=R126
Change Component Designator: Old Designator=R135 New Designator=R127
Change Component Designator: Old Designator=R136 New Designator=R128
Change Component Designator: Old Designator=R137 New Designator=R129
Change Component Designator: Old Designator=R138 New Designator=R130
Change Component Designator: Old Designator=R139 New Designator=R131
Change Component Designator: Old Designator=R140 New Designator=R132
Change Component Designator: Old Designator=R141 New Designator=R133
Change Component Designator: Old Designator=R142 New Designator=R134
Change Component Designator: Old Designator=R143 New Designator=R135
Change Component Designator: Old Designator=R144 New Designator=R136
Change Component Designator: Old Designator=R145 New Designator=R137
Change Component Designator: Old Designator=R146 New Designator=R138
Change Component Designator: Old Designator=R147 New Designator=R139
Change Component Designator: Old Designator=R148 New Designator=R140
Change Component Designator: Old Designator=R149 New Designator=R141
Change Component Designator: Old Designator=R150 New Designator=R142
Change Component Designator: Old Designator=RN1 New Designator=RN2
Change Component Designator: Old Designator=X1 New Designator=X16
Change Component Designator: Old Designator=X2 New Designator=X17
