Change Component Designator: Old Designator=C150 New Designator=C?
Change Component Designator: Old Designator=C151 New Designator=C?
Change Component Designator: Old Designator=C152 New Designator=C?
Change Component Designator: Old Designator=C153 New Designator=C?
Change Component Designator: Old Designator=C154 New Designator=C?
Change Component Designator: Old Designator=C155 New Designator=C?
Change Component Designator: Old Designator=C156 New Designator=C?
Change Component Designator: Old Designator=C157 New Designator=C?
Change Component Designator: Old Designator=C158 New Designator=C?
Change Component Designator: Old Designator=C159 New Designator=C?
Change Component Designator: Old Designator=C160 New Designator=C?
Change Component Designator: Old Designator=C161 New Designator=C?
Change Component Designator: Old Designator=C162 New Designator=C?
Change Component Designator: Old Designator=C163 New Designator=C?
Change Component Designator: Old Designator=C164 New Designator=C?
Change Component Designator: Old Designator=C165 New Designator=C?
Change Component Designator: Old Designator=DD29 New Designator=DD?
Change Component Designator: Old Designator=DD29 New Designator=DD?
Change Component Designator: Old Designator=DD29 New Designator=DD?
Change Component Designator: Old Designator=DD29 New Designator=DD?
Change Component Designator: Old Designator=DD29 New Designator=DD?
Change Component Designator: Old Designator=DD29 New Designator=DD?
Change Component Designator: Old Designator=DD29 New Designator=DD?
Change Component Designator: Old Designator=DD30 New Designator=DD?
Change Component Designator: Old Designator=DD31 New Designator=DD?
Change Component Designator: Old Designator=R98 New Designator=R?
Change Component Designator: Old Designator=R99 New Designator=R?
Change Component Designator: Old Designator=R100 New Designator=R?
Change Component Designator: Old Designator=R101 New Designator=R?
Change Component Designator: Old Designator=R102 New Designator=R?
Change Component Designator: Old Designator=R103 New Designator=R?
Change Component Designator: Old Designator=R104 New Designator=R?
Change Component Designator: Old Designator=R105 New Designator=R?
Change Component Designator: Old Designator=R106 New Designator=R?
Change Component Designator: Old Designator=R107 New Designator=R?
Change Component Designator: Old Designator=R108 New Designator=R?
Change Component Designator: Old Designator=VT1 New Designator=VT?
Change Component Designator: Old Designator=VT2 New Designator=VT?
Change Component Designator: Old Designator=VT4 New Designator=VT?
Change Component Designator: Old Designator=X19 New Designator=X?
Change Component Designator: Old Designator=X20 New Designator=X?
Change Component Designator: Old Designator=X21 New Designator=X?
