Change Component Designator: Old Designator=C147 New Designator=C?
Change Component Designator: Old Designator=C148 New Designator=C?
Change Component Designator: Old Designator=C149 New Designator=C?
Change Component Designator: Old Designator=C150 New Designator=C?
Change Component Designator: Old Designator=C151 New Designator=C?
Change Component Designator: Old Designator=C152 New Designator=C?
Change Component Designator: Old Designator=C153 New Designator=C?
Change Component Designator: Old Designator=C154 New Designator=C?
Change Component Designator: Old Designator=C155 New Designator=C?
Change Component Designator: Old Designator=C156 New Designator=C?
Change Component Designator: Old Designator=C157 New Designator=C?
Change Component Designator: Old Designator=C158 New Designator=C?
Change Component Designator: Old Designator=C159 New Designator=C?
Change Component Designator: Old Designator=C160 New Designator=C?
Change Component Designator: Old Designator=C161 New Designator=C?
Change Component Designator: Old Designator=C162 New Designator=C?
Change Component Designator: Old Designator=DD19 New Designator=DD?
Change Component Designator: Old Designator=DD19 New Designator=DD?
Change Component Designator: Old Designator=DD19 New Designator=DD?
Change Component Designator: Old Designator=DD19 New Designator=DD?
Change Component Designator: Old Designator=DD19 New Designator=DD?
Change Component Designator: Old Designator=DD19 New Designator=DD?
Change Component Designator: Old Designator=DD19 New Designator=DD?
Change Component Designator: Old Designator=DD31 New Designator=DD?
Change Component Designator: Old Designator=DD33 New Designator=DD?
Change Component Designator: Old Designator=R134 New Designator=R?
Change Component Designator: Old Designator=R135 New Designator=R?
Change Component Designator: Old Designator=R136 New Designator=R?
Change Component Designator: Old Designator=R137 New Designator=R?
Change Component Designator: Old Designator=R138 New Designator=R?
Change Component Designator: Old Designator=R139 New Designator=R?
Change Component Designator: Old Designator=R140 New Designator=R?
Change Component Designator: Old Designator=R141 New Designator=R?
Change Component Designator: Old Designator=R142 New Designator=R?
Change Component Designator: Old Designator=R143 New Designator=R?
Change Component Designator: Old Designator=R144 New Designator=R?
Change Component Designator: Old Designator=VT1 New Designator=VT?
Change Component Designator: Old Designator=VT2 New Designator=VT?
Change Component Designator: Old Designator=VT4 New Designator=VT?
Change Component Designator: Old Designator=X19 New Designator=X?
Change Component Designator: Old Designator=X20 New Designator=X?
Change Component Designator: Old Designator=X21 New Designator=X?
