Change Component Designator: Old Designator=C148 New Designator=C?
Change Component Designator: Old Designator=C149 New Designator=C?
Change Component Designator: Old Designator=C150 New Designator=C?
Change Component Designator: Old Designator=C151 New Designator=C?
Change Component Designator: Old Designator=C152 New Designator=C?
Change Component Designator: Old Designator=C153 New Designator=C?
Change Component Designator: Old Designator=C154 New Designator=C?
Change Component Designator: Old Designator=C155 New Designator=C?
Change Component Designator: Old Designator=C156 New Designator=C?
Change Component Designator: Old Designator=C157 New Designator=C?
Change Component Designator: Old Designator=C158 New Designator=C?
Change Component Designator: Old Designator=C159 New Designator=C?
Change Component Designator: Old Designator=C160 New Designator=C?
Change Component Designator: Old Designator=C161 New Designator=C?
Change Component Designator: Old Designator=C162 New Designator=C?
Change Component Designator: Old Designator=C163 New Designator=C?
Change Component Designator: Old Designator=DD30 New Designator=DD?
Change Component Designator: Old Designator=DD30 New Designator=DD?
Change Component Designator: Old Designator=DD30 New Designator=DD?
Change Component Designator: Old Designator=DD30 New Designator=DD?
Change Component Designator: Old Designator=DD30 New Designator=DD?
Change Component Designator: Old Designator=DD30 New Designator=DD?
Change Component Designator: Old Designator=DD30 New Designator=DD?
Change Component Designator: Old Designator=DD31 New Designator=DD?
Change Component Designator: Old Designator=DD32 New Designator=DD?
Change Component Designator: Old Designator=R151 New Designator=R?
Change Component Designator: Old Designator=R152 New Designator=R?
Change Component Designator: Old Designator=R153 New Designator=R?
Change Component Designator: Old Designator=R154 New Designator=R?
Change Component Designator: Old Designator=R155 New Designator=R?
Change Component Designator: Old Designator=R156 New Designator=R?
Change Component Designator: Old Designator=R157 New Designator=R?
Change Component Designator: Old Designator=R158 New Designator=R?
Change Component Designator: Old Designator=R159 New Designator=R?
Change Component Designator: Old Designator=R160 New Designator=R?
Change Component Designator: Old Designator=R161 New Designator=R?
Change Component Designator: Old Designator=VT1 New Designator=VT?
Change Component Designator: Old Designator=VT2 New Designator=VT?
Change Component Designator: Old Designator=VT4 New Designator=VT?
Change Component Designator: Old Designator=X19 New Designator=X?
Change Component Designator: Old Designator=X20 New Designator=X?
Change Component Designator: Old Designator=X21 New Designator=X?
