Change Component Designator: Old Designator=C? New Designator=C164
Change Component Designator: Old Designator=C? New Designator=C165
Change Component Designator: Old Designator=C? New Designator=C166
Change Component Designator: Old Designator=C? New Designator=C167
Change Component Designator: Old Designator=C? New Designator=C168
Change Component Designator: Old Designator=C? New Designator=C169
Change Component Designator: Old Designator=C? New Designator=C170
Change Component Designator: Old Designator=C? New Designator=C171
Change Component Designator: Old Designator=C? New Designator=C172
Change Component Designator: Old Designator=C? New Designator=C173
Change Component Designator: Old Designator=C? New Designator=C174
Change Component Designator: Old Designator=C? New Designator=C175
Change Component Designator: Old Designator=DD? New Designator=DD33
Change Component Designator: Old Designator=L? New Designator=L1
Change Component Designator: Old Designator=L? New Designator=L11
Change Component Designator: Old Designator=L? New Designator=L12
Change Component Designator: Old Designator=L? New Designator=L13
Change Component Designator: Old Designator=L? New Designator=L14
Change Component Designator: Old Designator=L? New Designator=L15
Change Component Designator: Old Designator=L? New Designator=L16
Change Component Designator: Old Designator=R? New Designator=R162
Change Component Designator: Old Designator=R? New Designator=R163
Change Component Designator: Old Designator=R? New Designator=R164
Change Component Designator: Old Designator=R? New Designator=R165
Change Component Designator: Old Designator=R? New Designator=R166
Change Component Designator: Old Designator=R? New Designator=R167
Change Component Designator: Old Designator=R? New Designator=R168
Change Component Designator: Old Designator=R? New Designator=R169
Change Component Designator: Old Designator=R? New Designator=R170
Change Component Designator: Old Designator=R? New Designator=R171
Change Component Designator: Old Designator=X? New Designator=X22
Change Component Designator: Old Designator=X? New Designator=X23
