Change Component Designator: Old Designator=C163 New Designator=C?
Change Component Designator: Old Designator=C164 New Designator=C?
Change Component Designator: Old Designator=C165 New Designator=C?
Change Component Designator: Old Designator=C166 New Designator=C?
Change Component Designator: Old Designator=C167 New Designator=C?
Change Component Designator: Old Designator=C168 New Designator=C?
Change Component Designator: Old Designator=C169 New Designator=C?
Change Component Designator: Old Designator=C170 New Designator=C?
Change Component Designator: Old Designator=C171 New Designator=C?
Change Component Designator: Old Designator=C172 New Designator=C?
Change Component Designator: Old Designator=C173 New Designator=C?
Change Component Designator: Old Designator=C174 New Designator=C?
Change Component Designator: Old Designator=DD34 New Designator=DD?
Change Component Designator: Old Designator=L1 New Designator=L?
Change Component Designator: Old Designator=L11 New Designator=L?
Change Component Designator: Old Designator=L12 New Designator=L?
Change Component Designator: Old Designator=L13 New Designator=L?
Change Component Designator: Old Designator=L14 New Designator=L?
Change Component Designator: Old Designator=L15 New Designator=L?
Change Component Designator: Old Designator=L16 New Designator=L?
Change Component Designator: Old Designator=R145 New Designator=R?
Change Component Designator: Old Designator=R146 New Designator=R?
Change Component Designator: Old Designator=R147 New Designator=R?
Change Component Designator: Old Designator=R148 New Designator=R?
Change Component Designator: Old Designator=R149 New Designator=R?
Change Component Designator: Old Designator=R150 New Designator=R?
Change Component Designator: Old Designator=R151 New Designator=R?
Change Component Designator: Old Designator=R152 New Designator=R?
Change Component Designator: Old Designator=R153 New Designator=R?
Change Component Designator: Old Designator=R154 New Designator=R?
Change Component Designator: Old Designator=X22 New Designator=X?
Change Component Designator: Old Designator=X23 New Designator=X?
