Change Component Designator: Old Designator=C166 New Designator=C?
Change Component Designator: Old Designator=C167 New Designator=C?
Change Component Designator: Old Designator=C168 New Designator=C?
Change Component Designator: Old Designator=C169 New Designator=C?
Change Component Designator: Old Designator=C170 New Designator=C?
Change Component Designator: Old Designator=C171 New Designator=C?
Change Component Designator: Old Designator=C172 New Designator=C?
Change Component Designator: Old Designator=C173 New Designator=C?
Change Component Designator: Old Designator=C174 New Designator=C?
Change Component Designator: Old Designator=C175 New Designator=C?
Change Component Designator: Old Designator=C176 New Designator=C?
Change Component Designator: Old Designator=C177 New Designator=C?
Change Component Designator: Old Designator=DD32 New Designator=DD?
Change Component Designator: Old Designator=L1 New Designator=L?
Change Component Designator: Old Designator=L12 New Designator=L?
Change Component Designator: Old Designator=L13 New Designator=L?
Change Component Designator: Old Designator=L14 New Designator=L?
Change Component Designator: Old Designator=L15 New Designator=L?
Change Component Designator: Old Designator=L16 New Designator=L?
Change Component Designator: Old Designator=L17 New Designator=L?
Change Component Designator: Old Designator=R109 New Designator=R?
Change Component Designator: Old Designator=R110 New Designator=R?
Change Component Designator: Old Designator=R111 New Designator=R?
Change Component Designator: Old Designator=R112 New Designator=R?
Change Component Designator: Old Designator=R113 New Designator=R?
Change Component Designator: Old Designator=R114 New Designator=R?
Change Component Designator: Old Designator=R115 New Designator=R?
Change Component Designator: Old Designator=R116 New Designator=R?
Change Component Designator: Old Designator=R117 New Designator=R?
Change Component Designator: Old Designator=R118 New Designator=R?
Change Component Designator: Old Designator=X22 New Designator=X?
Change Component Designator: Old Designator=X23 New Designator=X?
