Change Component Designator: Old Designator=B? New Designator=B1
Change Component Designator: Old Designator=C? New Designator=C178
Change Component Designator: Old Designator=C? New Designator=C179
Change Component Designator: Old Designator=C? New Designator=C180
Change Component Designator: Old Designator=C? New Designator=C181
Change Component Designator: Old Designator=C? New Designator=C182
Change Component Designator: Old Designator=C? New Designator=C183
Change Component Designator: Old Designator=R? New Designator=R119
Change Component Designator: Old Designator=R? New Designator=R120
Change Component Designator: Old Designator=R? New Designator=R121
Change Component Designator: Old Designator=R? New Designator=R122
Change Component Designator: Old Designator=R? New Designator=R123
Change Component Designator: Old Designator=R? New Designator=R124
Change Component Designator: Old Designator=R? New Designator=R125
Change Component Designator: Old Designator=R? New Designator=R126
Change Component Designator: Old Designator=R? New Designator=R127
Change Component Designator: Old Designator=VD? New Designator=VD1
Change Component Designator: Old Designator=VD? New Designator=VD2
Change Component Designator: Old Designator=VT? New Designator=VT5
Change Component Designator: Old Designator=VT? New Designator=VT14
Change Component Designator: Old Designator=VT? New Designator=VT15
Change Component Designator: Old Designator=X? New Designator=X24
