Change Component Designator: Old Designator=B1 New Designator=B?
Change Component Designator: Old Designator=C175 New Designator=C?
Change Component Designator: Old Designator=C176 New Designator=C?
Change Component Designator: Old Designator=C177 New Designator=C?
Change Component Designator: Old Designator=C178 New Designator=C?
Change Component Designator: Old Designator=C179 New Designator=C?
Change Component Designator: Old Designator=C180 New Designator=C?
Change Component Designator: Old Designator=R155 New Designator=R?
Change Component Designator: Old Designator=R156 New Designator=R?
Change Component Designator: Old Designator=R157 New Designator=R?
Change Component Designator: Old Designator=R158 New Designator=R?
Change Component Designator: Old Designator=R159 New Designator=R?
Change Component Designator: Old Designator=R160 New Designator=R?
Change Component Designator: Old Designator=R161 New Designator=R?
Change Component Designator: Old Designator=R162 New Designator=R?
Change Component Designator: Old Designator=R163 New Designator=R?
Change Component Designator: Old Designator=R164 New Designator=R?
Change Component Designator: Old Designator=R165 New Designator=R?
Change Component Designator: Old Designator=R166 New Designator=R?
Change Component Designator: Old Designator=R167 New Designator=R?
Change Component Designator: Old Designator=R168 New Designator=R?
Change Component Designator: Old Designator=VD1 New Designator=VD?
Change Component Designator: Old Designator=VD2 New Designator=VD?
Change Component Designator: Old Designator=VT5 New Designator=VT?
Change Component Designator: Old Designator=VT14 New Designator=VT?
Change Component Designator: Old Designator=VT15 New Designator=VT?
Change Component Designator: Old Designator=X24 New Designator=X?
