Removed Pin From Net: NetName=RX_INT Pin=DD9-4
Removed Pin From Net: NetName=TX_INT Pin=R30-1
Removed Pin From Net: NetName=NetC49_2 Pin=R30-2
Removed Pin From Net: NetName=RX_INT Pin=R31-1
Removed Pin From Net: NetName=TX_INT Pin=R37-1
Added Pin To Net: NetName=NetC49_2 Pin=C62-2
Added Pin To Net: NetName=NetC49_2 Pin=DD11-1
Added Pin To Net: NetName=NetC49_2 Pin=DD11-2
Added Pin To Net: NetName=RX_INT Pin=R30-2
Added Pin To Net: NetName=NetC49_2 Pin=R37-1
Added Pin To Net: NetName=TX_INT Pin=R37-2
Added Pin To Net: NetName=NetDD9_4 Pin=DD9-4
Added Pin To Net: NetName=NetDD9_4 Pin=R30-1
Added Pin To Net: NetName=NetDD9_4 Pin=R31-1
Added Net: Name=NetDD9_4
Added Room: Name=02_MCU
Added Room: Name=03_PowerSupply
Added Room: Name=04_Debugging
Added Room: Name=05_FOC_RS_Interface
Added Room: Name=06_PowerRele_OnOff
Added Room: Name=07_EEPR_DISCHAR
Added Room: Name=08_Parallel_operation
Added Room: Name=09_MeasInUI
Added Room: Name=10_MeasOutUI
Added Room: Name=11_Fun
Added Room: Name=12_TempSensors
Added Room: Name=13_AdditionalFunction
