Removed Pin From Net: NetName=GND_C Pin=DD12-7
Removed Pin From Net: NetName=NetDD12_8 Pin=DD12-8
Removed Pin From Net: NetName=EXT_OFF_1 Pin=DD12-9
Removed Pin From Net: NetName=GND_C Pin=DD12-11
Removed Pin From Net: NetName=GND_C Pin=DD12-13
Removed Pin From Net: NetName=+3V3 Pin=DD12-14
Removed Pin From Net: NetName=NetDD12_8 Pin=DD13-10
Removed Pin From Net: NetName=GND_C Pin=DD14-9
Removed Pin From Net: NetName=GND_C Pin=DD14-10
Removed Pin From Net: NetName=GND_C Pin=DD14-12
Removed Pin From Net: NetName=GND_C Pin=DD14-13
Removed Pin From Net: NetName=NetC152_1 Pin=DD29-1
Removed Pin From Net: NetName=NetC156_1 Pin=DD29-9
Removed Pin From Net: NetName=GND_C Pin=DD29-11
Removed Pin From Net: NetName=GND_C Pin=DD29-13
Removed Pin From Net: NetName=NetDD12_8 Pin=R40-1
Removed Member From Class: ClassName=06_PowerRele_OnOff Member=C74
Removed Member From Class: ClassName=04_Debugging Member=C90
Removed Member From Class: ClassName=06_PowerRele_OnOff Member=DD19
Removed Member From Class: ClassName=08_Parallel_operation Member=DD34
Removed Member From Class: ClassName=04_Debugging Member=R91
Removed Member From Class: ClassName=04_Debugging Member=R128
Removed Member From Class: ClassName=04_Debugging Member=R129
Removed Member From Class: ClassName=04_Debugging Member=R130
Removed Member From Class: ClassName=06_PowerRele_OnOff Member=R131
Removed Member From Class: ClassName=06_PowerRele_OnOff Member=R132
Removed Member From Class: ClassName=06_PowerRele_OnOff Member=R133
Removed Member From Class: ClassName=06_PowerRele_OnOff Member=R134
Removed Member From Class: ClassName=08_Parallel_operation Member=R136
Removed Member From Class: ClassName=08_Parallel_operation Member=R168
Change Component Footprint: Designator=X10 Old Footprint=35362-0350 New Footprint=35362-0550
Change Component Comment : Designator=X10 Old Comment=Sherlock 3 New Comment=Sherlock 5
Change Component Designator: OldDesignator=BQ1 NewDesignator=BQ2
Change Component Designator: OldDesignator=C38 NewDesignator=C39
Change Component Designator: OldDesignator=C39 NewDesignator=C40
Change Component Designator: OldDesignator=C40 NewDesignator=C41
Change Component Designator: OldDesignator=C41 NewDesignator=C42
Change Component Designator: OldDesignator=C42 NewDesignator=C43
Change Component Designator: OldDesignator=C43 NewDesignator=C44
Change Component Designator: OldDesignator=C44 NewDesignator=C45
Change Component Designator: OldDesignator=C45 NewDesignator=C46
Change Component Designator: OldDesignator=C46 NewDesignator=C47
Change Component Designator: OldDesignator=C47 NewDesignator=C48
Change Component Designator: OldDesignator=C48 NewDesignator=C49
Change Component Designator: OldDesignator=C49 NewDesignator=C50
Change Component Designator: OldDesignator=C50 NewDesignator=C51
Change Component Designator: OldDesignator=C51 NewDesignator=C52
Change Component Designator: OldDesignator=C52 NewDesignator=C53
Change Component Designator: OldDesignator=C53 NewDesignator=C54
Change Component Designator: OldDesignator=C54 NewDesignator=C55
Change Component Designator: OldDesignator=C55 NewDesignator=C56
Change Component Designator: OldDesignator=C56 NewDesignator=C57
Change Component Designator: OldDesignator=C57 NewDesignator=C58
Change Component Designator: OldDesignator=C58 NewDesignator=C59
Change Component Designator: OldDesignator=C59 NewDesignator=C60
Change Component Designator: OldDesignator=C60 NewDesignator=C61
Change Component Designator: OldDesignator=C61 NewDesignator=C62
Change Component Designator: OldDesignator=C62 NewDesignator=C63
Change Component Designator: OldDesignator=C63 NewDesignator=C66
Change Component Designator: OldDesignator=C66 NewDesignator=C67
Change Component Designator: OldDesignator=C67 NewDesignator=C68
Change Component Designator: OldDesignator=C68 NewDesignator=C70
Change Component Designator: OldDesignator=C69 NewDesignator=C71
Change Component Designator: OldDesignator=C70 NewDesignator=C74
Change Component Designator: OldDesignator=C71 NewDesignator=C75
Change Component Designator: OldDesignator=C74 NewDesignator=C69
Change Component Designator: OldDesignator=C75 NewDesignator=C76
Change Component Designator: OldDesignator=C76 NewDesignator=C77
Change Component Designator: OldDesignator=C77 NewDesignator=C78
Change Component Designator: OldDesignator=C78 NewDesignator=C79
Change Component Designator: OldDesignator=C79 NewDesignator=C80
Change Component Designator: OldDesignator=C80 NewDesignator=C81
Change Component Designator: OldDesignator=C81 NewDesignator=C82
Change Component Designator: OldDesignator=C82 NewDesignator=C83
Change Component Designator: OldDesignator=C83 NewDesignator=C84
Change Component Designator: OldDesignator=C84 NewDesignator=C85
Change Component Designator: OldDesignator=C85 NewDesignator=C86
Change Component Designator: OldDesignator=C86 NewDesignator=C87
Change Component Designator: OldDesignator=C87 NewDesignator=C88
Change Component Designator: OldDesignator=C88 NewDesignator=C89
Change Component Designator: OldDesignator=C89 NewDesignator=C90
Change Component Designator: OldDesignator=C90 NewDesignator=C38
Change Component Designator: OldDesignator=C99 NewDesignator=C105
Change Component Designator: OldDesignator=C100 NewDesignator=C99
Change Component Designator: OldDesignator=C101 NewDesignator=C100
Change Component Designator: OldDesignator=C102 NewDesignator=C114
Change Component Designator: OldDesignator=C103 NewDesignator=C102
Change Component Designator: OldDesignator=C104 NewDesignator=C103
Change Component Designator: OldDesignator=C105 NewDesignator=C101
Change Component Designator: OldDesignator=C106 NewDesignator=C104
Change Component Designator: OldDesignator=C107 NewDesignator=C110
Change Component Designator: OldDesignator=C110 NewDesignator=C106
Change Component Designator: OldDesignator=C111 NewDesignator=C107
Change Component Designator: OldDesignator=C112 NewDesignator=C111
Change Component Designator: OldDesignator=C113 NewDesignator=C112
Change Component Designator: OldDesignator=C114 NewDesignator=C113
Change Component Designator: OldDesignator=C118 NewDesignator=C115
Change Component Designator: OldDesignator=C119 NewDesignator=C116
Change Component Designator: OldDesignator=C120 NewDesignator=C117
Change Component Designator: OldDesignator=C121 NewDesignator=C118
Change Component Designator: OldDesignator=C122 NewDesignator=C119
Change Component Designator: OldDesignator=C123 NewDesignator=C120
Change Component Designator: OldDesignator=C124 NewDesignator=C121
Change Component Designator: OldDesignator=C125 NewDesignator=C122
Change Component Designator: OldDesignator=C126 NewDesignator=C123
Change Component Designator: OldDesignator=C127 NewDesignator=C124
Change Component Designator: OldDesignator=C128 NewDesignator=C125
Change Component Designator: OldDesignator=C129 NewDesignator=C126
Change Component Designator: OldDesignator=C130 NewDesignator=C127
Change Component Designator: OldDesignator=C131 NewDesignator=C128
Change Component Designator: OldDesignator=C132 NewDesignator=C129
Change Component Designator: OldDesignator=C137 NewDesignator=C130
Change Component Designator: OldDesignator=C138 NewDesignator=C131
Change Component Designator: OldDesignator=C139 NewDesignator=C132
Change Component Designator: OldDesignator=C140 NewDesignator=C137
Change Component Designator: OldDesignator=C141 NewDesignator=C138
Change Component Designator: OldDesignator=C142 NewDesignator=C139
Change Component Designator: OldDesignator=C143 NewDesignator=C140
Change Component Designator: OldDesignator=C144 NewDesignator=C141
Change Component Designator: OldDesignator=C145 NewDesignator=C142
Change Component Designator: OldDesignator=C146 NewDesignator=C143
Change Component Designator: OldDesignator=C147 NewDesignator=C144
Change Component Designator: OldDesignator=C148 NewDesignator=C145
Change Component Designator: OldDesignator=C149 NewDesignator=C146
Change Component Designator: OldDesignator=C150 NewDesignator=C147
Change Component Designator: OldDesignator=C151 NewDesignator=C148
Change Component Designator: OldDesignator=C152 NewDesignator=C149
Change Component Designator: OldDesignator=C153 NewDesignator=C150
Change Component Designator: OldDesignator=C154 NewDesignator=C151
Change Component Designator: OldDesignator=C155 NewDesignator=C152
Change Component Designator: OldDesignator=C156 NewDesignator=C153
Change Component Designator: OldDesignator=C157 NewDesignator=C154
Change Component Designator: OldDesignator=C158 NewDesignator=C155
Change Component Designator: OldDesignator=C159 NewDesignator=C156
Change Component Designator: OldDesignator=C160 NewDesignator=C157
Change Component Designator: OldDesignator=C161 NewDesignator=C158
Change Component Designator: OldDesignator=C162 NewDesignator=C159
Change Component Designator: OldDesignator=C163 NewDesignator=C160
Change Component Designator: OldDesignator=C164 NewDesignator=C161
Change Component Designator: OldDesignator=C165 NewDesignator=C162
Change Component Designator: OldDesignator=C166 NewDesignator=C163
Change Component Designator: OldDesignator=C167 NewDesignator=C164
Change Component Designator: OldDesignator=C168 NewDesignator=C165
Change Component Designator: OldDesignator=C169 NewDesignator=C166
Change Component Designator: OldDesignator=C170 NewDesignator=C167
Change Component Designator: OldDesignator=C171 NewDesignator=C168
Change Component Designator: OldDesignator=C172 NewDesignator=C169
Change Component Designator: OldDesignator=C173 NewDesignator=C170
Change Component Designator: OldDesignator=C174 NewDesignator=C171
Change Component Designator: OldDesignator=C175 NewDesignator=C172
Change Component Designator: OldDesignator=C176 NewDesignator=C173
Change Component Designator: OldDesignator=C177 NewDesignator=C174
Change Component Designator: OldDesignator=C178 NewDesignator=C175
Change Component Designator: OldDesignator=C179 NewDesignator=C176
Change Component Designator: OldDesignator=C180 NewDesignator=C177
Change Component Designator: OldDesignator=C181 NewDesignator=C178
Change Component Designator: OldDesignator=C182 NewDesignator=C179
Change Component Designator: OldDesignator=C183 NewDesignator=C180
Change Component Designator: OldDesignator=DD14 NewDesignator=DD12
Change Component Designator: OldDesignator=DD15 NewDesignator=DD14
Change Component Designator: OldDesignator=DD16 NewDesignator=DD15
Change Component Designator: OldDesignator=DD17 NewDesignator=DD16
Change Component Designator: OldDesignator=DD18 NewDesignator=DD17
Change Component Designator: OldDesignator=DD19 NewDesignator=DD18
Change Component Designator: OldDesignator=DD21 NewDesignator=DD22
Change Component Designator: OldDesignator=DD22 NewDesignator=DD23
Change Component Designator: OldDesignator=DD23 NewDesignator=DD26
Change Component Designator: OldDesignator=DD25 NewDesignator=DD27
Change Component Designator: OldDesignator=DD26 NewDesignator=DD28
Change Component Designator: OldDesignator=DD27 NewDesignator=DD29
Change Component Designator: OldDesignator=DD28 NewDesignator=DD30
Change Component Designator: OldDesignator=DD29 NewDesignator=DD32
Change Component Designator: OldDesignator=DD30 NewDesignator=DD31
Change Component Designator: OldDesignator=DD31 NewDesignator=DD33
Change Component Designator: OldDesignator=DD32 NewDesignator=DD34
Change Component Designator: OldDesignator=DD33 NewDesignator=DD25
Change Component Designator: OldDesignator=DD34 NewDesignator=DD21
Change Component Designator: OldDesignator=K6 NewDesignator=K7
Change Component Designator: OldDesignator=K7 NewDesignator=K10
Change Component Designator: OldDesignator=K9 NewDesignator=K11
Change Component Designator: OldDesignator=K10 NewDesignator=K12
Change Component Designator: OldDesignator=K11 NewDesignator=K9
Change Component Designator: OldDesignator=L12 NewDesignator=L11
Change Component Designator: OldDesignator=L13 NewDesignator=L12
Change Component Designator: OldDesignator=L14 NewDesignator=L13
Change Component Designator: OldDesignator=L15 NewDesignator=L14
Change Component Designator: OldDesignator=L16 NewDesignator=L15
Change Component Designator: OldDesignator=L17 NewDesignator=L16
Change Component Designator: OldDesignator=R18 NewDesignator=R21
Change Component Designator: OldDesignator=R19 NewDesignator=R23
Change Component Designator: OldDesignator=R20 NewDesignator=R24
Change Component Designator: OldDesignator=R21 NewDesignator=R25
Change Component Designator: OldDesignator=R22 NewDesignator=R26
Change Component Designator: OldDesignator=R23 NewDesignator=R27
Change Component Designator: OldDesignator=R24 NewDesignator=R28
Change Component Designator: OldDesignator=R25 NewDesignator=R30
Change Component Designator: OldDesignator=R26 NewDesignator=R31
Change Component Designator: OldDesignator=R27 NewDesignator=R32
Change Component Designator: OldDesignator=R28 NewDesignator=R33
Change Component Designator: OldDesignator=R29 NewDesignator=R34
Change Component Designator: OldDesignator=R30 NewDesignator=R36
Change Component Designator: OldDesignator=R31 NewDesignator=R35
Change Component Designator: OldDesignator=R32 NewDesignator=R37
Change Component Designator: OldDesignator=R33 NewDesignator=R38
Change Component Designator: OldDesignator=R34 NewDesignator=R40
Change Component Designator: OldDesignator=R35 NewDesignator=R41
Change Component Designator: OldDesignator=R36 NewDesignator=R42
Change Component Designator: OldDesignator=R37 NewDesignator=R39
Change Component Designator: OldDesignator=R38 NewDesignator=R43
Change Component Designator: OldDesignator=R39 NewDesignator=R44
Change Component Designator: OldDesignator=R40 NewDesignator=R49
Change Component Designator: OldDesignator=R41 NewDesignator=R50
Change Component Designator: OldDesignator=R42 NewDesignator=R51
Change Component Designator: OldDesignator=R43 NewDesignator=R52
Change Component Designator: OldDesignator=R44 NewDesignator=R53
Change Component Designator: OldDesignator=R45 NewDesignator=R54
Change Component Designator: OldDesignator=R46 NewDesignator=R55
Change Component Designator: OldDesignator=R47 NewDesignator=R56
Change Component Designator: OldDesignator=R48 NewDesignator=R57
Change Component Designator: OldDesignator=R49 NewDesignator=R58
Change Component Designator: OldDesignator=R50 NewDesignator=R59
Change Component Designator: OldDesignator=R51 NewDesignator=R60
Change Component Designator: OldDesignator=R52 NewDesignator=R61
Change Component Designator: OldDesignator=R53 NewDesignator=R62
Change Component Designator: OldDesignator=R54 NewDesignator=R63
Change Component Designator: OldDesignator=R55 NewDesignator=R64
Change Component Designator: OldDesignator=R56 NewDesignator=R65
Change Component Designator: OldDesignator=R57 NewDesignator=R66
Change Component Designator: OldDesignator=R58 NewDesignator=R67
Change Component Designator: OldDesignator=R59 NewDesignator=R68
Change Component Designator: OldDesignator=R60 NewDesignator=R69
Change Component Designator: OldDesignator=R61 NewDesignator=R70
Change Component Designator: OldDesignator=R62 NewDesignator=R71
Change Component Designator: OldDesignator=R63 NewDesignator=R72
Change Component Designator: OldDesignator=R64 NewDesignator=R73
Change Component Designator: OldDesignator=R65 NewDesignator=R74
Change Component Designator: OldDesignator=R66 NewDesignator=R75
Change Component Designator: OldDesignator=R67 NewDesignator=R76
Change Component Designator: OldDesignator=R68 NewDesignator=R77
Change Component Designator: OldDesignator=R69 NewDesignator=R78
Change Component Designator: OldDesignator=R70 NewDesignator=R79
Change Component Designator: OldDesignator=R71 NewDesignator=R80
Change Component Designator: OldDesignator=R72 NewDesignator=R81
Change Component Designator: OldDesignator=R73 NewDesignator=R88
Change Component Designator: OldDesignator=R74 NewDesignator=R101
Change Component Designator: OldDesignator=R75 NewDesignator=R99
Change Component Designator: OldDesignator=R76 NewDesignator=R110
Change Component Designator: OldDesignator=R77 NewDesignator=R98
Change Component Designator: OldDesignator=R78 NewDesignator=R107
Change Component Designator: OldDesignator=R79 NewDesignator=R82
Change Component Designator: OldDesignator=R80 NewDesignator=R87
Change Component Designator: OldDesignator=R81 NewDesignator=R89
Change Component Designator: OldDesignator=R82 NewDesignator=R92
Change Component Designator: OldDesignator=R83 NewDesignator=R106
Change Component Designator: OldDesignator=R84 NewDesignator=R85
Change Component Designator: OldDesignator=R85 NewDesignator=R111
Change Component Designator: OldDesignator=R86 NewDesignator=R112
Change Component Designator: OldDesignator=R87 NewDesignator=R113
Change Component Designator: OldDesignator=R88 NewDesignator=R114
Change Component Designator: OldDesignator=R89 NewDesignator=R115
Change Component Designator: OldDesignator=R90 NewDesignator=R116
Change Component Designator: OldDesignator=R91 NewDesignator=R18
Change Component Designator: OldDesignator=R92 NewDesignator=R128
Change Component Designator: OldDesignator=R93 NewDesignator=R129
Change Component Designator: OldDesignator=R94 NewDesignator=R130
Change Component Designator: OldDesignator=R95 NewDesignator=R131
Change Component Designator: OldDesignator=R96 NewDesignator=R132
Change Component Designator: OldDesignator=R97 NewDesignator=R133
Change Component Designator: OldDesignator=R98 NewDesignator=R134
Change Component Designator: OldDesignator=R99 NewDesignator=R135
Change Component Designator: OldDesignator=R100 NewDesignator=R136
Change Component Designator: OldDesignator=R101 NewDesignator=R137
Change Component Designator: OldDesignator=R102 NewDesignator=R138
Change Component Designator: OldDesignator=R103 NewDesignator=R139
Change Component Designator: OldDesignator=R104 NewDesignator=R140
Change Component Designator: OldDesignator=R105 NewDesignator=R141
Change Component Designator: OldDesignator=R106 NewDesignator=R142
Change Component Designator: OldDesignator=R107 NewDesignator=R143
Change Component Designator: OldDesignator=R108 NewDesignator=R144
Change Component Designator: OldDesignator=R109 NewDesignator=R145
Change Component Designator: OldDesignator=R110 NewDesignator=R146
Change Component Designator: OldDesignator=R111 NewDesignator=R147
Change Component Designator: OldDesignator=R112 NewDesignator=R148
Change Component Designator: OldDesignator=R113 NewDesignator=R149
Change Component Designator: OldDesignator=R114 NewDesignator=R150
Change Component Designator: OldDesignator=R115 NewDesignator=R151
Change Component Designator: OldDesignator=R116 NewDesignator=R152
Change Component Designator: OldDesignator=R117 NewDesignator=R153
Change Component Designator: OldDesignator=R118 NewDesignator=R154
Change Component Designator: OldDesignator=R119 NewDesignator=R155
Change Component Designator: OldDesignator=R120 NewDesignator=R158
Change Component Designator: OldDesignator=R121 NewDesignator=R160
Change Component Designator: OldDesignator=R122 NewDesignator=R162
Change Component Designator: OldDesignator=R123 NewDesignator=R163
Change Component Designator: OldDesignator=R124 NewDesignator=R164
Change Component Designator: OldDesignator=R125 NewDesignator=R165
Change Component Designator: OldDesignator=R126 NewDesignator=R166
Change Component Designator: OldDesignator=R127 NewDesignator=R168
Change Component Designator: OldDesignator=R128 NewDesignator=R19
Change Component Designator: OldDesignator=R129 NewDesignator=R20
Change Component Designator: OldDesignator=R130 NewDesignator=R22
Change Component Designator: OldDesignator=R131 NewDesignator=R45
Change Component Designator: OldDesignator=R132 NewDesignator=R46
Change Component Designator: OldDesignator=R133 NewDesignator=R47
Change Component Designator: OldDesignator=R134 NewDesignator=R48
Change Component Designator: OldDesignator=R135 NewDesignator=R117
Change Component Designator: OldDesignator=R136 NewDesignator=R84
Change Component Designator: OldDesignator=R137 NewDesignator=R86
Change Component Designator: OldDesignator=R138 NewDesignator=R90
Change Component Designator: OldDesignator=R139 NewDesignator=R94
Change Component Designator: OldDesignator=R140 NewDesignator=R105
Change Component Designator: OldDesignator=R141 NewDesignator=R100
Change Component Designator: OldDesignator=R142 NewDesignator=R118
Change Component Designator: OldDesignator=R143 NewDesignator=R119
Change Component Designator: OldDesignator=R144 NewDesignator=R120
Change Component Designator: OldDesignator=R145 NewDesignator=R121
Change Component Designator: OldDesignator=R146 NewDesignator=R123
Change Component Designator: OldDesignator=R147 NewDesignator=R125
Change Component Designator: OldDesignator=R148 NewDesignator=R127
Change Component Designator: OldDesignator=R149 NewDesignator=R122
Change Component Designator: OldDesignator=R150 NewDesignator=R124
Change Component Designator: OldDesignator=R151 NewDesignator=R126
Change Component Designator: OldDesignator=R152 NewDesignator=R93
Change Component Designator: OldDesignator=R153 NewDesignator=R96
Change Component Designator: OldDesignator=R154 NewDesignator=R95
Change Component Designator: OldDesignator=R155 NewDesignator=R97
Change Component Designator: OldDesignator=R156 NewDesignator=R157
Change Component Designator: OldDesignator=R157 NewDesignator=R156
Change Component Designator: OldDesignator=R158 NewDesignator=R159
Change Component Designator: OldDesignator=R159 NewDesignator=R161
Change Component Designator: OldDesignator=R160 NewDesignator=R167
Change Component Designator: OldDesignator=R161 NewDesignator=R29
Change Component Designator: OldDesignator=R162 NewDesignator=R91
Change Component Designator: OldDesignator=R163 NewDesignator=R102
Change Component Designator: OldDesignator=R164 NewDesignator=R103
Change Component Designator: OldDesignator=R165 NewDesignator=R104
Change Component Designator: OldDesignator=R166 NewDesignator=R108
Change Component Designator: OldDesignator=R167 NewDesignator=R109
Change Component Designator: OldDesignator=R168 NewDesignator=R83
Change Component Designator: OldDesignator=RN11 NewDesignator=RN9
Change Component Designator: OldDesignator=VD17 NewDesignator=VD18
Change Component Designator: OldDesignator=VD18 NewDesignator=VD19
Change Component Designator: OldDesignator=VD19 NewDesignator=VD20
Change Component Designator: OldDesignator=VD20 NewDesignator=VD21
Change Component Designator: OldDesignator=VD21 NewDesignator=VD22
Change Component Designator: OldDesignator=VD22 NewDesignator=VD23
Change Component Designator: OldDesignator=VD23 NewDesignator=VD24
Change Component Designator: OldDesignator=VD24 NewDesignator=VD25
Change Component Designator: OldDesignator=VD25 NewDesignator=VD26
Change Component Designator: OldDesignator=VD26 NewDesignator=VD27
Change Component Designator: OldDesignator=VD27 NewDesignator=VD28
Change Component Designator: OldDesignator=VD28 NewDesignator=VD29
Change Component Designator: OldDesignator=VD29 NewDesignator=VD30
Change Component Designator: OldDesignator=VD30 NewDesignator=VD31
Change Component Designator: OldDesignator=VD31 NewDesignator=VD32
Change Component Designator: OldDesignator=VD32 NewDesignator=VD33
Change Component Designator: OldDesignator= X4 NewDesignator=X4
Added Component: Designator=DD19(TSSOP14)
Added Component: Designator=K6(FTR-B4GA)
Added Component: Designator=VD17(SOD80C)
Added Pin To Net: NetName=NetDD12_8 Pin=DD12-8
Added Pin To Net: NetName=NetDD12_8 Pin=DD13-1
Added Pin To Net: NetName=EXT_OFF_1 Pin=DD13-10
Added Pin To Net: NetName=NetC152_1 Pin=DD19-1
Added Pin To Net: NetName=GND_C Pin=DD19-7
Added Pin To Net: NetName=NetC156_1 Pin=DD19-9
Added Pin To Net: NetName=GND_C Pin=DD19-11
Added Pin To Net: NetName=GND_C Pin=DD19-13
Added Pin To Net: NetName=+3V3 Pin=DD19-14
Added Pin To Net: NetName=NetDD12_8 Pin=R45-1
Added Pin To Net: NetName=EXT_OFF_1 Pin=R49-1
Change Net Name : Old Net Name=LS_ALARM_SW New Net Name=NetL6_2
Change Net Name : Old Net Name=NetBQ1_1 New Net Name=NetBQ2_1
Change Net Name : Old Net Name=NetBQ1_2 New Net Name=NetBQ2_2
Change Net Name : Old Net Name=NetC39_2 New Net Name=NetC40_2
Change Net Name : Old Net Name=NetC41_2 New Net Name=NetC42_2
Change Net Name : Old Net Name=NetC42_2 New Net Name=NetC43_2
Change Net Name : Old Net Name=NetC43_1 New Net Name=NetC44_1
Change Net Name : Old Net Name=NetC44_1 New Net Name=NetC45_1
Change Net Name : Old Net Name=NetC49_2 New Net Name=NetC50_2
Change Net Name : Old Net Name=NetC52_2 New Net Name=NetC53_2
Change Net Name : Old Net Name=NetC53_1 New Net Name=NetC54_1
Change Net Name : Old Net Name=NetC54_1 New Net Name=NetC55_1
Change Net Name : Old Net Name=NetC56_1 New Net Name=NetC57_1
Change Net Name : Old Net Name=NetC56_2 New Net Name=NetC57_2
Change Net Name : Old Net Name=NetC58_2 New Net Name=NetC59_2
Change Net Name : Old Net Name=NetC59_1 New Net Name=NetC60_1
Change Net Name : Old Net Name=NetC59_2 New Net Name=NetC60_2
Change Net Name : Old Net Name=NetC60_2 New Net Name=NetC61_2
Change Net Name : Old Net Name=NetC66_2 New Net Name=NetC67_2
Change Net Name : Old Net Name=NetC67_2 New Net Name=NetC68_2
Change Net Name : Old Net Name=NetC68_2 New Net Name=NetC70_2
Change Net Name : Old Net Name=NetC75_1 New Net Name=NetC76_1
Change Net Name : Old Net Name=NetC76_1 New Net Name=NetC77_1
Change Net Name : Old Net Name=NetC77_1 New Net Name=NetC78_1
Change Net Name : Old Net Name=NetC79_1 New Net Name=NetC80_1
Change Net Name : Old Net Name=NetC80_1 New Net Name=NetC81_1
Change Net Name : Old Net Name=NetC81_1 New Net Name=NetC82_1
Change Net Name : Old Net Name=NetC81_2 New Net Name=NetC82_2
Change Net Name : Old Net Name=NetC114_2 New Net Name=NetC113_2
Change Net Name : Old Net Name=NetC122_1 New Net Name=NetC119_1
Change Net Name : Old Net Name=NetC123_1 New Net Name=NetC120_1
Change Net Name : Old Net Name=NetC124_1 New Net Name=NetC121_1
Change Net Name : Old Net Name=NetC125_1 New Net Name=NetC122_1
Change Net Name : Old Net Name=NetC129_2 New Net Name=NetC126_2
Change Net Name : Old Net Name=NetC130_2 New Net Name=NetC127_2
Change Net Name : Old Net Name=NetC131_2 New Net Name=NetC128_2
Change Net Name : Old Net Name=NetC132_2 New Net Name=NetC129_2
Change Net Name : Old Net Name=NetC142_2 New Net Name=NetC139_2
Change Net Name : Old Net Name=NetC143_2 New Net Name=NetC140_2
Change Net Name : Old Net Name=NetC148_2 New Net Name=NetC145_2
Change Net Name : Old Net Name=NetC152_1 New Net Name=NetC149_1
Change Net Name : Old Net Name=NetC156_1 New Net Name=NetC153_1
Change Net Name : Old Net Name=NetC161_1 New Net Name=NetC158_1
Change Net Name : Old Net Name=NetC166_1 New Net Name=NetC163_1
Change Net Name : Old Net Name=NetC167_1 New Net Name=NetC164_1
Change Net Name : Old Net Name=NetC168_2 New Net Name=NetC165_2
Change Net Name : Old Net Name=NetC169_2 New Net Name=NetC166_2
Change Net Name : Old Net Name=NetC170_1 New Net Name=NetC167_1
Change Net Name : Old Net Name=NetC170_2 New Net Name=NetC167_2
Change Net Name : Old Net Name=NetC173_2 New Net Name=NetC170_2
Change Net Name : Old Net Name=NetC175_1 New Net Name=NetC172_1
Change Net Name : Old Net Name=NetC175_2 New Net Name=NetC172_2
Change Net Name : Old Net Name=NetDD13_13 New Net Name=NetDD12_2
Change Net Name : Old Net Name=NetDD14_3 New Net Name=NetDD12_3
Change Net Name : Old Net Name=NetDD15_4 New Net Name=NetDD14_4
Change Net Name : Old Net Name=NetDD17_4 New Net Name=NetDD16_4
Change Net Name : Old Net Name=NetDD19_3 New Net Name=NetDD18_3
Change Net Name : Old Net Name=NetDD19_6 New Net Name=NetDD18_6
Change Net Name : Old Net Name=NetDD21_3 New Net Name=NetDD22_3
Change Net Name : Old Net Name=NetDD22_3 New Net Name=NetDD23_3
Change Net Name : Old Net Name=NetDD23_4 New Net Name=NetDD25_4
Change Net Name : Old Net Name=NetDD25_3 New Net Name=NetDD27_3
Change Net Name : Old Net Name=NetDD25_5 New Net Name=NetDD27_5
Change Net Name : Old Net Name=NetDD25_7 New Net Name=NetDD27_7
Change Net Name : Old Net Name=NetDD25_9 New Net Name=NetDD27_9
Change Net Name : Old Net Name=NetDD25_16 New Net Name=NetDD27_16
Change Net Name : Old Net Name=NetDD25_18 New Net Name=NetDD27_18
Change Net Name : Old Net Name=NetDD30_4 New Net Name=NetDD31_4
Change Net Name : Old Net Name=NetDD31_1 New Net Name=NetDD33_1
Change Net Name : Old Net Name=NetDD31_4 New Net Name=NetDD33_4
Change Net Name : Old Net Name=NetDD33_3 New Net Name=NetDD25_3
Change Net Name : Old Net Name=NetDD34_3 New Net Name=NetDD21_3
Change Net Name : Old Net Name=NetK6_1 New Net Name=NetK7_1
Change Net Name : Old Net Name=NetK6_4 New Net Name=NetK7_4
Change Net Name : Old Net Name=NetK7_3 New Net Name=NetK10_3
Change Net Name : Old Net Name=NetK7_8 New Net Name=NetK10_8
Change Net Name : Old Net Name=NetK11_8 New Net Name=NetK9_8
Change Net Name : Old Net Name=NetL12_1 New Net Name=NetL11_1
Change Net Name : Old Net Name=NetL12_2 New Net Name=NetL11_2
Change Net Name : Old Net Name=NetL15_1 New Net Name=NetL14_1
Change Net Name : Old Net Name=NetL15_2 New Net Name=NetL14_2
Change Net Name : Old Net Name=NetL16_1 New Net Name=NetL15_1
Change Net Name : Old Net Name=NetL16_2 New Net Name=NetL15_2
Change Net Name : Old Net Name=NetR19_2 New Net Name=NetR23_2
Change Net Name : Old Net Name=NetR20_2 New Net Name=NetR24_2
Change Net Name : Old Net Name=NetR23_2 New Net Name=NetR27_2
Change Net Name : Old Net Name=NetR29_1 New Net Name=NetR34_1
Change Net Name : Old Net Name=NetR31_2 New Net Name=NetR35_2
Change Net Name : Old Net Name=NetR36_1 New Net Name=NetR42_1
Change Net Name : Old Net Name=NetR38_2 New Net Name=NetR43_2
Change Net Name : Old Net Name=NetR45_1 New Net Name=NetR54_1
Change Net Name : Old Net Name=NetR47_2 New Net Name=NetR56_2
Change Net Name : Old Net Name=NetR51_2 New Net Name=NetR60_2
Change Net Name : Old Net Name=NetR54_2 New Net Name=NetR63_2
Change Net Name : Old Net Name=NetR55_1 New Net Name=NetR64_1
Change Net Name : Old Net Name=NetR55_2 New Net Name=NetR64_2
Change Net Name : Old Net Name=NetR56_1 New Net Name=NetR65_1
Change Net Name : Old Net Name=NetR56_2 New Net Name=NetR65_2
Change Net Name : Old Net Name=NetR58_2 New Net Name=NetR67_2
Change Net Name : Old Net Name=NetR61_2 New Net Name=NetR70_2
Change Net Name : Old Net Name=NetR63_2 New Net Name=NetR72_2
Change Net Name : Old Net Name=NetR64_2 New Net Name=NetR73_2
Change Net Name : Old Net Name=NetR69_1 New Net Name=NetR78_1
Change Net Name : Old Net Name=NetR71_1 New Net Name=NetR80_1
Change Net Name : Old Net Name=NetR72_1 New Net Name=NetR81_1
Change Net Name : Old Net Name=NetR106_2 New Net Name=NetR142_2
Change Net Name : Old Net Name=NetR119_1 New Net Name=NetR155_1
Change Net Name : Old Net Name=NetR120_1 New Net Name=NetR158_1
Change Net Name : Old Net Name=NetR121_1 New Net Name=NetR160_1
Change Net Name : Old Net Name=NetR122_2 New Net Name=NetR162_2
Change Net Name : Old Net Name=NetR124_2 New Net Name=NetR164_2
Change Net Name : Old Net Name=NetR125_2 New Net Name=NetR165_2
Change Net Name : Old Net Name=NetR126_1 New Net Name=NetR166_1
Change Net Name : Old Net Name=NetR156_2 New Net Name=NetR157_2
Change Net Name : Old Net Name=NetR157_2 New Net Name=NetR156_2
Change Net Name : Old Net Name=NetR158_2 New Net Name=NetR159_2
Change Net Name : Old Net Name=NetVD26_2 New Net Name=NetVD27_2
Added Pin To Net: NetName=NetDD12_9 Pin=DD12-9
Added Pin To Net: NetName=NetDD12_9 Pin=DD12-10
Added Pin To Net: NetName=NetDD12_9 Pin=R44-1
Added Pin To Net: NetName=NetDD12_9 Pin=VT6-3
Added Net: Name=NetDD12_9
Added Pin To Net: NetName=NetDD12_11 Pin=DD12-11
Added Pin To Net: NetName=NetDD12_11 Pin=DD13-2
Added Pin To Net: NetName=NetDD12_11 Pin=R46-1
Added Net: Name=NetDD12_11
Added Pin To Net: NetName=NetDD12_12 Pin=DD12-12
Added Pin To Net: NetName=NetDD12_12 Pin=DD12-13
Added Pin To Net: NetName=NetDD12_12 Pin=R57-1
Added Pin To Net: NetName=NetDD12_12 Pin=VT7-3
Added Net: Name=NetDD12_12
Added Pin To Net: NetName=NetDD13_5 Pin=DD13-5
Added Pin To Net: NetName=NetDD13_5 Pin=R47-1
Added Pin To Net: NetName=NetDD13_5 Pin=R66-1
Added Pin To Net: NetName=NetDD13_5 Pin=VT10-3
Added Net: Name=NetDD13_5
Added Pin To Net: NetName=NetDD19_2 Pin=DD19-2
Added Pin To Net: NetName=NetDD19_2 Pin=R135-1
Added Net: Name=NetDD19_2
Added Pin To Net: NetName=NetDD19_3 Pin=DD19-3
Added Pin To Net: NetName=NetDD19_3 Pin=DD19-5
Added Pin To Net: NetName=NetDD19_3 Pin=R136-1
Added Pin To Net: NetName=NetDD19_3 Pin=R137-2
Added Net: Name=NetDD19_3
Added Pin To Net: NetName=NetDD19_4 Pin=DD19-4
Added Pin To Net: NetName=NetDD19_4 Pin=VT1-1
Added Net: Name=NetDD19_4
Added Pin To Net: NetName=NetDD19_6 Pin=DD19-6
Added Pin To Net: NetName=NetDD19_6 Pin=VT2-1
Added Net: Name=NetDD19_6
Added Pin To Net: NetName=NetDD19_8 Pin=DD19-8
Added Pin To Net: NetName=NetDD19_8 Pin=R139-1
Added Net: Name=NetDD19_8
Added Pin To Net: NetName=NetK6_1 Pin=K6-1
Added Pin To Net: NetName=NetK6_1 Pin=VD17-2
Added Pin To Net: NetName=NetK6_1 Pin=X10-5
Added Net: Name=NetK6_1
Added Pin To Net: NetName=NetK6_3 Pin=K6-3
Added Pin To Net: NetName=NetK6_3 Pin=L9-3
Added Pin To Net: NetName=NetK6_3 Pin=X10-1
Added Net: Name=NetK6_3
Added Pin To Net: NetName=NetK6_4 Pin=K6-4
Added Pin To Net: NetName=NetK6_4 Pin=L9-2
Added Pin To Net: NetName=NetK6_4 Pin=X10-3
Added Net: Name=NetK6_4
Added Pin To Net: NetName=NetK6_8 Pin=K6-8
Added Pin To Net: NetName=NetK6_8 Pin=VD17-1
Added Pin To Net: NetName=NetK6_8 Pin=X10-4
Added Net: Name=NetK6_8
Added Member To Class: ClassName=04_Debugging Member=Component C48 0.1u
Added Member To Class: ClassName=06_PowerRele_OnOff Member=Component C90 0.1u
Added Member To Class: ClassName=11_Fun Member=Component DD19 74HC14PW
Added Member To Class: ClassName=08_Parallel_operation Member=Component DD26 SN74AHCT1G00DBV
Added Member To Class: ClassName=06_PowerRele_OnOff Member=Component K12 FTR-B4GA012Z
Added Member To Class: ClassName=04_Debugging Member=Component R28 10K
Added Member To Class: ClassName=04_Debugging Member=Component R30 10K
Added Member To Class: ClassName=04_Debugging Member=Component R31 10K
Added Member To Class: ClassName=04_Debugging Member=Component R32 10K
Added Member To Class: ClassName=06_PowerRele_OnOff Member=Component R65 510
Added Member To Class: ClassName=06_PowerRele_OnOff Member=Component R66 1K
Added Member To Class: ClassName=06_PowerRele_OnOff Member=Component R72 1K
Added Member To Class: ClassName=06_PowerRele_OnOff Member=Component R73 1K
Added Member To Class: ClassName=08_Parallel_operation Member=Component R85 619
Added Member To Class: ClassName=08_Parallel_operation Member=Component R106 10K
Added Member To Class: ClassName=06_PowerRele_OnOff Member=Component VD26 PMLL4148
