Removed Member From Class: ClassName=12_TempSensors Member=C182
Change Component Designator: OldDesignator=BQ2 NewDesignator=BQ1
Change Component Designator: OldDesignator=C1 NewDesignator=C125
Change Component Designator: OldDesignator=C2 NewDesignator=C1
Change Component Designator: OldDesignator=C3 NewDesignator=C2
Change Component Designator: OldDesignator=C4 NewDesignator=C3
Change Component Designator: OldDesignator=C5 NewDesignator=C4
Change Component Designator: OldDesignator=C6 NewDesignator=C5
Change Component Designator: OldDesignator=C7 NewDesignator=C6
Change Component Designator: OldDesignator=C8 NewDesignator=C7
Change Component Designator: OldDesignator=C9 NewDesignator=C8
Change Component Designator: OldDesignator=C10 NewDesignator=C9
Change Component Designator: OldDesignator=C11 NewDesignator=C10
Change Component Designator: OldDesignator=C12 NewDesignator=C11
Change Component Designator: OldDesignator=C13 NewDesignator=C12
Change Component Designator: OldDesignator=C14 NewDesignator=C13
Change Component Designator: OldDesignator=C15 NewDesignator=C14
Change Component Designator: OldDesignator=C16 NewDesignator=C15
Change Component Designator: OldDesignator=C17 NewDesignator=C16
Change Component Designator: OldDesignator=C18 NewDesignator=C17
Change Component Designator: OldDesignator=C19 NewDesignator=C18
Change Component Designator: OldDesignator=C20 NewDesignator=C19
Change Component Designator: OldDesignator=C21 NewDesignator=C20
Change Component Designator: OldDesignator=C22 NewDesignator=C21
Change Component Designator: OldDesignator=C23 NewDesignator=C22
Change Component Designator: OldDesignator=C24 NewDesignator=C23
Change Component Designator: OldDesignator=C25 NewDesignator=C24
Change Component Designator: OldDesignator=C26 NewDesignator=C25
Change Component Designator: OldDesignator=C27 NewDesignator=C26
Change Component Designator: OldDesignator=C28 NewDesignator=C27
Change Component Designator: OldDesignator=C29 NewDesignator=C28
Change Component Designator: OldDesignator=C30 NewDesignator=C29
Change Component Designator: OldDesignator=C31 NewDesignator=C30
Change Component Designator: OldDesignator=C32 NewDesignator=C31
Change Component Designator: OldDesignator=C33 NewDesignator=C166
Change Component Designator: OldDesignator=C34 NewDesignator=C32
Change Component Designator: OldDesignator=C35 NewDesignator=C33
Change Component Designator: OldDesignator=C36 NewDesignator=C34
Change Component Designator: OldDesignator=C37 NewDesignator=C35
Change Component Designator: OldDesignator=C38 NewDesignator=C36
Change Component Designator: OldDesignator=C39 NewDesignator=C37
Change Component Designator: OldDesignator=C40 NewDesignator=C38
Change Component Designator: OldDesignator=C41 NewDesignator=C39
Change Component Designator: OldDesignator=C42 NewDesignator=C40
Change Component Designator: OldDesignator=C43 NewDesignator=C41
Change Component Designator: OldDesignator=C44 NewDesignator=C42
Change Component Designator: OldDesignator=C45 NewDesignator=C43
Change Component Designator: OldDesignator=C46 NewDesignator=C44
Change Component Designator: OldDesignator=C47 NewDesignator=C45
Change Component Designator: OldDesignator=C48 NewDesignator=C46
Change Component Designator: OldDesignator=C49 NewDesignator=C47
Change Component Designator: OldDesignator=C50 NewDesignator=C48
Change Component Designator: OldDesignator=C51 NewDesignator=C49
Change Component Designator: OldDesignator=C52 NewDesignator=C50
Change Component Designator: OldDesignator=C53 NewDesignator=C51
Change Component Designator: OldDesignator=C54 NewDesignator=C52
Change Component Designator: OldDesignator=C55 NewDesignator=C53
Change Component Designator: OldDesignator=C56 NewDesignator=C54
Change Component Designator: OldDesignator=C57 NewDesignator=C55
Change Component Designator: OldDesignator=C58 NewDesignator=C56
Change Component Designator: OldDesignator=C59 NewDesignator=C57
Change Component Designator: OldDesignator=C60 NewDesignator=C58
Change Component Designator: OldDesignator=C61 NewDesignator=C59
Change Component Designator: OldDesignator=C62 NewDesignator=C60
Change Component Designator: OldDesignator=C63 NewDesignator=C61
Change Component Designator: OldDesignator=C65 NewDesignator=C62
Change Component Designator: OldDesignator=C66 NewDesignator=C63
Change Component Designator: OldDesignator=C67 NewDesignator=C65
Change Component Designator: OldDesignator=C68 NewDesignator=C66
Change Component Designator: OldDesignator=C69 NewDesignator=C67
Change Component Designator: OldDesignator=C70 NewDesignator=C68
Change Component Designator: OldDesignator=C71 NewDesignator=C69
Change Component Designator: OldDesignator=C72 NewDesignator=C70
Change Component Designator: OldDesignator=C73 NewDesignator=C71
Change Component Designator: OldDesignator=C74 NewDesignator=C72
Change Component Designator: OldDesignator=C75 NewDesignator=C73
Change Component Designator: OldDesignator=C76 NewDesignator=C74
Change Component Designator: OldDesignator=C77 NewDesignator=C75
Change Component Designator: OldDesignator=C78 NewDesignator=C76
Change Component Designator: OldDesignator=C79 NewDesignator=C77
Change Component Designator: OldDesignator=C80 NewDesignator=C78
Change Component Designator: OldDesignator=C81 NewDesignator=C79
Change Component Designator: OldDesignator=C82 NewDesignator=C80
Change Component Designator: OldDesignator=C83 NewDesignator=C81
Change Component Designator: OldDesignator=C84 NewDesignator=C82
Change Component Designator: OldDesignator=C85 NewDesignator=C83
Change Component Designator: OldDesignator=C86 NewDesignator=C84
Change Component Designator: OldDesignator=C87 NewDesignator=C85
Change Component Designator: OldDesignator=C88 NewDesignator=C86
Change Component Designator: OldDesignator=C89 NewDesignator=C87
Change Component Designator: OldDesignator=C90 NewDesignator=C88
Change Component Designator: OldDesignator=C91 NewDesignator=C89
Change Component Designator: OldDesignator=C92 NewDesignator=C90
Change Component Designator: OldDesignator=C93 NewDesignator=C91
Change Component Designator: OldDesignator=C94 NewDesignator=C92
Change Component Designator: OldDesignator=C95 NewDesignator=C93
Change Component Designator: OldDesignator=C96 NewDesignator=C94
Change Component Designator: OldDesignator=C97 NewDesignator=C95
Change Component Designator: OldDesignator=C98 NewDesignator=C96
Change Component Designator: OldDesignator=C99 NewDesignator=C97
Change Component Designator: OldDesignator=C100 NewDesignator=C98
Change Component Designator: OldDesignator=C101 NewDesignator=C99
Change Component Designator: OldDesignator=C102 NewDesignator=C100
Change Component Designator: OldDesignator=C103 NewDesignator=C101
Change Component Designator: OldDesignator=C104 NewDesignator=C102
Change Component Designator: OldDesignator=C105 NewDesignator=C103
Change Component Designator: OldDesignator=C106 NewDesignator=C104
Change Component Designator: OldDesignator=C107 NewDesignator=C105
Change Component Designator: OldDesignator=C108 NewDesignator=C106
Change Component Designator: OldDesignator=C109 NewDesignator=C107
Change Component Designator: OldDesignator=C110 NewDesignator=C108
Change Component Designator: OldDesignator=C111 NewDesignator=C109
Change Component Designator: OldDesignator=C112 NewDesignator=C110
Change Component Designator: OldDesignator=C113 NewDesignator=C111
Change Component Designator: OldDesignator=C114 NewDesignator=C112
Change Component Designator: OldDesignator=C115 NewDesignator=C113
Change Component Designator: OldDesignator=C116 NewDesignator=C114
Change Component Designator: OldDesignator=C117 NewDesignator=C115
Change Component Designator: OldDesignator=C118 NewDesignator=C116
Change Component Designator: OldDesignator=C119 NewDesignator=C117
Change Component Designator: OldDesignator=C120 NewDesignator=C118
Change Component Designator: OldDesignator=C121 NewDesignator=C119
Change Component Designator: OldDesignator=C122 NewDesignator=C120
Change Component Designator: OldDesignator=C123 NewDesignator=C121
Change Component Designator: OldDesignator=C124 NewDesignator=C122
Change Component Designator: OldDesignator=C125 NewDesignator=C123
Change Component Designator: OldDesignator=C126 NewDesignator=C124
Change Component Designator: OldDesignator=C127 NewDesignator=C126
Change Component Designator: OldDesignator=C128 NewDesignator=C127
Change Component Designator: OldDesignator=C129 NewDesignator=C128
Change Component Designator: OldDesignator=C130 NewDesignator=C129
Change Component Designator: OldDesignator=C131 NewDesignator=C130
Change Component Designator: OldDesignator=C132 NewDesignator=C131
Change Component Designator: OldDesignator=C133 NewDesignator=C132
Change Component Designator: OldDesignator=C134 NewDesignator=C133
Change Component Designator: OldDesignator=C135 NewDesignator=C134
Change Component Designator: OldDesignator=C136 NewDesignator=C135
Change Component Designator: OldDesignator=C137 NewDesignator=C136
Change Component Designator: OldDesignator=C138 NewDesignator=C137
Change Component Designator: OldDesignator=C139 NewDesignator=C138
Change Component Designator: OldDesignator=C140 NewDesignator=C139
Change Component Designator: OldDesignator=C141 NewDesignator=C140
Change Component Designator: OldDesignator=C142 NewDesignator=C141
Change Component Designator: OldDesignator=C143 NewDesignator=C142
Change Component Designator: OldDesignator=C144 NewDesignator=C143
Change Component Designator: OldDesignator=C145 NewDesignator=C144
Change Component Designator: OldDesignator=C146 NewDesignator=C145
Change Component Designator: OldDesignator=C147 NewDesignator=C146
Change Component Designator: OldDesignator=C148 NewDesignator=C147
Change Component Designator: OldDesignator=C149 NewDesignator=C148
Change Component Designator: OldDesignator=C150 NewDesignator=C149
Change Component Designator: OldDesignator=C151 NewDesignator=C150
Change Component Designator: OldDesignator=C152 NewDesignator=C151
Change Component Designator: OldDesignator=C153 NewDesignator=C152
Change Component Designator: OldDesignator=C154 NewDesignator=C153
Change Component Designator: OldDesignator=C155 NewDesignator=C154
Change Component Designator: OldDesignator=C156 NewDesignator=C155
Change Component Designator: OldDesignator=C157 NewDesignator=C156
Change Component Designator: OldDesignator=C158 NewDesignator=C157
Change Component Designator: OldDesignator=C159 NewDesignator=C158
Change Component Designator: OldDesignator=C160 NewDesignator=C159
Change Component Designator: OldDesignator=C161 NewDesignator=C160
Change Component Designator: OldDesignator=C162 NewDesignator=C161
Change Component Designator: OldDesignator=C163 NewDesignator=C162
Change Component Designator: OldDesignator=C164 NewDesignator=C163
Change Component Designator: OldDesignator=C165 NewDesignator=C164
Change Component Designator: OldDesignator=C166 NewDesignator=C167
Change Component Designator: OldDesignator=C167 NewDesignator=C168
Change Component Designator: OldDesignator=C168 NewDesignator=C165
Change Component Designator: OldDesignator=C174 NewDesignator=C175
Change Component Designator: OldDesignator=C175 NewDesignator=C176
Change Component Designator: OldDesignator=C176 NewDesignator=C177
Change Component Designator: OldDesignator=C177 NewDesignator=C178
Change Component Designator: OldDesignator=C178 NewDesignator=C179
Change Component Designator: OldDesignator=C179 NewDesignator=C180
Change Component Designator: OldDesignator=C180 NewDesignator=C181
Change Component Designator: OldDesignator=C181 NewDesignator=C182
Change Component Designator: OldDesignator=C182 NewDesignator=C174
Change Component Designator: OldDesignator=DA3 NewDesignator=DA1
Change Component Designator: OldDesignator=DA4 NewDesignator=DA2
Change Component Designator: OldDesignator=DA5 NewDesignator=DA3
Change Component Designator: OldDesignator=DA6 NewDesignator=DA4
Change Component Designator: OldDesignator=DD1 NewDesignator=DD25
Change Component Designator: OldDesignator=DD2 NewDesignator=DD1
Change Component Designator: OldDesignator=DD3 NewDesignator=DD26
Change Component Designator: OldDesignator=DD4 NewDesignator=DD2
Change Component Designator: OldDesignator=DD5 NewDesignator=DD3
Change Component Designator: OldDesignator=DD6 NewDesignator=DD4
Change Component Designator: OldDesignator=DD7 NewDesignator=DD5
Change Component Designator: OldDesignator=DD8 NewDesignator=DD6
Change Component Designator: OldDesignator=DD9 NewDesignator=DD7
Change Component Designator: OldDesignator=DD10 NewDesignator=DD8
Change Component Designator: OldDesignator=DD11 NewDesignator=DD9
Change Component Designator: OldDesignator=DD12 NewDesignator=DD10
Change Component Designator: OldDesignator=DD13 NewDesignator=DD11
Change Component Designator: OldDesignator=DD14 NewDesignator=DD12
Change Component Designator: OldDesignator=DD15 NewDesignator=DD13
Change Component Designator: OldDesignator=DD16 NewDesignator=DD14
Change Component Designator: OldDesignator=DD17 NewDesignator=DD15
Change Component Designator: OldDesignator=DD18 NewDesignator=DD16
Change Component Designator: OldDesignator=DD19 NewDesignator=DD17
Change Component Designator: OldDesignator=DD20 NewDesignator=DD18
Change Component Designator: OldDesignator=DD21 NewDesignator=DD19
Change Component Designator: OldDesignator=DD22 NewDesignator=DD20
Change Component Designator: OldDesignator=DD23 NewDesignator=DD21
Change Component Designator: OldDesignator=DD24 NewDesignator=DD22
Change Component Designator: OldDesignator=DD25 NewDesignator=DD23
Change Component Designator: OldDesignator=DD26 NewDesignator=DD24
Change Component Designator: OldDesignator=F6 NewDesignator=F1
Change Component Designator: OldDesignator=F7 NewDesignator=F2
Change Component Designator: OldDesignator=F8 NewDesignator=F3
Change Component Designator: OldDesignator=L1 NewDesignator=L10
Change Component Designator: OldDesignator=L2 NewDesignator=L1
Change Component Designator: OldDesignator=L3 NewDesignator=L2
Change Component Designator: OldDesignator=L4 NewDesignator=L3
Change Component Designator: OldDesignator=L5 NewDesignator=L4
Change Component Designator: OldDesignator=L6 NewDesignator=L5
Change Component Designator: OldDesignator=L7 NewDesignator=L6
Change Component Designator: OldDesignator=L8 NewDesignator=L7
Change Component Designator: OldDesignator=L9 NewDesignator=L8
Change Component Designator: OldDesignator=L10 NewDesignator=L9
Change Component Designator: OldDesignator=L14 NewDesignator=L13
Change Component Designator: OldDesignator=L15 NewDesignator=L14
Change Component Designator: OldDesignator=R1 NewDesignator=R125
Change Component Designator: OldDesignator=R2 NewDesignator=R1
Change Component Designator: OldDesignator=R3 NewDesignator=R2
Change Component Designator: OldDesignator=R4 NewDesignator=R3
Change Component Designator: OldDesignator=R5 NewDesignator=R4
Change Component Designator: OldDesignator=R6 NewDesignator=R5
Change Component Designator: OldDesignator=R7 NewDesignator=R6
Change Component Designator: OldDesignator=R8 NewDesignator=R7
Change Component Designator: OldDesignator=R9 NewDesignator=R8
Change Component Designator: OldDesignator=R10 NewDesignator=R9
Change Component Designator: OldDesignator=R11 NewDesignator=R10
Change Component Designator: OldDesignator=R12 NewDesignator=R11
Change Component Designator: OldDesignator=R13 NewDesignator=R12
Change Component Designator: OldDesignator=R14 NewDesignator=R13
Change Component Designator: OldDesignator=R15 NewDesignator=R14
Change Component Designator: OldDesignator=R16 NewDesignator=R15
Change Component Designator: OldDesignator=R17 NewDesignator=R16
Change Component Designator: OldDesignator=R18 NewDesignator=R17
Change Component Designator: OldDesignator=R19 NewDesignator=R18
Change Component Designator: OldDesignator=R20 NewDesignator=R19
Change Component Designator: OldDesignator=R21 NewDesignator=R20
Change Component Designator: OldDesignator=R22 NewDesignator=R21
Change Component Designator: OldDesignator=R23 NewDesignator=R22
Change Component Designator: OldDesignator=R24 NewDesignator=R23
Change Component Designator: OldDesignator=R25 NewDesignator=R24
Change Component Designator: OldDesignator=R26 NewDesignator=R25
Change Component Designator: OldDesignator=R27 NewDesignator=R26
Change Component Designator: OldDesignator=R28 NewDesignator=R27
Change Component Designator: OldDesignator=R29 NewDesignator=R28
Change Component Designator: OldDesignator=R30 NewDesignator=R29
Change Component Designator: OldDesignator=R31 NewDesignator=R30
Change Component Designator: OldDesignator=R32 NewDesignator=R31
Change Component Designator: OldDesignator=R33 NewDesignator=R32
Change Component Designator: OldDesignator=R34 NewDesignator=R33
Change Component Designator: OldDesignator=R35 NewDesignator=R34
Change Component Designator: OldDesignator=R37 NewDesignator=R35
Change Component Designator: OldDesignator=R38 NewDesignator=R37
Change Component Designator: OldDesignator=R39 NewDesignator=R38
Change Component Designator: OldDesignator=R40 NewDesignator=R39
Change Component Designator: OldDesignator=R41 NewDesignator=R40
Change Component Designator: OldDesignator=R42 NewDesignator=R41
Change Component Designator: OldDesignator=R43 NewDesignator=R42
Change Component Designator: OldDesignator=R44 NewDesignator=R43
Change Component Designator: OldDesignator=R45 NewDesignator=R44
Change Component Designator: OldDesignator=R46 NewDesignator=R45
Change Component Designator: OldDesignator=R47 NewDesignator=R46
Change Component Designator: OldDesignator=R48 NewDesignator=R47
Change Component Designator: OldDesignator=R49 NewDesignator=R48
Change Component Designator: OldDesignator=R50 NewDesignator=R49
Change Component Designator: OldDesignator=R51 NewDesignator=R50
Change Component Designator: OldDesignator=R52 NewDesignator=R51
Change Component Designator: OldDesignator=R53 NewDesignator=R52
Change Component Designator: OldDesignator=R54 NewDesignator=R53
Change Component Designator: OldDesignator=R55 NewDesignator=R54
Change Component Designator: OldDesignator=R56 NewDesignator=R55
Change Component Designator: OldDesignator=R57 NewDesignator=R56
Change Component Designator: OldDesignator=R58 NewDesignator=R57
Change Component Designator: OldDesignator=R59 NewDesignator=R58
Change Component Designator: OldDesignator=R60 NewDesignator=R59
Change Component Designator: OldDesignator=R61 NewDesignator=R60
Change Component Designator: OldDesignator=R62 NewDesignator=R61
Change Component Designator: OldDesignator=R63 NewDesignator=R62
Change Component Designator: OldDesignator=R64 NewDesignator=R63
Change Component Designator: OldDesignator=R65 NewDesignator=R64
Change Component Designator: OldDesignator=R66 NewDesignator=R65
Change Component Designator: OldDesignator=R67 NewDesignator=R66
Change Component Designator: OldDesignator=R68 NewDesignator=R67
Change Component Designator: OldDesignator=R69 NewDesignator=R68
Change Component Designator: OldDesignator=R70 NewDesignator=R69
Change Component Designator: OldDesignator=R71 NewDesignator=R70
Change Component Designator: OldDesignator=R72 NewDesignator=R71
Change Component Designator: OldDesignator=R73 NewDesignator=R72
Change Component Designator: OldDesignator=R74 NewDesignator=R73
Change Component Designator: OldDesignator=R75 NewDesignator=R74
Change Component Designator: OldDesignator=R76 NewDesignator=R75
Change Component Designator: OldDesignator=R77 NewDesignator=R76
Change Component Designator: OldDesignator=R78 NewDesignator=R77
Change Component Designator: OldDesignator=R79 NewDesignator=R78
Change Component Designator: OldDesignator=R80 NewDesignator=R79
Change Component Designator: OldDesignator=R81 NewDesignator=R80
Change Component Designator: OldDesignator=R82 NewDesignator=R81
Change Component Designator: OldDesignator=R83 NewDesignator=R82
Change Component Designator: OldDesignator=R84 NewDesignator=R83
Change Component Designator: OldDesignator=R85 NewDesignator=R84
Change Component Designator: OldDesignator=R86 NewDesignator=R85
Change Component Designator: OldDesignator=R87 NewDesignator=R86
Change Component Designator: OldDesignator=R88 NewDesignator=R87
Change Component Designator: OldDesignator=R89 NewDesignator=R88
Change Component Designator: OldDesignator=R90 NewDesignator=R89
Change Component Designator: OldDesignator=R91 NewDesignator=R90
Change Component Designator: OldDesignator=R92 NewDesignator=R91
Change Component Designator: OldDesignator=R93 NewDesignator=R92
Change Component Designator: OldDesignator=R94 NewDesignator=R93
Change Component Designator: OldDesignator=R95 NewDesignator=R94
Change Component Designator: OldDesignator=R96 NewDesignator=R95
Change Component Designator: OldDesignator=R97 NewDesignator=R96
Change Component Designator: OldDesignator=R98 NewDesignator=R97
Change Component Designator: OldDesignator=R99 NewDesignator=R98
Change Component Designator: OldDesignator=R100 NewDesignator=R99
Change Component Designator: OldDesignator=R101 NewDesignator=R100
Change Component Designator: OldDesignator=R106 NewDesignator=R101
Change Component Designator: OldDesignator=R111 NewDesignator=R102
Change Component Designator: OldDesignator=R112 NewDesignator=R103
Change Component Designator: OldDesignator=R113 NewDesignator=R104
Change Component Designator: OldDesignator=R114 NewDesignator=R105
Change Component Designator: OldDesignator=R115 NewDesignator=R106
Change Component Designator: OldDesignator=R116 NewDesignator=R107
Change Component Designator: OldDesignator=R117 NewDesignator=R108
Change Component Designator: OldDesignator=R118 NewDesignator=R109
Change Component Designator: OldDesignator=R119 NewDesignator=R110
Change Component Designator: OldDesignator=R120 NewDesignator=R111
Change Component Designator: OldDesignator=R121 NewDesignator=R112
Change Component Designator: OldDesignator=R122 NewDesignator=R113
Change Component Designator: OldDesignator=R123 NewDesignator=R114
Change Component Designator: OldDesignator=R124 NewDesignator=R115
Change Component Designator: OldDesignator=R125 NewDesignator=R116
Change Component Designator: OldDesignator=R126 NewDesignator=R117
Change Component Designator: OldDesignator=R127 NewDesignator=R118
Change Component Designator: OldDesignator=R128 NewDesignator=R119
Change Component Designator: OldDesignator=R129 NewDesignator=R120
Change Component Designator: OldDesignator=R130 NewDesignator=R121
Change Component Designator: OldDesignator=R131 NewDesignator=R122
Change Component Designator: OldDesignator=R132 NewDesignator=R123
Change Component Designator: OldDesignator=R133 NewDesignator=R124
Change Component Designator: OldDesignator=R134 NewDesignator=R126
Change Component Designator: OldDesignator=R135 NewDesignator=R127
Change Component Designator: OldDesignator=R136 NewDesignator=R128
Change Component Designator: OldDesignator=R137 NewDesignator=R129
Change Component Designator: OldDesignator=R138 NewDesignator=R130
Change Component Designator: OldDesignator=R139 NewDesignator=R131
Change Component Designator: OldDesignator=R140 NewDesignator=R132
Change Component Designator: OldDesignator=R141 NewDesignator=R133
Change Component Designator: OldDesignator=R142 NewDesignator=R134
Change Component Designator: OldDesignator=R143 NewDesignator=R135
Change Component Designator: OldDesignator=R144 NewDesignator=R136
Change Component Designator: OldDesignator=R145 NewDesignator=R137
Change Component Designator: OldDesignator=R146 NewDesignator=R138
Change Component Designator: OldDesignator=R147 NewDesignator=R139
Change Component Designator: OldDesignator=R148 NewDesignator=R140
Change Component Designator: OldDesignator=R149 NewDesignator=R141
Change Component Designator: OldDesignator=R150 NewDesignator=R142
Change Component Designator: OldDesignator=R151 NewDesignator=R143
Change Component Designator: OldDesignator=R152 NewDesignator=R144
Change Component Designator: OldDesignator=R153 NewDesignator=R145
Change Component Designator: OldDesignator=R154 NewDesignator=R146
Change Component Designator: OldDesignator=R155 NewDesignator=R147
Change Component Designator: OldDesignator=R156 NewDesignator=R148
Change Component Designator: OldDesignator=R157 NewDesignator=R149
Change Component Designator: OldDesignator=R158 NewDesignator=R150
Change Component Designator: OldDesignator=R159 NewDesignator=R151
Change Component Designator: OldDesignator=R160 NewDesignator=R152
Change Component Designator: OldDesignator=R161 NewDesignator=R153
Change Component Designator: OldDesignator=R162 NewDesignator=R154
Change Component Designator: OldDesignator=R163 NewDesignator=R155
Change Component Designator: OldDesignator=R164 NewDesignator=R156
Change Component Designator: OldDesignator=R165 NewDesignator=R157
Change Component Designator: OldDesignator=R166 NewDesignator=R158
Change Component Designator: OldDesignator=R167 NewDesignator=R159
Change Component Designator: OldDesignator=R168 NewDesignator=R160
Change Component Designator: OldDesignator=R169 NewDesignator=R161
Change Component Designator: OldDesignator=R170 NewDesignator=R162
Change Component Designator: OldDesignator=R171 NewDesignator=R163
Change Component Designator: OldDesignator=R172 NewDesignator=R164
Change Component Designator: OldDesignator=R173 NewDesignator=R165
Change Component Designator: OldDesignator=R174 NewDesignator=R166
Change Component Designator: OldDesignator=R175 NewDesignator=R167
Change Component Designator: OldDesignator=R176 NewDesignator=R168
Change Component Designator: OldDesignator=R177 NewDesignator=R169
Change Component Designator: OldDesignator=R178 NewDesignator=R170
Change Component Designator: OldDesignator=R179 NewDesignator=R171
Change Component Designator: OldDesignator=R180 NewDesignator=R172
Change Component Designator: OldDesignator=R181 NewDesignator=R173
Change Component Designator: OldDesignator=R182 NewDesignator=R174
Change Component Designator: OldDesignator=R183 NewDesignator=R175
Change Component Designator: OldDesignator=R184 NewDesignator=R176
Change Component Designator: OldDesignator=R185 NewDesignator=R177
Change Component Designator: OldDesignator=RN1 NewDesignator=RN2
Change Component Designator: OldDesignator=RN9 NewDesignator=RN1
Change Component Designator: OldDesignator=SW7 NewDesignator=SW1
Change Component Designator: OldDesignator=VD1 NewDesignator=VD32
Change Component Designator: OldDesignator=VD2 NewDesignator=VD33
Change Component Designator: OldDesignator=VD3 NewDesignator=VD1
Change Component Designator: OldDesignator=VD4 NewDesignator=VD2
Change Component Designator: OldDesignator=VD5 NewDesignator=VD3
Change Component Designator: OldDesignator=VD6 NewDesignator=VD4
Change Component Designator: OldDesignator=VD7 NewDesignator=VD5
Change Component Designator: OldDesignator=VD8 NewDesignator=VD6
Change Component Designator: OldDesignator=VD9 NewDesignator=VD7
Change Component Designator: OldDesignator=VD10 NewDesignator=VD8
Change Component Designator: OldDesignator=VD11 NewDesignator=VD9
Change Component Designator: OldDesignator=VD12 NewDesignator=VD10
Change Component Designator: OldDesignator=VD13 NewDesignator=VD11
Change Component Designator: OldDesignator=VD14 NewDesignator=VD12
Change Component Designator: OldDesignator=VD15 NewDesignator=VD13
Change Component Designator: OldDesignator=VD16 NewDesignator=VD14
Change Component Designator: OldDesignator=VD17 NewDesignator=VD15
Change Component Designator: OldDesignator=VD18 NewDesignator=VD16
Change Component Designator: OldDesignator=VD19 NewDesignator=VD17
Change Component Designator: OldDesignator=VD20 NewDesignator=VD18
Change Component Designator: OldDesignator=VD21 NewDesignator=VD19
Change Component Designator: OldDesignator=VD22 NewDesignator=VD20
Change Component Designator: OldDesignator=VD23 NewDesignator=VD21
Change Component Designator: OldDesignator=VD24 NewDesignator=VD22
Change Component Designator: OldDesignator=VD25 NewDesignator=VD23
Change Component Designator: OldDesignator=VD26 NewDesignator=VD24
Change Component Designator: OldDesignator=VD27 NewDesignator=VD25
Change Component Designator: OldDesignator=VD28 NewDesignator=VD26
Change Component Designator: OldDesignator=VD29 NewDesignator=VD27
Change Component Designator: OldDesignator=VD30 NewDesignator=VD28
Change Component Designator: OldDesignator=VD31 NewDesignator=VD29
Change Component Designator: OldDesignator=VD32 NewDesignator=VD30
Change Component Designator: OldDesignator=VD33 NewDesignator=VD31
Change Component Designator: OldDesignator=VT1 NewDesignator=VT10
Change Component Designator: OldDesignator=VT2 NewDesignator=VT11
Change Component Designator: OldDesignator=VT3 NewDesignator=VT1
Change Component Designator: OldDesignator=VT4 NewDesignator=VT12
Change Component Designator: OldDesignator=VT5 NewDesignator=VT13
Change Component Designator: OldDesignator=VT6 NewDesignator=VT2
Change Component Designator: OldDesignator=VT7 NewDesignator=VT3
Change Component Designator: OldDesignator=VT8 NewDesignator=VT4
Change Component Designator: OldDesignator=VT9 NewDesignator=VT5
Change Component Designator: OldDesignator=VT10 NewDesignator=VT6
Change Component Designator: OldDesignator=VT11 NewDesignator=VT7
Change Component Designator: OldDesignator=VT12 NewDesignator=VT8
Change Component Designator: OldDesignator=VT13 NewDesignator=VT9
Change Component Designator: OldDesignator=X1 NewDesignator=X16
Change Component Designator: OldDesignator=X2 NewDesignator=X17
Change Component Designator: OldDesignator=X3 NewDesignator=X1
Change Component Designator: OldDesignator=X4 NewDesignator=X2
Change Component Designator: OldDesignator=X5 NewDesignator=X3
Change Component Designator: OldDesignator=X6 NewDesignator=X4
Change Component Designator: OldDesignator=X7 NewDesignator=X5
Change Component Designator: OldDesignator=X8 NewDesignator=X6
Change Component Designator: OldDesignator=X9 NewDesignator=X7
Change Component Designator: OldDesignator=X10 NewDesignator=X8
Change Component Designator: OldDesignator=X11 NewDesignator=X9
Change Component Designator: OldDesignator=X12 NewDesignator=X10
Change Component Designator: OldDesignator=X13 NewDesignator=X11
Change Component Designator: OldDesignator=X14 NewDesignator=X12
Change Component Designator: OldDesignator=X15 NewDesignator=X13
Change Component Designator: OldDesignator=X16 NewDesignator=X14
Change Component Designator: OldDesignator=X17 NewDesignator=X15
Change Net Name : Old Net Name=NetBQ2_1 New Net Name=NetBQ1_1
Change Net Name : Old Net Name=NetBQ2_2 New Net Name=NetBQ1_2
Change Net Name : Old Net Name=NetC1_2 New Net Name=NetC125_2
Change Net Name : Old Net Name=NetC15_1 New Net Name=NetC14_1
Change Net Name : Old Net Name=NetC22_1 New Net Name=NetC21_1
Change Net Name : Old Net Name=NetC23_1 New Net Name=NetC22_1
Change Net Name : Old Net Name=NetC23_2 New Net Name=NetC22_2
Change Net Name : Old Net Name=NetC33_1 New Net Name=NetC166_1
Change Net Name : Old Net Name=NetC34_2 New Net Name=NetC32_2
Change Net Name : Old Net Name=NetC40_2 New Net Name=NetC38_2
Change Net Name : Old Net Name=NetC42_2 New Net Name=NetC40_2
Change Net Name : Old Net Name=NetC43_2 New Net Name=NetC41_2
Change Net Name : Old Net Name=NetC44_1 New Net Name=NetC42_1
Change Net Name : Old Net Name=NetC45_1 New Net Name=NetC43_1
Change Net Name : Old Net Name=NetC50_2 New Net Name=NetC48_2
Change Net Name : Old Net Name=NetC53_2 New Net Name=NetC51_2
Change Net Name : Old Net Name=NetC54_1 New Net Name=NetC52_1
Change Net Name : Old Net Name=NetC55_1 New Net Name=NetC53_1
Change Net Name : Old Net Name=NetC57_1 New Net Name=NetC55_1
Change Net Name : Old Net Name=NetC57_2 New Net Name=NetC55_2
Change Net Name : Old Net Name=NetC59_2 New Net Name=NetC57_2
Change Net Name : Old Net Name=NetC60_1 New Net Name=NetC58_1
Change Net Name : Old Net Name=NetC60_2 New Net Name=NetC58_2
Change Net Name : Old Net Name=NetC61_2 New Net Name=NetC59_2
Change Net Name : Old Net Name=NetC67_2 New Net Name=NetC65_2
Change Net Name : Old Net Name=NetC68_2 New Net Name=NetC66_2
Change Net Name : Old Net Name=NetC70_2 New Net Name=NetC68_2
Change Net Name : Old Net Name=NetC72_1 New Net Name=NetC70_1
Change Net Name : Old Net Name=NetC73_2 New Net Name=NetC71_2
Change Net Name : Old Net Name=NetC76_1 New Net Name=NetC74_1
Change Net Name : Old Net Name=NetC77_1 New Net Name=NetC75_1
Change Net Name : Old Net Name=NetC78_1 New Net Name=NetC76_1
Change Net Name : Old Net Name=NetC80_1 New Net Name=NetC78_1
Change Net Name : Old Net Name=NetC81_1 New Net Name=NetC79_1
Change Net Name : Old Net Name=NetC82_1 New Net Name=NetC80_1
Change Net Name : Old Net Name=NetC82_2 New Net Name=NetC80_2
Change Net Name : Old Net Name=NetC96_2 New Net Name=NetC94_2
Change Net Name : Old Net Name=NetC97_2 New Net Name=NetC95_2
Change Net Name : Old Net Name=NetC109_1 New Net Name=NetC107_1
Change Net Name : Old Net Name=NetC110_1 New Net Name=NetC108_1
Change Net Name : Old Net Name=NetC120_1 New Net Name=NetC118_1
Change Net Name : Old Net Name=NetC121_1 New Net Name=NetC119_1
Change Net Name : Old Net Name=NetC122_1 New Net Name=NetC120_1
Change Net Name : Old Net Name=NetC123_1 New Net Name=NetC121_1
Change Net Name : Old Net Name=NetC127_2 New Net Name=NetC126_2
Change Net Name : Old Net Name=NetC128_2 New Net Name=NetC127_2
Change Net Name : Old Net Name=NetC129_2 New Net Name=NetC128_2
Change Net Name : Old Net Name=NetC130_2 New Net Name=NetC129_2
Change Net Name : Old Net Name=NetC135_2 New Net Name=NetC134_2
Change Net Name : Old Net Name=NetC136_2 New Net Name=NetC135_2
Change Net Name : Old Net Name=NetC137_2 New Net Name=NetC136_2
Change Net Name : Old Net Name=NetC140_2 New Net Name=NetC139_2
Change Net Name : Old Net Name=NetC141_2 New Net Name=NetC140_2
Change Net Name : Old Net Name=NetC146_2 New Net Name=NetC145_2
Change Net Name : Old Net Name=NetC150_1 New Net Name=NetC149_1
Change Net Name : Old Net Name=NetC154_1 New Net Name=NetC153_1
Change Net Name : Old Net Name=NetC159_1 New Net Name=NetC158_1
Change Net Name : Old Net Name=NetC164_1 New Net Name=NetC163_1
Change Net Name : Old Net Name=NetC165_1 New Net Name=NetC164_1
Change Net Name : Old Net Name=NetC166_2 New Net Name=NetC167_2
Change Net Name : Old Net Name=NetC167_2 New Net Name=NetC168_2
Change Net Name : Old Net Name=NetC168_1 New Net Name=NetC165_1
Change Net Name : Old Net Name=NetC182_1 New Net Name=NetC174_1
Change Net Name : Old Net Name=NetDA6_2 New Net Name=NetDA4_2
Change Net Name : Old Net Name=NetDA6_3 New Net Name=NetDA4_3
Change Net Name : Old Net Name=NetDA6_7 New Net Name=NetDA4_7
Change Net Name : Old Net Name=NetDD1_11 New Net Name=NetDD25_11
Change Net Name : Old Net Name=NetDD1_12 New Net Name=NetDD25_12
Change Net Name : Old Net Name=NetDD1_13 New Net Name=NetDD25_13
Change Net Name : Old Net Name=NetDD1_14 New Net Name=NetDD25_14
Change Net Name : Old Net Name=NetDD1_15 New Net Name=NetDD25_15
Change Net Name : Old Net Name=NetDD1_16 New Net Name=NetDD25_16
Change Net Name : Old Net Name=NetDD1_17 New Net Name=NetDD25_17
Change Net Name : Old Net Name=NetDD1_18 New Net Name=NetDD25_18
Change Net Name : Old Net Name=NetDD2_24 New Net Name=NetDD1_24
Change Net Name : Old Net Name=NetDD4_4 New Net Name=NetDD2_4
Change Net Name : Old Net Name=NetDD5_1 New Net Name=NetDD3_1
Change Net Name : Old Net Name=NetDD5_5 New Net Name=NetDD3_5
Change Net Name : Old Net Name=NetDD5_22 New Net Name=NetDD3_22
Change Net Name : Old Net Name=NetDD5_23 New Net Name=NetDD3_23
Change Net Name : Old Net Name=NetDD7_2 New Net Name=NetDD5_2
Change Net Name : Old Net Name=NetDD7_4 New Net Name=NetDD5_4
Change Net Name : Old Net Name=NetDD9_4 New Net Name=NetDD7_4
Change Net Name : Old Net Name=NetDD10_16 New Net Name=NetDD8_16
Change Net Name : Old Net Name=NetDD12_2 New Net Name=NetDD10_2
Change Net Name : Old Net Name=NetDD12_3 New Net Name=NetDD10_3
Change Net Name : Old Net Name=NetDD12_8 New Net Name=NetDD10_8
Change Net Name : Old Net Name=NetDD12_9 New Net Name=NetDD10_9
Change Net Name : Old Net Name=NetDD12_11 New Net Name=NetDD10_11
Change Net Name : Old Net Name=NetDD12_12 New Net Name=NetDD10_12
Change Net Name : Old Net Name=NetDD13_5 New Net Name=NetDD11_5
Change Net Name : Old Net Name=NetDD13_6 New Net Name=NetDD11_6
Change Net Name : Old Net Name=NetDD13_11 New Net Name=NetDD11_11
Change Net Name : Old Net Name=NetDD15_4 New Net Name=NetDD13_4
Change Net Name : Old Net Name=NetDD16_4 New Net Name=NetDD14_4
Change Net Name : Old Net Name=NetDD18_3 New Net Name=NetDD16_3
Change Net Name : Old Net Name=NetDD18_6 New Net Name=NetDD16_6
Change Net Name : Old Net Name=NetDD19_1 New Net Name=NetDD17_1
Change Net Name : Old Net Name=NetDD19_3 New Net Name=NetDD17_3
Change Net Name : Old Net Name=NetDD19_5 New Net Name=NetDD17_5
Change Net Name : Old Net Name=NetDD20_3 New Net Name=NetDD18_3
Change Net Name : Old Net Name=NetDD21_3 New Net Name=NetDD19_3
Change Net Name : Old Net Name=NetDD22_3 New Net Name=NetDD20_3
Change Net Name : Old Net Name=NetDD23_3 New Net Name=NetDD21_3
Change Net Name : Old Net Name=NetDD24_3 New Net Name=NetDD22_3
Change Net Name : Old Net Name=NetDD24_4 New Net Name=NetDD22_4
Change Net Name : Old Net Name=NetDD26_3 New Net Name=NetDD24_3
Change Net Name : Old Net Name=NetDD26_5 New Net Name=NetDD24_5
Change Net Name : Old Net Name=NetDD26_7 New Net Name=NetDD24_7
Change Net Name : Old Net Name=NetDD26_9 New Net Name=NetDD24_9
Change Net Name : Old Net Name=NetDD26_16 New Net Name=NetDD24_16
Change Net Name : Old Net Name=NetDD26_18 New Net Name=NetDD24_18
Change Net Name : Old Net Name=NetF6_2 New Net Name=NetF1_2
Change Net Name : Old Net Name=NetF7_2 New Net Name=NetF2_2
Change Net Name : Old Net Name=NetF8_2 New Net Name=NetF3_2
Change Net Name : Old Net Name=NetL1_2 New Net Name=NetL10_2
Change Net Name : Old Net Name=NetL5_1 New Net Name=NetL4_1
Change Net Name : Old Net Name=NetL6_1 New Net Name=NetL5_1
Change Net Name : Old Net Name=NetL6_2 New Net Name=NetL5_2
Change Net Name : Old Net Name=NetL6_3 New Net Name=NetL5_3
Change Net Name : Old Net Name=NetL6_4 New Net Name=NetL5_4
Change Net Name : Old Net Name=NetL8_1 New Net Name=NetL7_1
Change Net Name : Old Net Name=NetL14_2 New Net Name=NetL13_2
Change Net Name : Old Net Name=NetL15_2 New Net Name=NetL14_2
Change Net Name : Old Net Name=NetR3_2 New Net Name=NetR2_2
Change Net Name : Old Net Name=NetR4_1 New Net Name=NetR3_1
Change Net Name : Old Net Name=NetR5_1 New Net Name=NetR4_1
Change Net Name : Old Net Name=NetR10_1 New Net Name=NetR9_1
Change Net Name : Old Net Name=NetR23_2 New Net Name=NetR22_2
Change Net Name : Old Net Name=NetR24_2 New Net Name=NetR23_2
Change Net Name : Old Net Name=NetR27_2 New Net Name=NetR26_2
Change Net Name : Old Net Name=NetR34_1 New Net Name=NetR33_1
Change Net Name : Old Net Name=NetR35_2 New Net Name=NetR34_2
Change Net Name : Old Net Name=NetR42_1 New Net Name=NetR41_1
Change Net Name : Old Net Name=NetR43_2 New Net Name=NetR42_2
Change Net Name : Old Net Name=NetR54_1 New Net Name=NetR53_1
Change Net Name : Old Net Name=NetR56_2 New Net Name=NetR55_2
Change Net Name : Old Net Name=NetR60_2 New Net Name=NetR59_2
Change Net Name : Old Net Name=NetR63_2 New Net Name=NetR62_2
Change Net Name : Old Net Name=NetR64_1 New Net Name=NetR63_1
Change Net Name : Old Net Name=NetR64_2 New Net Name=NetR63_2
Change Net Name : Old Net Name=NetR65_1 New Net Name=NetR64_1
Change Net Name : Old Net Name=NetR65_2 New Net Name=NetR64_2
Change Net Name : Old Net Name=NetR67_2 New Net Name=NetR66_2
Change Net Name : Old Net Name=NetR70_2 New Net Name=NetR69_2
Change Net Name : Old Net Name=NetR72_2 New Net Name=NetR71_2
Change Net Name : Old Net Name=NetR73_2 New Net Name=NetR72_2
Change Net Name : Old Net Name=NetR78_1 New Net Name=NetR77_1
Change Net Name : Old Net Name=NetR80_1 New Net Name=NetR79_1
Change Net Name : Old Net Name=NetR81_1 New Net Name=NetR80_1
Change Net Name : Old Net Name=NetR159_2 New Net Name=NetR151_2
Change Net Name : Old Net Name=NetR172_1 New Net Name=NetR164_1
Change Net Name : Old Net Name=NetR173_2 New Net Name=NetR165_2
Change Net Name : Old Net Name=NetR174_2 New Net Name=NetR166_2
Change Net Name : Old Net Name=NetR175_1 New Net Name=NetR167_1
Change Net Name : Old Net Name=NetR176_2 New Net Name=NetR168_2
Change Net Name : Old Net Name=NetR177_1 New Net Name=NetR169_1
Change Net Name : Old Net Name=NetR179_2 New Net Name=NetR171_2
Change Net Name : Old Net Name=NetR181_2 New Net Name=NetR173_2
Change Net Name : Old Net Name=NetR182_2 New Net Name=NetR174_2
Change Net Name : Old Net Name=NetR183_1 New Net Name=NetR175_1
Change Net Name : Old Net Name=NetVD1_2 New Net Name=NetVD32_2
Change Net Name : Old Net Name=NetVD2_2 New Net Name=NetVD33_2
Change Net Name : Old Net Name=NetVD27_2 New Net Name=NetVD25_2
Change Net Name : Old Net Name=NetVT1_3 New Net Name=NetVT10_3
Change Net Name : Old Net Name=NetVT2_3 New Net Name=NetVT11_3
Added Member To Class: ClassName=12_TempSensors Member=Component C168 100p
Added Member To Class: ClassName=12_TempSensors Member=Component C176 4.7u
Added Member To Class: ClassName=12_TempSensors Member=Component X22 Sherlock 5
