Removed Pin From Net: NetName=GND_C Pin=C71-1
Removed Pin From Net: NetName=NetC81_2 Pin=C81-2
Removed Pin From Net: NetName=GND_C Pin=C85-1
Removed Pin From Net: NetName=+3V3 Pin=C85-2
Removed Pin From Net: NetName=GND_C Pin=C91-1
Removed Pin From Net: NetName=+3V3 Pin=C91-2
Removed Pin From Net: NetName=GND_C Pin=C156-1
Removed Pin From Net: NetName=FREE_BIT_IN Pin=C156-2
Removed Pin From Net: NetName=PWM2 Pin=DD1-34
Removed Pin From Net: NetName=PWM1 Pin=DD1-35
Removed Pin From Net: NetName=GND_C Pin=DD10-9
Removed Pin From Net: NetName=GND_C Pin=DD10-10
Removed Pin From Net: NetName=GND_C Pin=DD10-12
Removed Pin From Net: NetName=GND_C Pin=DD10-13
Removed Pin From Net: NetName=GND_C Pin=DD11-3
Removed Pin From Net: NetName=+3V3 Pin=DD11-5
Removed Pin From Net: NetName=GND_C Pin=DD14-1
Removed Pin From Net: NetName=GND_C Pin=DD14-11
Removed Pin From Net: NetName=GND_C Pin=DD14-14
Removed Pin From Net: NetName=NetC81_2 Pin=DD14-16
Removed Pin From Net: NetName=GND_C Pin=DD14-19
Removed Pin From Net: NetName=+3V3 Pin=DD14-20
Removed Pin From Net: NetName=GND_C Pin=DD15-7
Removed Pin From Net: NetName=GND_C Pin=DD15-8
Removed Pin From Net: NetName=GND_C Pin=DD15-9
Removed Pin From Net: NetName=GND_C Pin=DD15-10
Removed Pin From Net: NetName=GND_C Pin=DD15-19
Removed Pin From Net: NetName=+3V3 Pin=DD15-20
Removed Pin From Net: NetName=NetC119_2 Pin=DD20-1
Removed Pin From Net: NetName=NetC119_2 Pin=DD21-1
Removed Pin From Net: NetName=~220V_L Pin=K2-3
Removed Pin From Net: NetName=BUZZER Pin=K2-4
Removed Pin From Net: NetName=BUZZER Pin=K2-5
Removed Pin From Net: NetName=GREEN Pin=K4-2
Removed Pin From Net: NetName=YELLOW Pin=K4-5
Removed Pin From Net: NetName=RED Pin=K6-5
Removed Pin From Net: NetName=+3V3 Pin=R64-2
Removed Pin From Net: NetName=FREE_BIT_IN Pin=R65-2
Removed Pin From Net: NetName=GND_C Pin=R66-1
Removed Pin From Net: NetName=GND_C Pin=R67-1
Removed Pin From Net: NetName=GND_C Pin=R68-1
Removed Pin From Net: NetName=GND_C Pin=R69-1
Removed Pin From Net: NetName=TEMP_SDA Pin=R92-1
Removed Pin From Net: NetName=+3V3 Pin=R92-2
Removed Pin From Net: NetName=TEMP_SCLK Pin=R93-1
Removed Pin From Net: NetName=+3V3 Pin=R93-2
Removed Pin From Net: NetName=NetC139_2 Pin=R98-1
Removed Pin From Net: NetName=NetDD25_6 Pin=R98-2
Removed Pin From Net: NetName=NetC139_2 Pin=R99-1
Removed Pin From Net: NetName=NetDD25_7 Pin=R99-2
Removed Pin From Net: NetName=NetDD14_3 Pin=RN3-7
Removed Pin From Net: NetName=NetC81_2 Pin=RN4-3
Removed Pin From Net: NetName=ALARM_OUT Pin=RN4-5
Removed Pin From Net: NetName=FREE_BIT_OUT Pin=RN4-6
Removed Pin From Net: NetName=\R\E\/DE Pin=RN4-7
Removed Pin From Net: NetName=TX_RS485 Pin=RN4-8
Removed Pin From Net: NetName=SYNC_STEP Pin=RN5-6
Removed Pin From Net: NetName=SYNC_PWM Pin=RN5-7
Removed Pin From Net: NetName=RX_RS485 Pin=RN5-8
Removed Pin From Net: NetName=YELLOW Pin=X11-1
Removed Pin From Net: NetName=GREEN Pin=X11-2
Removed Pin From Net: NetName=RED Pin=X11-3
Removed Pin From Net: NetName=BUZZER Pin=X11-4
Removed Pin From Net: NetName=GND_C_1 Pin=X11-7
Removed Pin From Net: NetName=+3V3 Pin=XP1-11
Removed Pin From Net: NetName=GND_C Pin=XP1-12
Removed Member From Class: ClassName=005_PowerRele_OnOff Member=C68
Removed Member From Class: ClassName=003_Debugging Member=C155
Removed Member From Class: ClassName=005_PowerRele_OnOff Member=C157
Removed Member From Class: ClassName=005_PowerRele_OnOff Member=DD11
Removed Member From Class: ClassName=003_Debugging Member=DD26
Removed Member From Class: ClassName=011_TempSensors Member=R92
Removed Member From Class: ClassName=011_TempSensors Member=R93
Removed Member From Class: ClassName=011_TempSensors Member=R98
Removed Member From Class: ClassName=011_TempSensors Member=R99
Removed Member From Class: ClassName=003_Debugging Member=R111
Removed Member From Class: ClassName=003_Debugging Member=R112
Removed Member From Class: ClassName=003_Debugging Member=R113
Removed Member From Class: ClassName=003_Debugging Member=R114
Removed Member From Class: ClassName=012_AdditionalFunction Member=VD25
Removed Member From Class: ClassName=005_PowerRele_OnOff Member=X11
Change Component Footprint: Designator=DD15 Old Footprint=TSSOP20 New Footprint=SOT-23(DBV)
Change Component Footprint: Designator=DD14 Old Footprint=TSSOP20 New Footprint=TSSOP14
Change Component Comment : Designator=DD14 Old Comment=74HC245 New Comment=74HC00
Change Component Comment : Designator=DD15 Old Comment=74HC245 New Comment=SN74AHCT1G08DBV
Change Component Designator: OldDesignator=BQ1 NewDesignator=BQ2
Change Component Designator: OldDesignator=C1 NewDesignator=C2
Change Component Designator: OldDesignator=C2 NewDesignator=C3
Change Component Designator: OldDesignator=C3 NewDesignator=C4
Change Component Designator: OldDesignator=C4 NewDesignator=C5
Change Component Designator: OldDesignator=C5 NewDesignator=C6
Change Component Designator: OldDesignator=C6 NewDesignator=C7
Change Component Designator: OldDesignator=C7 NewDesignator=C8
Change Component Designator: OldDesignator=C8 NewDesignator=C9
Change Component Designator: OldDesignator=C9 NewDesignator=C10
Change Component Designator: OldDesignator=C10 NewDesignator=C11
Change Component Designator: OldDesignator=C11 NewDesignator=C12
Change Component Designator: OldDesignator=C12 NewDesignator=C13
Change Component Designator: OldDesignator=C13 NewDesignator=C14
Change Component Designator: OldDesignator=C14 NewDesignator=C15
Change Component Designator: OldDesignator=C15 NewDesignator=C16
Change Component Designator: OldDesignator=C16 NewDesignator=C17
Change Component Designator: OldDesignator=C17 NewDesignator=C18
Change Component Designator: OldDesignator=C18 NewDesignator=C19
Change Component Designator: OldDesignator=C19 NewDesignator=C20
Change Component Designator: OldDesignator=C20 NewDesignator=C21
Change Component Designator: OldDesignator=C21 NewDesignator=C22
Change Component Designator: OldDesignator=C22 NewDesignator=C23
Change Component Designator: OldDesignator=C23 NewDesignator=C24
Change Component Designator: OldDesignator=C24 NewDesignator=C25
Change Component Designator: OldDesignator=C25 NewDesignator=C26
Change Component Designator: OldDesignator=C26 NewDesignator=C27
Change Component Designator: OldDesignator=C27 NewDesignator=C28
Change Component Designator: OldDesignator=C28 NewDesignator=C29
Change Component Designator: OldDesignator=C29 NewDesignator=C30
Change Component Designator: OldDesignator=C30 NewDesignator=C31
Change Component Designator: OldDesignator=C31 NewDesignator=C32
Change Component Designator: OldDesignator=C32 NewDesignator=C33
Change Component Designator: OldDesignator=C33 NewDesignator=C34
Change Component Designator: OldDesignator=C34 NewDesignator=C35
Change Component Designator: OldDesignator=C35 NewDesignator=C36
Change Component Designator: OldDesignator=C36 NewDesignator=C37
Change Component Designator: OldDesignator=C37 NewDesignator=C39
Change Component Designator: OldDesignator=C38 NewDesignator=C40
Change Component Designator: OldDesignator=C39 NewDesignator=C41
Change Component Designator: OldDesignator=C40 NewDesignator=C42
Change Component Designator: OldDesignator=C41 NewDesignator=C43
Change Component Designator: OldDesignator=C42 NewDesignator=C44
Change Component Designator: OldDesignator=C43 NewDesignator=C45
Change Component Designator: OldDesignator=C44 NewDesignator=C46
Change Component Designator: OldDesignator=C45 NewDesignator=C47
Change Component Designator: OldDesignator=C46 NewDesignator=C48
Change Component Designator: OldDesignator=C47 NewDesignator=C49
Change Component Designator: OldDesignator=C48 NewDesignator=C50
Change Component Designator: OldDesignator=C49 NewDesignator=C51
Change Component Designator: OldDesignator=C50 NewDesignator=C52
Change Component Designator: OldDesignator=C51 NewDesignator=C53
Change Component Designator: OldDesignator=C52 NewDesignator=C54
Change Component Designator: OldDesignator=C53 NewDesignator=C55
Change Component Designator: OldDesignator=C54 NewDesignator=C56
Change Component Designator: OldDesignator=C55 NewDesignator=C57
Change Component Designator: OldDesignator=C56 NewDesignator=C58
Change Component Designator: OldDesignator=C57 NewDesignator=C59
Change Component Designator: OldDesignator=C58 NewDesignator=C60
Change Component Designator: OldDesignator=C59 NewDesignator=C61
Change Component Designator: OldDesignator=C60 NewDesignator=C62
Change Component Designator: OldDesignator=C61 NewDesignator=C64
Change Component Designator: OldDesignator=C62 NewDesignator=C65
Change Component Designator: OldDesignator=C64 NewDesignator=C66
Change Component Designator: OldDesignator=C65 NewDesignator=C68
Change Component Designator: OldDesignator=C66 NewDesignator=C70
Change Component Designator: OldDesignator=C67 NewDesignator=C71
Change Component Designator: OldDesignator=C68 NewDesignator=C67
Change Component Designator: OldDesignator=C69 NewDesignator=C74
Change Component Designator: OldDesignator=C70 NewDesignator=C78
Change Component Designator: OldDesignator=C71 NewDesignator=C75
Change Component Designator: OldDesignator=C72 NewDesignator=C88
Change Component Designator: OldDesignator=C73 NewDesignator=C89
Change Component Designator: OldDesignator=C74 NewDesignator=C76
Change Component Designator: OldDesignator=C75 NewDesignator=C83
Change Component Designator: OldDesignator=C76 NewDesignator=C84
Change Component Designator: OldDesignator=C77 NewDesignator=C91
Change Component Designator: OldDesignator=C78 NewDesignator=C92
Change Component Designator: OldDesignator=C79 NewDesignator=C93
Change Component Designator: OldDesignator=C80 NewDesignator=C110
Change Component Designator: OldDesignator=C81 NewDesignator=C109
Change Component Designator: OldDesignator=C82 NewDesignator=C97
Change Component Designator: OldDesignator=C83 NewDesignator=C98
Change Component Designator: OldDesignator=C84 NewDesignator=C100
Change Component Designator: OldDesignator=C85 NewDesignator=C101
Change Component Designator: OldDesignator=C86 NewDesignator=C96
Change Component Designator: OldDesignator=C87 NewDesignator=C105
Change Component Designator: OldDesignator=C88 NewDesignator=C106
Change Component Designator: OldDesignator=C89 NewDesignator=C107
Change Component Designator: OldDesignator=C90 NewDesignator=C108
Change Component Designator: OldDesignator=C91 NewDesignator=C95
Change Component Designator: OldDesignator=C92 NewDesignator=C120
Change Component Designator: OldDesignator=C93 NewDesignator=C121
Change Component Designator: OldDesignator=C94 NewDesignator=C122
Change Component Designator: OldDesignator=C95 NewDesignator=C123
Change Component Designator: OldDesignator=C96 NewDesignator=C124
Change Component Designator: OldDesignator=C97 NewDesignator=C125
Change Component Designator: OldDesignator=C98 NewDesignator=C126
Change Component Designator: OldDesignator=C99 NewDesignator=C127
Change Component Designator: OldDesignator=C100 NewDesignator=C128
Change Component Designator: OldDesignator=C101 NewDesignator=C134
Change Component Designator: OldDesignator=C102 NewDesignator=C135
Change Component Designator: OldDesignator=C103 NewDesignator=C136
Change Component Designator: OldDesignator=C104 NewDesignator=C139
Change Component Designator: OldDesignator=C105 NewDesignator=C138
Change Component Designator: OldDesignator=C106 NewDesignator=C137
Change Component Designator: OldDesignator=C107 NewDesignator=C133
Change Component Designator: OldDesignator=C108 NewDesignator=C132
Change Component Designator: OldDesignator=C109 NewDesignator=C131
Change Component Designator: OldDesignator=C110 NewDesignator=C130
Change Component Designator: OldDesignator=C111 NewDesignator=C129
Change Component Designator: OldDesignator=C112 NewDesignator=C1
Change Component Designator: OldDesignator=C113 NewDesignator=C140
Change Component Designator: OldDesignator=C114 NewDesignator=C141
Change Component Designator: OldDesignator=C115 NewDesignator=C142
Change Component Designator: OldDesignator=C116 NewDesignator=C143
Change Component Designator: OldDesignator=C117 NewDesignator=C146
Change Component Designator: OldDesignator=C118 NewDesignator=C147
Change Component Designator: OldDesignator=C119 NewDesignator=C149
Change Component Designator: OldDesignator=C120 NewDesignator=C148
Change Component Designator: OldDesignator=C121 NewDesignator=C150
Change Component Designator: OldDesignator=C122 NewDesignator=C151
Change Component Designator: OldDesignator=C123 NewDesignator=C152
Change Component Designator: OldDesignator=C124 NewDesignator=C153
Change Component Designator: OldDesignator=C125 NewDesignator=C154
Change Component Designator: OldDesignator=C126 NewDesignator=C155
Change Component Designator: OldDesignator=C127 NewDesignator=C156
Change Component Designator: OldDesignator=C128 NewDesignator=C157
Change Component Designator: OldDesignator=C129 NewDesignator=C159
Change Component Designator: OldDesignator=C130 NewDesignator=C160
Change Component Designator: OldDesignator=C131 NewDesignator=C161
Change Component Designator: OldDesignator=C132 NewDesignator=C162
Change Component Designator: OldDesignator=C133 NewDesignator=C163
Change Component Designator: OldDesignator=C134 NewDesignator=C164
Change Component Designator: OldDesignator=C135 NewDesignator=C168
Change Component Designator: OldDesignator=C136 NewDesignator=C169
Change Component Designator: OldDesignator=C137 NewDesignator=C170
Change Component Designator: OldDesignator=C138 NewDesignator=C171
Change Component Designator: OldDesignator=C139 NewDesignator=C173
Change Component Designator: OldDesignator=C140 NewDesignator=C174
Change Component Designator: OldDesignator=C141 NewDesignator=C175
Change Component Designator: OldDesignator=C142 NewDesignator=C176
Change Component Designator: OldDesignator=C143 NewDesignator=C178
Change Component Designator: OldDesignator=C144 NewDesignator=C179
Change Component Designator: OldDesignator=C145 NewDesignator=C180
Change Component Designator: OldDesignator=C146 NewDesignator=C181
Change Component Designator: OldDesignator=C147 NewDesignator=C158
Change Component Designator: OldDesignator=C148 NewDesignator=C165
Change Component Designator: OldDesignator=C149 NewDesignator=C172
Change Component Designator: OldDesignator=C150 NewDesignator=C177
Change Component Designator: OldDesignator=C151 NewDesignator=C118
Change Component Designator: OldDesignator=C152 NewDesignator=C119
Change Component Designator: OldDesignator=C153 NewDesignator=C182
Change Component Designator: OldDesignator=C154 NewDesignator=C183
Change Component Designator: OldDesignator=C155 NewDesignator=C38
Change Component Designator: OldDesignator=C156 NewDesignator=C111
Change Component Designator: OldDesignator=C157 NewDesignator=C69
Change Component Designator: OldDesignator=DA1 NewDesignator=DA3
Change Component Designator: OldDesignator=DA2 NewDesignator=DA4
Change Component Designator: OldDesignator=DA3 NewDesignator=DA5
Change Component Designator: OldDesignator=DA4 NewDesignator=DA6
Change Component Designator: OldDesignator=DD1 NewDesignator=DD2
Change Component Designator: OldDesignator=DD2 NewDesignator=DD5
Change Component Designator: OldDesignator=DD3 NewDesignator=DD6
Change Component Designator: OldDesignator=DD4 NewDesignator=DD7
Change Component Designator: OldDesignator=DD5 NewDesignator=DD8
Change Component Designator: OldDesignator=DD6 NewDesignator=DD9
Change Component Designator: OldDesignator=DD7 NewDesignator=DD10
Change Component Designator: OldDesignator=DD8 NewDesignator=DD11
Change Component Designator: OldDesignator=DD9 NewDesignator=DD13
Change Component Designator: OldDesignator=DD10 NewDesignator=DD19
Change Component Designator: OldDesignator=DD12 NewDesignator=DD17
Change Component Designator: OldDesignator=DD13 NewDesignator=DD20
Change Component Designator: OldDesignator=DD16 NewDesignator=DD25
Change Component Designator: OldDesignator=DD17 NewDesignator=DD1
Change Component Designator: OldDesignator=DD18 NewDesignator=DD3
Change Component Designator: OldDesignator=DD19 NewDesignator=DD26
Change Component Designator: OldDesignator=DD20 NewDesignator=DD27
Change Component Designator: OldDesignator=DD21 NewDesignator=DD28
Change Component Designator: OldDesignator=DD22 NewDesignator=DD29
Change Component Designator: OldDesignator=DD23 NewDesignator=DD30
Change Component Designator: OldDesignator=DD24 NewDesignator=DD31
Change Component Designator: OldDesignator=DD25 NewDesignator=DD32
Change Component Designator: OldDesignator=DD26 NewDesignator=DD4
Change Component Designator: OldDesignator=F1 NewDesignator=F6
Change Component Designator: OldDesignator=F2 NewDesignator=F8
Change Component Designator: OldDesignator=K1 NewDesignator=K6
Change Component Designator: OldDesignator=K2 NewDesignator=K7
Change Component Designator: OldDesignator=K3 NewDesignator=K8
Change Component Designator: OldDesignator=K4 NewDesignator=K9
Change Component Designator: OldDesignator=K5 NewDesignator=K10
Change Component Designator: OldDesignator=K6 NewDesignator=K11
Change Component Designator: OldDesignator=L1 NewDesignator=L2
Change Component Designator: OldDesignator=L2 NewDesignator=L3
Change Component Designator: OldDesignator=L3 NewDesignator=L4
Change Component Designator: OldDesignator=L4 NewDesignator=L5
Change Component Designator: OldDesignator=L5 NewDesignator=L6
Change Component Designator: OldDesignator=L6 NewDesignator=L7
Change Component Designator: OldDesignator=L7 NewDesignator=L8
Change Component Designator: OldDesignator=L8 NewDesignator=L9
Change Component Designator: OldDesignator=L9 NewDesignator=L10
Change Component Designator: OldDesignator=L10 NewDesignator=L1
Change Component Designator: OldDesignator=L11 NewDesignator=L12
Change Component Designator: OldDesignator=L12 NewDesignator=L13
Change Component Designator: OldDesignator=L13 NewDesignator=L14
Change Component Designator: OldDesignator=L14 NewDesignator=L15
Change Component Designator: OldDesignator=L15 NewDesignator=L16
Change Component Designator: OldDesignator=L16 NewDesignator=L17
Change Component Designator: OldDesignator=R1 NewDesignator=R2
Change Component Designator: OldDesignator=R2 NewDesignator=R3
Change Component Designator: OldDesignator=R3 NewDesignator=R4
Change Component Designator: OldDesignator=R4 NewDesignator=R5
Change Component Designator: OldDesignator=R5 NewDesignator=R6
Change Component Designator: OldDesignator=R6 NewDesignator=R7
Change Component Designator: OldDesignator=R7 NewDesignator=R8
Change Component Designator: OldDesignator=R8 NewDesignator=R9
Change Component Designator: OldDesignator=R9 NewDesignator=R10
Change Component Designator: OldDesignator=R10 NewDesignator=R11
Change Component Designator: OldDesignator=R11 NewDesignator=R14
Change Component Designator: OldDesignator=R12 NewDesignator=R17
Change Component Designator: OldDesignator=R13 NewDesignator=R18
Change Component Designator: OldDesignator=R14 NewDesignator=R19
Change Component Designator: OldDesignator=R15 NewDesignator=R20
Change Component Designator: OldDesignator=R16 NewDesignator=R21
Change Component Designator: OldDesignator=R17 NewDesignator=R22
Change Component Designator: OldDesignator=R18 NewDesignator=R23
Change Component Designator: OldDesignator=R19 NewDesignator=R24
Change Component Designator: OldDesignator=R20 NewDesignator=R25
Change Component Designator: OldDesignator=R21 NewDesignator=R26
Change Component Designator: OldDesignator=R22 NewDesignator=R27
Change Component Designator: OldDesignator=R23 NewDesignator=R29
Change Component Designator: OldDesignator=R24 NewDesignator=R28
Change Component Designator: OldDesignator=R25 NewDesignator=R30
Change Component Designator: OldDesignator=R26 NewDesignator=R31
Change Component Designator: OldDesignator=R27 NewDesignator=R32
Change Component Designator: OldDesignator=R28 NewDesignator=R33
Change Component Designator: OldDesignator=R29 NewDesignator=R34
Change Component Designator: OldDesignator=R30 NewDesignator=R35
Change Component Designator: OldDesignator=R31 NewDesignator=R36
Change Component Designator: OldDesignator=R32 NewDesignator=R37
Change Component Designator: OldDesignator=R33 NewDesignator=R38
Change Component Designator: OldDesignator=R34 NewDesignator=R39
Change Component Designator: OldDesignator=R35 NewDesignator=R40
Change Component Designator: OldDesignator=R36 NewDesignator=R41
Change Component Designator: OldDesignator=R37 NewDesignator=R42
Change Component Designator: OldDesignator=R38 NewDesignator=R43
Change Component Designator: OldDesignator=R39 NewDesignator=R44
Change Component Designator: OldDesignator=R40 NewDesignator=R45
Change Component Designator: OldDesignator=R41 NewDesignator=R47
Change Component Designator: OldDesignator=R42 NewDesignator=R48
Change Component Designator: OldDesignator=R43 NewDesignator=R51
Change Component Designator: OldDesignator=R44 NewDesignator=R50
Change Component Designator: OldDesignator=R45 NewDesignator=R53
Change Component Designator: OldDesignator=R46 NewDesignator=R52
Change Component Designator: OldDesignator=R47 NewDesignator=R54
Change Component Designator: OldDesignator=R48 NewDesignator=R57
Change Component Designator: OldDesignator=R49 NewDesignator=R58
Change Component Designator: OldDesignator=R50 NewDesignator=R59
Change Component Designator: OldDesignator=R51 NewDesignator=R55
Change Component Designator: OldDesignator=R52 NewDesignator=R56
Change Component Designator: OldDesignator=R53 NewDesignator=R61
Change Component Designator: OldDesignator=R54 NewDesignator=R63
Change Component Designator: OldDesignator=R55 NewDesignator=R64
Change Component Designator: OldDesignator=R56 NewDesignator=R65
Change Component Designator: OldDesignator=R57 NewDesignator=R66
Change Component Designator: OldDesignator=R58 NewDesignator=R67
Change Component Designator: OldDesignator=R59 NewDesignator=R68
Change Component Designator: OldDesignator=R60 NewDesignator=R69
Change Component Designator: OldDesignator=R61 NewDesignator=R70
Change Component Designator: OldDesignator=R62 NewDesignator=R71
Change Component Designator: OldDesignator=R63 NewDesignator=R72
Change Component Designator: OldDesignator=R64 NewDesignator=R81
Change Component Designator: OldDesignator=R65 NewDesignator=R76
Change Component Designator: OldDesignator=R66 NewDesignator=R78
Change Component Designator: OldDesignator=R67 NewDesignator=R79
Change Component Designator: OldDesignator=R68 NewDesignator=R80
Change Component Designator: OldDesignator=R69 NewDesignator=R82
Change Component Designator: OldDesignator=R70 NewDesignator=R85
Change Component Designator: OldDesignator=R71 NewDesignator=R86
Change Component Designator: OldDesignator=R72 NewDesignator=R87
Change Component Designator: OldDesignator=R73 NewDesignator=R88
Change Component Designator: OldDesignator=R74 NewDesignator=R89
Change Component Designator: OldDesignator=R75 NewDesignator=R90
Change Component Designator: OldDesignator=R76 NewDesignator=R91
Change Component Designator: OldDesignator=R77 NewDesignator=R1
Change Component Designator: OldDesignator=R78 NewDesignator=R92
Change Component Designator: OldDesignator=R79 NewDesignator=R93
Change Component Designator: OldDesignator=R80 NewDesignator=R96
Change Component Designator: OldDesignator=R81 NewDesignator=R98
Change Component Designator: OldDesignator=R82 NewDesignator=R99
Change Component Designator: OldDesignator=R83 NewDesignator=R100
Change Component Designator: OldDesignator=R84 NewDesignator=R101
Change Component Designator: OldDesignator=R85 NewDesignator=R102
Change Component Designator: OldDesignator=R86 NewDesignator=R103
Change Component Designator: OldDesignator=R87 NewDesignator=R104
Change Component Designator: OldDesignator=R88 NewDesignator=R105
Change Component Designator: OldDesignator=R89 NewDesignator=R106
Change Component Designator: OldDesignator=R90 NewDesignator=R107
Change Component Designator: OldDesignator=R91 NewDesignator=R108
Change Component Designator: OldDesignator=R94 NewDesignator=R112
Change Component Designator: OldDesignator=R95 NewDesignator=R111
Change Component Designator: OldDesignator=R96 NewDesignator=R113
Change Component Designator: OldDesignator=R97 NewDesignator=R114
Change Component Designator: OldDesignator=R100 NewDesignator=R117
Change Component Designator: OldDesignator=R101 NewDesignator=R118
Change Component Designator: OldDesignator=R102 NewDesignator=R119
Change Component Designator: OldDesignator=R103 NewDesignator=R120
Change Component Designator: OldDesignator=R104 NewDesignator=R121
Change Component Designator: OldDesignator=R105 NewDesignator=R122
Change Component Designator: OldDesignator=R106 NewDesignator=R123
Change Component Designator: OldDesignator=R107 NewDesignator=R124
Change Component Designator: OldDesignator=R108 NewDesignator=R125
Change Component Designator: OldDesignator=R109 NewDesignator=R126
Change Component Designator: OldDesignator=R110 NewDesignator=R127
Change Component Designator: OldDesignator=R111 NewDesignator=R15
Change Component Designator: OldDesignator=R112 NewDesignator=R12
Change Component Designator: OldDesignator=R113 NewDesignator=R13
Change Component Designator: OldDesignator=R114 NewDesignator=R16
Change Component Designator: OldDesignator=RN1 NewDesignator=RN4
Change Component Designator: OldDesignator=RN2 NewDesignator=RN6
Change Component Designator: OldDesignator=RN3 NewDesignator=RN10
Change Component Designator: OldDesignator=RN4 NewDesignator=RN8
Change Component Designator: OldDesignator=RN5 NewDesignator=RN9
Change Component Designator: OldDesignator=RN6 NewDesignator=RN11
Change Component Designator: OldDesignator=RN7 NewDesignator=RN2
Change Component Designator: OldDesignator=RN8 NewDesignator=RN5
Change Component Designator: OldDesignator=RN9 NewDesignator=RN1
Change Component Designator: OldDesignator=RN10 NewDesignator=RN3
Change Component Designator: OldDesignator=SW1 NewDesignator=SW7
Change Component Designator: OldDesignator=VD1 NewDesignator=VD3
Change Component Designator: OldDesignator=VD2 NewDesignator=VD4
Change Component Designator: OldDesignator=VD3 NewDesignator=VD5
Change Component Designator: OldDesignator=VD4 NewDesignator=VD6
Change Component Designator: OldDesignator=VD5 NewDesignator=VD7
Change Component Designator: OldDesignator=VD6 NewDesignator=VD8
Change Component Designator: OldDesignator=VD7 NewDesignator=VD9
Change Component Designator: OldDesignator=VD8 NewDesignator=VD10
Change Component Designator: OldDesignator=VD9 NewDesignator=VD11
Change Component Designator: OldDesignator=VD10 NewDesignator=VD12
Change Component Designator: OldDesignator=VD11 NewDesignator=VD13
Change Component Designator: OldDesignator=VD12 NewDesignator=VD15
Change Component Designator: OldDesignator=VD13 NewDesignator=VD14
Change Component Designator: OldDesignator=VD14 NewDesignator=VD16
Change Component Designator: OldDesignator=VD15 NewDesignator=VD17
Change Component Designator: OldDesignator=VD16 NewDesignator=VD18
Change Component Designator: OldDesignator=VD17 NewDesignator=VD19
Change Component Designator: OldDesignator=VD18 NewDesignator=VD20
Change Component Designator: OldDesignator=VD19 NewDesignator=VD21
Change Component Designator: OldDesignator=VD20 NewDesignator=VD22
Change Component Designator: OldDesignator=VD21 NewDesignator=VD23
Change Component Designator: OldDesignator=VD22 NewDesignator=VD24
Change Component Designator: OldDesignator=VD23 NewDesignator=VD25
Change Component Designator: OldDesignator=VD24 NewDesignator=VD26
Change Component Designator: OldDesignator=VD26 NewDesignator=VD2
Change Component Designator: OldDesignator=VT1 NewDesignator=VT3
Change Component Designator: OldDesignator=VT2 NewDesignator=VT6
Change Component Designator: OldDesignator=VT3 NewDesignator=VT7
Change Component Designator: OldDesignator=VT4 NewDesignator=VT8
Change Component Designator: OldDesignator=VT5 NewDesignator=VT10
Change Component Designator: OldDesignator=VT6 NewDesignator=VT9
Change Component Designator: OldDesignator=VT7 NewDesignator=VT11
Change Component Designator: OldDesignator=VT8 NewDesignator=VT12
Change Component Designator: OldDesignator=VT9 NewDesignator=VT13
Change Component Designator: OldDesignator=VT10 NewDesignator=VT1
Change Component Designator: OldDesignator=VT11 NewDesignator=VT2
Change Component Designator: OldDesignator=VT12 NewDesignator=VT4
Change Component Designator: OldDesignator=VT13 NewDesignator=VT5
Change Component Designator: OldDesignator=X1 NewDesignator=X3
Change Component Designator: OldDesignator=X2 NewDesignator=X4
Change Component Designator: OldDesignator=X3 NewDesignator=X5
Change Component Designator: OldDesignator=X4 NewDesignator=X6
Change Component Designator: OldDesignator=X5 NewDesignator=X7
Change Component Designator: OldDesignator=X6 NewDesignator=X8
Change Component Designator: OldDesignator=X7 NewDesignator=X9
Change Component Designator: OldDesignator=X8 NewDesignator=X10
Change Component Designator: OldDesignator=X9 NewDesignator=X12
Change Component Designator: OldDesignator=X10 NewDesignator=X11
Change Component Designator: OldDesignator=X12 NewDesignator=X17
Change Component Designator: OldDesignator=X13 NewDesignator=X1
Change Component Designator: OldDesignator=X14 NewDesignator=X2
Change Component Designator: OldDesignator=X15 NewDesignator=X18
Change Component Designator: OldDesignator=X16 NewDesignator=X19
Change Component Designator: OldDesignator=X17 NewDesignator=X20
Change Component Designator: OldDesignator=X18 NewDesignator=X21
Change Component Designator: OldDesignator=X19 NewDesignator=X22
Change Component Designator: OldDesignator=X20 NewDesignator=X23
Change Component Designator: OldDesignator=X21 NewDesignator=X24
Added Component: Designator=C72(SMD_C_0603)
Added Component: Designator=C73(SMD_C_0603)
Added Component: Designator=C77(SMD_C_0603)
Added Component: Designator=C79(SMD_C_0603)
Added Component: Designator=C80(SMD_C_0603)
Added Component: Designator=C81(SMD_C_0603)
Added Component: Designator=C82(SMD_C_0603)
Added Component: Designator=C85(SMD_C_0603)
Added Component: Designator=C86(SMD_C_0603)
Added Component: Designator=C87(SMD_C_0603)
Added Component: Designator=C90(SMD_C_0603)
Added Component: Designator=C94(SMD_C_0603)
Added Component: Designator=C99(SMD_C_1206)
Added Component: Designator=C102(SMD_C_0603)
Added Component: Designator=C103(SMD_C_0603)
Added Component: Designator=C104(SMD_C_0603)
Added Component: Designator=C112(SMD_C_0603)
Added Component: Designator=C113(SMD_C_0603)
Added Component: Designator=C114(SMD_C_0603)
Added Component: Designator=C115(SMD_C_0603)
Added Component: Designator=C116(SMD_C_0603)
Added Component: Designator=C117(SMD_C_0603)
Added Component: Designator=C144(SMD_C_0603)
Added Component: Designator=C145(SMD_C_0603)
Added Component: Designator=C166(SMD_C_0603)
Added Component: Designator=C167(SMD_C_0603)
Added Component: Designator=DD12(TSSOP14)
Added Component: Designator=DD16(SOT-23(DBV))
Added Component: Designator=DD18(SOT-23(DBV))
Added Component: Designator=DD21(SOIC127P1030X265-16M)
Added Component: Designator=DD22(SOIC127P1030X265-16M)
Added Component: Designator=DD23(SOT-23(DBV))
Added Component: Designator=DD24(SOT-23(DBV))
Added Component: Designator=F7(C250-400)
Added Component: Designator=L11(WE-CNSW-0805)
Added Component: Designator=R46(SMD_R_0603)
Added Component: Designator=R49(SMD_R_0603)
Added Component: Designator=R60(SMD_R_0805)
Added Component: Designator=R62(SMD_R_0805)
Added Component: Designator=R73(SMD_R_0603)
Added Component: Designator=R74(SMD_R_0603)
Added Component: Designator=R75(SMD_R_0603)
Added Component: Designator=R77(SMD_R_0603)
Added Component: Designator=R83(SMD_R_0603)
Added Component: Designator=R84(SMD_R_0603)
Added Component: Designator=R94(SMD_R_0603)
Added Component: Designator=R95(SMD_R_0603)
Added Component: Designator=R97(SMD_R_0603)
Added Component: Designator=R109(SMD_R_0603)
Added Component: Designator=R110(SMD_R_0603)
Added Component: Designator=R115(SMD_R_0603)
Added Component: Designator=R116(SMD_R_0603)
Added Component: Designator=VD1(SMD_LED_LL_Red)
Added Component: Designator=VD27(SOT23-3)
Added Component: Designator=X13(B03P-NV)
Added Component: Designator=X14(B03P-NV)
Added Component: Designator=X15(53313-1265)
Added Component: Designator=X16(53313-1265)
Added Pin To Net: NetName=GND_C Pin=C72-2
Added Pin To Net: NetName=GND_C Pin=C73-1
Added Pin To Net: NetName=NetC70_1 Pin=C73-2
Added Pin To Net: NetName=GND_C Pin=C75-2
Added Pin To Net: NetName=GND_C Pin=C77-2
Added Pin To Net: NetName=GND_C Pin=C79-2
Added Pin To Net: NetName=GND_C Pin=C80-2
Added Pin To Net: NetName=NetC81_2 Pin=C81-2
Added Pin To Net: NetName=+3V3 Pin=C82-1
Added Pin To Net: NetName=GND_C Pin=C82-2
Added Pin To Net: NetName=+3V3 Pin=C85-1
Added Pin To Net: NetName=GND_C Pin=C85-2
Added Pin To Net: NetName=GND_C Pin=C86-1
Added Pin To Net: NetName=+3V3 Pin=C86-2
Added Pin To Net: NetName=GND_C Pin=C87-1
Added Pin To Net: NetName=+3V3 Pin=C87-2
Added Pin To Net: NetName=GND_C Pin=C90-1
Added Pin To Net: NetName=+3V3 Pin=C90-2
Added Pin To Net: NetName=+3V3 Pin=C94-1
Added Pin To Net: NetName=GND_C Pin=C94-2
Added Pin To Net: NetName=RX_RS485 Pin=C96-2
Added Pin To Net: NetName=SYNC_PWM Pin=C105-2
Added Pin To Net: NetName=SYNC_STEP Pin=C106-2
Added Pin To Net: NetName=FREE_BIT_IN Pin=C108-2
Added Pin To Net: NetName=GND_C Pin=C144-2
Added Pin To Net: NetName=GND_C Pin=C145-2
Added Pin To Net: NetName=NetDD25_6 Pin=C166-1
Added Pin To Net: NetName=GND_C Pin=C166-2
Added Pin To Net: NetName=NetDD25_7 Pin=C167-1
Added Pin To Net: NetName=GND_C Pin=C167-2
Added Pin To Net: NetName=PWM1 Pin=DD2-60
Added Pin To Net: NetName=PWM2 Pin=DD2-74
Added Pin To Net: NetName=GND_C Pin=DD12-7
Added Pin To Net: NetName=GND_C Pin=DD12-11
Added Pin To Net: NetName=GND_C Pin=DD12-13
Added Pin To Net: NetName=+3V3 Pin=DD12-14
Added Pin To Net: NetName=NetDD14_3 Pin=DD14-4
Added Pin To Net: NetName=GND_C Pin=DD14-7
Added Pin To Net: NetName=GND_C Pin=DD14-9
Added Pin To Net: NetName=+3V3 Pin=DD14-14
Added Pin To Net: NetName=GND_C Pin=DD15-3
Added Pin To Net: NetName=+3V3 Pin=DD15-5
Added Pin To Net: NetName=NetC70_1 Pin=DD16-1
Added Pin To Net: NetName=NetC70_1 Pin=DD16-2
Added Pin To Net: NetName=GND_C Pin=DD16-3
Added Pin To Net: NetName=+3V3 Pin=DD16-5
Added Pin To Net: NetName=GND_C Pin=DD17-1
Added Pin To Net: NetName=GND_C Pin=DD18-3
Added Pin To Net: NetName=+3V3 Pin=DD18-5
Added Pin To Net: NetName=+3V3 Pin=DD21-1
Added Pin To Net: NetName=GND_C Pin=DD21-2
Added Pin To Net: NetName=+3V3 Pin=DD21-7
Added Pin To Net: NetName=GND_C Pin=DD21-8
Added Pin To Net: NetName=GND_C Pin=DD22-9
Added Pin To Net: NetName=+3V3 Pin=DD22-16
Added Pin To Net: NetName=~220V_L Pin=F7-1
Added Pin To Net: NetName=GREEN Pin=K7-2
Added Pin To Net: NetName=YELLOW Pin=K7-5
Added Pin To Net: NetName=RED Pin=K9-5
Added Pin To Net: NetName=~220V_L Pin=K11-3
Added Pin To Net: NetName=BUZZER Pin=K11-4
Added Pin To Net: NetName=BUZZER Pin=K11-5
Added Pin To Net: NetName=+3V3 Pin=R49-1
Added Pin To Net: NetName=NetC81_2 Pin=R60-2
Added Pin To Net: NetName=NetC81_2 Pin=R62-2
Added Pin To Net: NetName=GND_C Pin=R73-1
Added Pin To Net: NetName=FREE_BIT_OUT Pin=R74-1
Added Pin To Net: NetName=ALARM_OUT Pin=R76-1
Added Pin To Net: NetName=GND_C Pin=R94-1
Added Pin To Net: NetName=NetC115_2 Pin=R94-2
Added Pin To Net: NetName=GND_C Pin=R95-1
Added Pin To Net: NetName=NetC116_2 Pin=R95-2
Added Pin To Net: NetName=GND_C Pin=R97-1
Added Pin To Net: NetName=NetC119_2 Pin=R97-2
Added Pin To Net: NetName=TEMP_SDA Pin=R109-1
Added Pin To Net: NetName=+3V3 Pin=R109-2
Added Pin To Net: NetName=TEMP_SCLK Pin=R110-1
Added Pin To Net: NetName=+3V3 Pin=R110-2
Added Pin To Net: NetName=NetDD25_6 Pin=R115-1
Added Pin To Net: NetName=NetC139_2 Pin=R115-2
Added Pin To Net: NetName=NetDD25_7 Pin=R116-1
Added Pin To Net: NetName=NetC139_2 Pin=R116-2
Added Pin To Net: NetName=RX_RS485 Pin=RN8-1
Added Pin To Net: NetName=\R\E\/DE Pin=RN8-2
Added Pin To Net: NetName=TX_RS485 Pin=RN8-3
Added Pin To Net: NetName=SYNC_PWM Pin=RN9-1
Added Pin To Net: NetName=SYNC_STEP Pin=RN9-2
Added Pin To Net: NetName=FREE_BIT_IN Pin=RN9-4
Added Pin To Net: NetName=GREEN Pin=X13-1
Added Pin To Net: NetName=YELLOW Pin=X13-2
Added Pin To Net: NetName=RED Pin=X14-1
Added Pin To Net: NetName=BUZZER Pin=X14-2
Change Net Name : Old Net Name=ADC1_ALARM New Net Name=ADC1_ALARM_1
Change Net Name : Old Net Name=ADC1_ALARM_1 New Net Name=ADC1_ALARM
Change Net Name : Old Net Name=ADC1_SDI New Net Name=ADC1_MISO_1
Change Net Name : Old Net Name=ADC1_SDI_1 New Net Name=ADC1_MISO
Change Net Name : Old Net Name=ADC1_SDO New Net Name=ADC1_MOSI
Change Net Name : Old Net Name=ADC1_SDO_1 New Net Name=ADC1_MOSI_1
Change Net Name : Old Net Name=ADC2_CS_M New Net Name=ADC2_CS_1
Change Net Name : Old Net Name=ADC2_SCLK_M New Net Name=ADC2_SCLK_1
Change Net Name : Old Net Name=ADC2_SDI New Net Name=ADC2_MISO
Change Net Name : Old Net Name=ADC2_SDI_M New Net Name=ADC2_MOSI_1
Change Net Name : Old Net Name=ADC2_SDO New Net Name=ADC2_MOSI
Change Net Name : Old Net Name=ADC2_SYN_M New Net Name=ADC2_SYN_1
Change Net Name : Old Net Name=EXT_ALARM_1 New Net Name=EXT_OFF
Change Net Name : Old Net Name=NetBQ1_1 New Net Name=NetBQ2_1
Change Net Name : Old Net Name=NetBQ1_2 New Net Name=NetBQ2_2
Change Net Name : Old Net Name=NetC14_1 New Net Name=NetC15_1
Change Net Name : Old Net Name=NetC21_1 New Net Name=NetC22_1
Change Net Name : Old Net Name=NetC22_1 New Net Name=NetC23_1
Change Net Name : Old Net Name=NetC22_2 New Net Name=NetC23_2
Change Net Name : Old Net Name=NetC32_1 New Net Name=NetC33_1
Change Net Name : Old Net Name=NetC33_2 New Net Name=NetC34_2
Change Net Name : Old Net Name=NetC37_2 New Net Name=NetC39_2
Change Net Name : Old Net Name=NetC39_2 New Net Name=NetC41_2
Change Net Name : Old Net Name=NetC40_2 New Net Name=NetC42_2
Change Net Name : Old Net Name=NetC41_1 New Net Name=NetC43_1
Change Net Name : Old Net Name=NetC42_1 New Net Name=NetC44_1
Change Net Name : Old Net Name=NetC47_2 New Net Name=NetC49_2
Change Net Name : Old Net Name=NetC50_2 New Net Name=NetC52_2
Change Net Name : Old Net Name=NetC51_1 New Net Name=NetC53_1
Change Net Name : Old Net Name=NetC52_1 New Net Name=NetC54_1
Change Net Name : Old Net Name=NetC54_1 New Net Name=NetC56_1
Change Net Name : Old Net Name=NetC54_2 New Net Name=NetC56_2
Change Net Name : Old Net Name=NetC56_2 New Net Name=NetC58_2
Change Net Name : Old Net Name=NetC57_1 New Net Name=NetC59_1
Change Net Name : Old Net Name=NetC57_2 New Net Name=NetC59_2
Change Net Name : Old Net Name=NetC58_2 New Net Name=NetC60_2
Change Net Name : Old Net Name=NetC60_2 New Net Name=NetC62_2
Change Net Name : Old Net Name=NetC64_2 New Net Name=NetC66_2
Change Net Name : Old Net Name=NetC65_2 New Net Name=NetC68_2
Change Net Name : Old Net Name=NetC70_1 New Net Name=NetC73_2
Change Net Name : Old Net Name=NetC94_1 New Net Name=NetC122_1
Change Net Name : Old Net Name=NetC95_1 New Net Name=NetC123_1
Change Net Name : Old Net Name=NetC96_1 New Net Name=NetC124_1
Change Net Name : Old Net Name=NetC97_1 New Net Name=NetC125_1
Change Net Name : Old Net Name=NetC101_2 New Net Name=NetC134_2
Change Net Name : Old Net Name=NetC102_2 New Net Name=NetC135_2
Change Net Name : Old Net Name=NetC103_2 New Net Name=NetC136_2
Change Net Name : Old Net Name=NetC108_2 New Net Name=NetC132_2
Change Net Name : Old Net Name=NetC109_2 New Net Name=NetC131_2
Change Net Name : Old Net Name=NetC110_2 New Net Name=NetC130_2
Change Net Name : Old Net Name=NetC111_2 New Net Name=NetC129_2
Change Net Name : Old Net Name=NetC112_2 New Net Name=NetC1_2
Change Net Name : Old Net Name=NetC115_2 New Net Name=NetC142_2
Change Net Name : Old Net Name=NetC116_2 New Net Name=NetC143_2
Change Net Name : Old Net Name=NetC119_2 New Net Name=NetC148_2
Change Net Name : Old Net Name=NetC123_1 New Net Name=NetC152_1
Change Net Name : Old Net Name=NetC127_1 New Net Name=NetC156_1
Change Net Name : Old Net Name=NetC131_1 New Net Name=NetC161_1
Change Net Name : Old Net Name=NetC137_1 New Net Name=NetC170_1
Change Net Name : Old Net Name=NetC137_2 New Net Name=NetC170_2
Change Net Name : Old Net Name=NetC139_2 New Net Name=NetC173_2
Change Net Name : Old Net Name=NetC141_1 New Net Name=NetC175_1
Change Net Name : Old Net Name=NetC141_2 New Net Name=NetC175_2
Change Net Name : Old Net Name=NetDA4_2 New Net Name=NetDA6_2
Change Net Name : Old Net Name=NetDA4_3 New Net Name=NetDA6_3
Change Net Name : Old Net Name=NetDA4_7 New Net Name=NetDA6_7
Change Net Name : Old Net Name=NetDD1_24 New Net Name=NetDD2_24
Change Net Name : Old Net Name=NetDD2_1 New Net Name=NetDD5_1
Change Net Name : Old Net Name=NetDD2_5 New Net Name=NetDD5_5
Change Net Name : Old Net Name=NetDD2_22 New Net Name=NetDD5_22
Change Net Name : Old Net Name=NetDD2_23 New Net Name=NetDD5_23
Change Net Name : Old Net Name=NetDD4_4 New Net Name=NetDD7_4
Change Net Name : Old Net Name=NetDD7_16 New Net Name=NetDD10_16
Change Net Name : Old Net Name=NetDD9_6 New Net Name=NetDD13_6
Change Net Name : Old Net Name=NetDD12_4 New Net Name=NetDD17_4
Change Net Name : Old Net Name=NetDD13_1 New Net Name=NetDD20_1
Change Net Name : Old Net Name=NetDD13_3 New Net Name=NetDD20_3
Change Net Name : Old Net Name=NetDD13_5 New Net Name=NetDD20_5
Change Net Name : Old Net Name=NetDD16_3 New Net Name=NetDD25_3
Change Net Name : Old Net Name=NetDD16_5 New Net Name=NetDD25_5
Change Net Name : Old Net Name=NetDD16_7 New Net Name=NetDD25_7
Change Net Name : Old Net Name=NetDD16_9 New Net Name=NetDD25_9
Change Net Name : Old Net Name=NetDD16_16 New Net Name=NetDD25_16
Change Net Name : Old Net Name=NetDD16_18 New Net Name=NetDD25_18
Change Net Name : Old Net Name=NetDD17_11 New Net Name=NetDD1_11
Change Net Name : Old Net Name=NetDD17_12 New Net Name=NetDD1_12
Change Net Name : Old Net Name=NetDD17_13 New Net Name=NetDD1_13
Change Net Name : Old Net Name=NetDD17_14 New Net Name=NetDD1_14
Change Net Name : Old Net Name=NetDD17_15 New Net Name=NetDD1_15
Change Net Name : Old Net Name=NetDD17_16 New Net Name=NetDD1_16
Change Net Name : Old Net Name=NetDD17_17 New Net Name=NetDD1_17
Change Net Name : Old Net Name=NetDD17_18 New Net Name=NetDD1_18
Change Net Name : Old Net Name=NetDD22_2 New Net Name=NetDD29_2
Change Net Name : Old Net Name=NetDD22_3 New Net Name=NetDD29_3
Change Net Name : Old Net Name=NetDD22_4 New Net Name=NetDD29_4
Change Net Name : Old Net Name=NetDD22_6 New Net Name=NetDD29_6
Change Net Name : Old Net Name=NetDD22_8 New Net Name=NetDD29_8
Change Net Name : Old Net Name=NetDD23_4 New Net Name=NetDD30_4
Change Net Name : Old Net Name=NetDD24_1 New Net Name=NetDD31_1
Change Net Name : Old Net Name=NetDD24_4 New Net Name=NetDD31_4
Change Net Name : Old Net Name=NetDD25_2 New Net Name=NetDD32_2
Change Net Name : Old Net Name=NetDD25_3 New Net Name=NetDD32_3
Change Net Name : Old Net Name=NetDD25_6 New Net Name=NetC166_1
Change Net Name : Old Net Name=NetDD25_7 New Net Name=NetC167_1
Change Net Name : Old Net Name=NetDD26_1 New Net Name=NetDD4_1
Change Net Name : Old Net Name=NetF1_2 New Net Name=NetF6_2
Change Net Name : Old Net Name=NetK1_1 New Net Name=NetK6_1
Change Net Name : Old Net Name=NetK1_4 New Net Name=NetK6_4
Change Net Name : Old Net Name=NetK2_8 New Net Name=NetK7_8
Change Net Name : Old Net Name=NetK3_1 New Net Name=NetK8_1
Change Net Name : Old Net Name=NetK4_8 New Net Name=NetK9_8
Change Net Name : Old Net Name=NetL4_1 New Net Name=NetL5_1
Change Net Name : Old Net Name=NetL5_1 New Net Name=NetL6_1
Change Net Name : Old Net Name=NetL5_2 New Net Name=NetL6_2
Change Net Name : Old Net Name=NetL5_4 New Net Name=NetL6_4
Change Net Name : Old Net Name=NetL7_1 New Net Name=NetL8_1
Change Net Name : Old Net Name=NetL8_2 New Net Name=NetL9_2
Change Net Name : Old Net Name=NetL10_1 New Net Name=NetL1_1
Change Net Name : Old Net Name=NetL10_2 New Net Name=NetL1_2
Change Net Name : Old Net Name=NetL11_1 New Net Name=NetL12_1
Change Net Name : Old Net Name=NetL11_2 New Net Name=NetL12_2
Change Net Name : Old Net Name=NetL14_1 New Net Name=NetL15_1
Change Net Name : Old Net Name=NetL14_2 New Net Name=NetL15_2
Change Net Name : Old Net Name=NetL15_1 New Net Name=NetL16_1
Change Net Name : Old Net Name=NetL15_2 New Net Name=NetL16_2
Change Net Name : Old Net Name=NetR2_2 New Net Name=NetR3_2
Change Net Name : Old Net Name=NetR3_1 New Net Name=NetR4_1
Change Net Name : Old Net Name=NetR4_1 New Net Name=NetR5_1
Change Net Name : Old Net Name=NetR14_2 New Net Name=NetR19_2
Change Net Name : Old Net Name=NetR15_2 New Net Name=NetR20_2
Change Net Name : Old Net Name=NetR18_2 New Net Name=NetR23_2
Change Net Name : Old Net Name=NetR23_1 New Net Name=NetR29_1
Change Net Name : Old Net Name=NetR26_2 New Net Name=NetR31_2
Change Net Name : Old Net Name=NetR31_1 New Net Name=NetR36_1
Change Net Name : Old Net Name=NetR33_2 New Net Name=NetR38_2
Change Net Name : Old Net Name=NetR40_1 New Net Name=NetR45_1
Change Net Name : Old Net Name=NetR41_2 New Net Name=NetR47_2
Change Net Name : Old Net Name=NetR43_2 New Net Name=NetR51_2
Change Net Name : Old Net Name=NetR47_2 New Net Name=NetR54_2
Change Net Name : Old Net Name=NetR49_2 New Net Name=NetR58_2
Change Net Name : Old Net Name=NetR51_1 New Net Name=NetR55_1
Change Net Name : Old Net Name=NetR51_2 New Net Name=NetR55_2
Change Net Name : Old Net Name=NetR52_1 New Net Name=NetR56_1
Change Net Name : Old Net Name=NetR52_2 New Net Name=NetR56_2
Change Net Name : Old Net Name=NetR53_2 New Net Name=NetR61_2
Change Net Name : Old Net Name=NetR54_2 New Net Name=NetR63_2
Change Net Name : Old Net Name=NetR55_2 New Net Name=NetR64_2
Change Net Name : Old Net Name=NetR60_1 New Net Name=NetR69_1
Change Net Name : Old Net Name=NetR62_1 New Net Name=NetR71_1
Change Net Name : Old Net Name=NetR63_1 New Net Name=NetR72_1
Change Net Name : Old Net Name=NetR89_2 New Net Name=NetR106_2
Change Net Name : Old Net Name=NetR103_1 New Net Name=NetR120_1
Change Net Name : Old Net Name=NetR105_2 New Net Name=NetR122_2
Change Net Name : Old Net Name=NetR107_2 New Net Name=NetR124_2
Change Net Name : Old Net Name=NetR108_2 New Net Name=NetR125_2
Change Net Name : Old Net Name=NetVD24_2 New Net Name=NetVD26_2
Change Net Name : Old Net Name=NetVD26_2 New Net Name=NetVD2_2
Change Net Name : Old Net Name=NetVT10_3 New Net Name=NetVT1_3
Change Net Name : Old Net Name=NetVT11_3 New Net Name=NetVT2_3
Change Net Name : Old Net Name=PRT_ALARM New Net Name=PRT_ALARM_2
Change Net Name : Old Net Name=PRT_ALARM_2 New Net Name=PRT_ALARM
Added Pin To Net: NetName=5V_485 Pin=C95-2
Added Pin To Net: NetName=5V_485 Pin=C99-2
Added Pin To Net: NetName=5V_485 Pin=C101-2
Added Pin To Net: NetName=5V_485 Pin=C102-2
Added Pin To Net: NetName=5V_485 Pin=C115-2
Added Pin To Net: NetName=5V_485 Pin=DD21-16
Added Pin To Net: NetName=5V_485 Pin=DD22-1
Added Pin To Net: NetName=5V_485 Pin=DD23-5
Added Pin To Net: NetName=5V_485 Pin=DD24-5
Added Pin To Net: NetName=5V_485 Pin=R78-1
Added Pin To Net: NetName=5V_485 Pin=X15-1A
Added Pin To Net: NetName=5V_485 Pin=X16-1A
Added Net: Name=5V_485
Added Pin To Net: NetName=A_485 Pin=L11-3
Added Pin To Net: NetName=A_485 Pin=X15-2A
Added Pin To Net: NetName=A_485 Pin=X16-2A
Added Net: Name=A_485
Added Pin To Net: NetName=ADC2_DRDY_1 Pin=C121-1
Added Pin To Net: NetName=ADC2_DRDY_1 Pin=DD25-2
Added Pin To Net: NetName=ADC2_DRDY_1 Pin=X17-8
Added Net: Name=ADC2_DRDY_1
Added Pin To Net: NetName=ADC2_MISO_1 Pin=C120-1
Added Pin To Net: NetName=ADC2_MISO_1 Pin=DD25-4
Added Pin To Net: NetName=ADC2_MISO_1 Pin=X17-6
Added Net: Name=ADC2_MISO_1
Added Pin To Net: NetName=ALARM_EXT Pin=C103-2
Added Pin To Net: NetName=ALARM_EXT Pin=C117-2
Added Pin To Net: NetName=ALARM_EXT Pin=DD23-1
Added Pin To Net: NetName=ALARM_EXT Pin=DD24-2
Added Pin To Net: NetName=ALARM_EXT Pin=R78-2
Added Pin To Net: NetName=ALARM_EXT Pin=R84-2
Added Pin To Net: NetName=ALARM_EXT Pin=X15-6A
Added Pin To Net: NetName=ALARM_EXT Pin=X16-6A
Added Net: Name=ALARM_EXT
Added Pin To Net: NetName=ALARM_OUT_1 Pin=C104-2
Added Pin To Net: NetName=ALARM_OUT_1 Pin=DD23-2
Added Pin To Net: NetName=ALARM_OUT_1 Pin=R77-2
Added Net: Name=ALARM_OUT_1
Added Pin To Net: NetName=ALARM_OUT_2 Pin=DD23-4
Added Pin To Net: NetName=ALARM_OUT_2 Pin=X15-5B
Added Pin To Net: NetName=ALARM_OUT_2 Pin=X16-5B
Added Net: Name=ALARM_OUT_2
Added Pin To Net: NetName=B_485 Pin=L11-2
Added Pin To Net: NetName=B_485 Pin=X15-2B
Added Pin To Net: NetName=B_485 Pin=X16-2B
Added Net: Name=B_485
Added Pin To Net: NetName=EXT_OFF_1 Pin=C107-2
Added Pin To Net: NetName=EXT_OFF_1 Pin=DD12-9
Added Pin To Net: NetName=EXT_OFF_1 Pin=RN9-3
Added Net: Name=EXT_OFF_1
Added Pin To Net: NetName=EXT_OFF_2 Pin=DD24-4
Added Pin To Net: NetName=EXT_OFF_2 Pin=RN10-6
Added Net: Name=EXT_OFF_2
Added Pin To Net: NetName=EXT_OFF_IN Pin=C116-2
Added Pin To Net: NetName=EXT_OFF_IN Pin=DD24-1
Added Pin To Net: NetName=EXT_OFF_IN Pin=R83-2
Added Pin To Net: NetName=EXT_OFF_IN Pin=X15-4A
Added Pin To Net: NetName=EXT_OFF_IN Pin=X16-4A
Added Net: Name=EXT_OFF_IN
Added Pin To Net: NetName=FREE_BIT_IN_1 Pin=RN10-5
Added Pin To Net: NetName=FREE_BIT_IN_1 Pin=X15-4B
Added Pin To Net: NetName=FREE_BIT_IN_1 Pin=X16-4B
Added Net: Name=FREE_BIT_IN_1
Added Pin To Net: NetName=FREE_BIT_OUT_1 Pin=R75-2
Added Pin To Net: NetName=FREE_BIT_OUT_1 Pin=X15-5A
Added Pin To Net: NetName=FREE_BIT_OUT_1 Pin=X16-5A
Added Net: Name=FREE_BIT_OUT_1
Added Pin To Net: NetName=GND_485 Pin=C95-1
Added Pin To Net: NetName=GND_485 Pin=C99-1
Added Pin To Net: NetName=GND_485 Pin=C101-1
Added Pin To Net: NetName=GND_485 Pin=C102-1
Added Pin To Net: NetName=GND_485 Pin=C103-1
Added Pin To Net: NetName=GND_485 Pin=C104-1
Added Pin To Net: NetName=GND_485 Pin=C111-1
Added Pin To Net: NetName=GND_485 Pin=C112-1
Added Pin To Net: NetName=GND_485 Pin=C113-1
Added Pin To Net: NetName=GND_485 Pin=C114-1
Added Pin To Net: NetName=GND_485 Pin=C115-1
Added Pin To Net: NetName=GND_485 Pin=C116-1
Added Pin To Net: NetName=GND_485 Pin=C117-1
Added Pin To Net: NetName=GND_485 Pin=DD21-9
Added Pin To Net: NetName=GND_485 Pin=DD21-15
Added Pin To Net: NetName=GND_485 Pin=DD22-8
Added Pin To Net: NetName=GND_485 Pin=DD23-3
Added Pin To Net: NetName=GND_485 Pin=DD24-3
Added Pin To Net: NetName=GND_485 Pin=R79-1
Added Pin To Net: NetName=GND_485 Pin=R80-1
Added Pin To Net: NetName=GND_485 Pin=R81-2
Added Pin To Net: NetName=GND_485 Pin=R82-1
Added Pin To Net: NetName=GND_485 Pin=R83-1
Added Pin To Net: NetName=GND_485 Pin=R84-1
Added Pin To Net: NetName=GND_485 Pin=VD27-3
Added Pin To Net: NetName=GND_485 Pin=X15-1B
Added Pin To Net: NetName=GND_485 Pin=X16-1B
Added Net: Name=GND_485
Added Pin To Net: NetName=NetC67_2 Pin=C67-2
Added Pin To Net: NetName=NetC67_2 Pin=DD14-5
Added Pin To Net: NetName=NetC67_2 Pin=R49-2
Added Pin To Net: NetName=NetC67_2 Pin=RN6-4
Added Net: Name=NetC67_2
Added Pin To Net: NetName=NetC72_1 Pin=C72-1
Added Pin To Net: NetName=NetC72_1 Pin=DD15-2
Added Pin To Net: NetName=NetC72_1 Pin=DD16-4
Added Net: Name=NetC72_1
Added Pin To Net: NetName=NetC75_1 Pin=C75-1
Added Pin To Net: NetName=NetC75_1 Pin=DD13-3
Added Pin To Net: NetName=NetC75_1 Pin=DD13-4
Added Pin To Net: NetName=NetC75_1 Pin=DD18-1
Added Net: Name=NetC75_1
Added Pin To Net: NetName=NetC76_1 Pin=C76-1
Added Pin To Net: NetName=NetC76_1 Pin=DD18-2
Added Pin To Net: NetName=NetC76_1 Pin=DD19-11
Added Net: Name=NetC76_1
Added Pin To Net: NetName=NetC77_1 Pin=C77-1
Added Pin To Net: NetName=NetC77_1 Pin=DD17-2
Added Pin To Net: NetName=NetC77_1 Pin=DD18-4
Added Net: Name=NetC77_1
Added Pin To Net: NetName=NetC79_1 Pin=C79-1
Added Pin To Net: NetName=NetC79_1 Pin=DD19-4
Added Pin To Net: NetName=NetC79_1 Pin=R60-1
Added Net: Name=NetC79_1
Added Pin To Net: NetName=NetC80_1 Pin=C80-1
Added Pin To Net: NetName=NetC80_1 Pin=DD13-8
Added Pin To Net: NetName=NetC80_1 Pin=DD14-1
Added Pin To Net: NetName=NetC80_1 Pin=DD19-1
Added Pin To Net: NetName=NetC80_1 Pin=DD19-2
Added Net: Name=NetC80_1
Added Pin To Net: NetName=NetC81_1 Pin=C81-1
Added Pin To Net: NetName=NetC81_1 Pin=DD19-8
Added Pin To Net: NetName=NetC81_1 Pin=DD19-12
Added Net: Name=NetC81_1
Added Pin To Net: NetName=NetC97_2 Pin=C97-2
Added Pin To Net: NetName=NetC97_2 Pin=DD21-4
Added Pin To Net: NetName=NetC97_2 Pin=DD21-5
Added Pin To Net: NetName=NetC97_2 Pin=R73-2
Added Pin To Net: NetName=NetC97_2 Pin=RN8-7
Added Net: Name=NetC97_2
Added Pin To Net: NetName=NetC98_2 Pin=C98-2
Added Pin To Net: NetName=NetC98_2 Pin=DD21-6
Added Pin To Net: NetName=NetC98_2 Pin=RN8-6
Added Net: Name=NetC98_2
Added Pin To Net: NetName=NetC109_2 Pin=C109-2
Added Pin To Net: NetName=NetC109_2 Pin=DD22-11
Added Pin To Net: NetName=NetC109_2 Pin=R74-2
Added Net: Name=NetC109_2
Added Pin To Net: NetName=NetC110_2 Pin=C110-2
Added Pin To Net: NetName=NetC110_2 Pin=DD22-10
Added Pin To Net: NetName=NetC110_2 Pin=R76-2
Added Net: Name=NetC110_2
Added Pin To Net: NetName=NetC111_2 Pin=C111-2
Added Pin To Net: NetName=NetC111_2 Pin=DD22-2
Added Pin To Net: NetName=NetC111_2 Pin=R79-2
Added Pin To Net: NetName=NetC111_2 Pin=RN10-1
Added Net: Name=NetC111_2
Added Pin To Net: NetName=NetC112_2 Pin=C112-2
Added Pin To Net: NetName=NetC112_2 Pin=DD22-3
Added Pin To Net: NetName=NetC112_2 Pin=R80-2
Added Pin To Net: NetName=NetC112_2 Pin=RN10-2
Added Net: Name=NetC112_2
Added Pin To Net: NetName=NetC113_2 Pin=C113-2
Added Pin To Net: NetName=NetC113_2 Pin=DD22-4
Added Pin To Net: NetName=NetC113_2 Pin=R81-1
Added Pin To Net: NetName=NetC113_2 Pin=R82-2
Added Pin To Net: NetName=NetC113_2 Pin=RN10-3
Added Net: Name=NetC113_2
Added Pin To Net: NetName=NetC114_2 Pin=C114-2
Added Pin To Net: NetName=NetC114_2 Pin=DD22-5
Added Pin To Net: NetName=NetC114_2 Pin=RN10-4
Added Net: Name=NetC114_2
Added Pin To Net: NetName=NetDD12_1 Pin=DD12-1
Added Pin To Net: NetName=NetDD12_1 Pin=R39-1
Added Pin To Net: NetName=NetDD12_1 Pin=VT6-3
Added Net: Name=NetDD12_1
Added Pin To Net: NetName=NetDD12_2 Pin=DD12-2
Added Pin To Net: NetName=NetDD12_2 Pin=DD13-1
Added Pin To Net: NetName=NetDD12_2 Pin=RN6-1
Added Net: Name=NetDD12_2
Added Pin To Net: NetName=NetDD12_3 Pin=DD12-3
Added Pin To Net: NetName=NetDD12_3 Pin=R48-1
Added Pin To Net: NetName=NetDD12_3 Pin=VT7-3
Added Net: Name=NetDD12_3
Added Pin To Net: NetName=NetDD12_4 Pin=DD12-4
Added Pin To Net: NetName=NetDD12_4 Pin=DD13-2
Added Pin To Net: NetName=NetDD12_4 Pin=RN6-2
Added Net: Name=NetDD12_4
Added Pin To Net: NetName=NetDD12_5 Pin=DD12-5
Added Pin To Net: NetName=NetDD12_5 Pin=R57-1
Added Pin To Net: NetName=NetDD12_5 Pin=VT10-3
Added Net: Name=NetDD12_5
Added Pin To Net: NetName=NetDD12_6 Pin=DD12-6
Added Pin To Net: NetName=NetDD12_6 Pin=DD13-5
Added Pin To Net: NetName=NetDD12_6 Pin=RN6-3
Added Net: Name=NetDD12_6
Added Pin To Net: NetName=NetDD12_8 Pin=DD12-8
Added Pin To Net: NetName=NetDD12_8 Pin=DD13-10
Added Pin To Net: NetName=NetDD12_8 Pin=R40-1
Added Net: Name=NetDD12_8
Added Pin To Net: NetName=NetDD13_11 Pin=DD13-11
Added Pin To Net: NetName=NetDD13_11 Pin=R58-1
Added Net: Name=NetDD13_11
Added Pin To Net: NetName=NetDD13_13 Pin=DD13-13
Added Pin To Net: NetName=NetDD13_13 Pin=DD14-2
Added Pin To Net: NetName=NetDD13_13 Pin=DD14-6
Added Pin To Net: NetName=NetDD13_13 Pin=R43-1
Added Pin To Net: NetName=NetDD13_13 Pin=R46-1
Added Net: Name=NetDD13_13
Added Pin To Net: NetName=NetDD15_4 Pin=DD15-4
Added Pin To Net: NetName=NetDD15_4 Pin=VT9-1
Added Net: Name=NetDD15_4
Added Pin To Net: NetName=NetDD19_3 Pin=DD19-3
Added Pin To Net: NetName=NetDD19_3 Pin=DD19-5
Added Pin To Net: NetName=NetDD19_3 Pin=DD19-13
Added Net: Name=NetDD19_3
Added Pin To Net: NetName=NetDD19_6 Pin=DD19-6
Added Pin To Net: NetName=NetDD19_6 Pin=DD19-9
Added Pin To Net: NetName=NetDD19_6 Pin=DD19-10
Added Pin To Net: NetName=NetDD19_6 Pin=R62-1
Added Net: Name=NetDD19_6
Added Pin To Net: NetName=NetDD21_3 Pin=DD21-3
Added Pin To Net: NetName=NetDD21_3 Pin=RN8-8
Added Net: Name=NetDD21_3
Added Pin To Net: NetName=NetDD21_12 Pin=DD21-12
Added Pin To Net: NetName=NetDD21_12 Pin=L11-4
Added Pin To Net: NetName=NetDD21_12 Pin=VD27-1
Added Net: Name=NetDD21_12
Added Pin To Net: NetName=NetDD21_13 Pin=DD21-13
Added Pin To Net: NetName=NetDD21_13 Pin=L11-1
Added Pin To Net: NetName=NetDD21_13 Pin=VD27-2
Added Net: Name=NetDD21_13
Added Pin To Net: NetName=NetDD22_6 Pin=DD22-6
Added Pin To Net: NetName=NetDD22_6 Pin=R75-1
Added Net: Name=NetDD22_6
Added Pin To Net: NetName=NetDD22_7 Pin=DD22-7
Added Pin To Net: NetName=NetDD22_7 Pin=R77-1
Added Net: Name=NetDD22_7
Added Pin To Net: NetName=NetDD22_12 Pin=DD22-12
Added Pin To Net: NetName=NetDD22_12 Pin=RN9-5
Added Net: Name=NetDD22_12
Added Pin To Net: NetName=NetDD22_13 Pin=DD22-13
Added Pin To Net: NetName=NetDD22_13 Pin=RN9-6
Added Net: Name=NetDD22_13
Added Pin To Net: NetName=NetDD22_14 Pin=DD22-14
Added Pin To Net: NetName=NetDD22_14 Pin=RN9-7
Added Net: Name=NetDD22_14
Added Pin To Net: NetName=NetDD22_15 Pin=DD22-15
Added Pin To Net: NetName=NetDD22_15 Pin=RN9-8
Added Net: Name=NetDD22_15
Added Pin To Net: NetName=NetF7_2 Pin=F7-2
Added Pin To Net: NetName=NetF7_2 Pin=X13-3
Added Net: Name=NetF7_2
Added Pin To Net: NetName=NetF8_2 Pin=F8-2
Added Pin To Net: NetName=NetF8_2 Pin=X14-3
Added Net: Name=NetF8_2
Added Pin To Net: NetName=NetK7_3 Pin=K7-3
Added Pin To Net: NetName=NetK7_3 Pin=K9-7
Added Net: Name=NetK7_3
Added Pin To Net: NetName=NetR119_1 Pin=R119-1
Added Pin To Net: NetName=NetR119_1 Pin=VD1-1
Added Net: Name=NetR119_1
Added Pin To Net: NetName=NetVD1_2 Pin=VD1-2
Added Pin To Net: NetName=NetVD1_2 Pin=VT5-3
Added Net: Name=NetVD1_2
Added Pin To Net: NetName=SD_DRV Pin=C144-1
Added Pin To Net: NetName=SD_DRV Pin=C145-1
Added Pin To Net: NetName=SD_DRV Pin=DD27-1
Added Pin To Net: NetName=SD_DRV Pin=DD28-1
Added Pin To Net: NetName=SD_DRV Pin=R46-2
Added Net: Name=SD_DRV
Added Pin To Net: NetName=SYNC_PWM_1 Pin=RN10-8
Added Pin To Net: NetName=SYNC_PWM_1 Pin=X15-3A
Added Pin To Net: NetName=SYNC_PWM_1 Pin=X16-3A
Added Net: Name=SYNC_PWM_1
Added Pin To Net: NetName=SYNC_STEP_1 Pin=RN10-7
Added Pin To Net: NetName=SYNC_STEP_1 Pin=X15-3B
Added Pin To Net: NetName=SYNC_STEP_1 Pin=X16-3B
Added Net: Name=SYNC_STEP_1
Change Class Name : Old Net Name=001_MCU New Net Name=02_MCU
Change Class Name : Old Net Name=002_PowerSupply New Net Name=03_PowerSupply
Change Class Name : Old Net Name=003_Debugging New Net Name=04_Debugging
Change Class Name : Old Net Name=004_FOC_RS_Interface New Net Name=05_FOC_RS_Interface
Change Class Name : Old Net Name=005_PowerRele_OnOff New Net Name=06_PowerRele_OnOff
Change Class Name : Old Net Name=006_EEPR_DISCHAR New Net Name=07_EEPR_DISCHAR
Change Class Name : Old Net Name=008_ConsumptionBoard New Net Name=09_MeasInUI
Change Class Name : Old Net Name=009_ToSourceBoard New Net Name=10_ToMeasOutUI
Change Class Name : Old Net Name=010_Fan New Net Name=11_Fan
Change Class Name : Old Net Name=011_TempSensors New Net Name=12_TempSensors
Change Class Name : Old Net Name=012_AdditionalFunction New Net Name=13_AdditionalFunction
Added Class: Name=08_Parallel_operation
Added Member To Class: ClassName=04_Debugging Member=Component C46 1n
Added Member To Class: ClassName=06_PowerRele_OnOff Member=Component C77 100p
Added Member To Class: ClassName=06_PowerRele_OnOff Member=Component C79 100p
Added Member To Class: ClassName=06_PowerRele_OnOff Member=Component C80 100p
Added Member To Class: ClassName=06_PowerRele_OnOff Member=Component C81 1u
Added Member To Class: ClassName=06_PowerRele_OnOff Member=Component C82 0.1u
Added Member To Class: ClassName=06_PowerRele_OnOff Member=Component C83 0.1u
Added Member To Class: ClassName=06_PowerRele_OnOff Member=Component C84 0.1u
Added Member To Class: ClassName=06_PowerRele_OnOff Member=Component C85 0.1u
Added Member To Class: ClassName=06_PowerRele_OnOff Member=Component C86 0.1u
Added Member To Class: ClassName=06_PowerRele_OnOff Member=Component C87 0.1u
Added Member To Class: ClassName=06_PowerRele_OnOff Member=Component C88 0.1u
Added Member To Class: ClassName=06_PowerRele_OnOff Member=Component C89 0.1u
Added Member To Class: ClassName=06_PowerRele_OnOff Member=Component C90 0.1u
Added Member To Class: ClassName=10_ToMeasOutUI Member=Component C144 100p
Added Member To Class: ClassName=10_ToMeasOutUI Member=Component C145 100p
Added Member To Class: ClassName=12_TempSensors Member=Component C166 100p
Added Member To Class: ClassName=12_TempSensors Member=Component C167 100p
Added Member To Class: ClassName=04_Debugging Member=Component DD7 SN74AHCT1G00DBV
Added Member To Class: ClassName=06_PowerRele_OnOff Member=Component DD14 74HC00
Added Member To Class: ClassName=06_PowerRele_OnOff Member=Component DD15 SN74AHCT1G08DBV
Added Member To Class: ClassName=06_PowerRele_OnOff Member=Component DD16 SN74AHCT1G00DBV
Added Member To Class: ClassName=06_PowerRele_OnOff Member=Component DD17 SN74AHC1G32DBV
Added Member To Class: ClassName=06_PowerRele_OnOff Member=Component DD18 SN74AHCT1G08DBV
Added Member To Class: ClassName=06_PowerRele_OnOff Member=Component F7 0.4A 250VAC 1.35R
Added Member To Class: ClassName=04_Debugging Member=Component R23 150
Added Member To Class: ClassName=04_Debugging Member=Component R25 10K
Added Member To Class: ClassName=04_Debugging Member=Component R26 10K
Added Member To Class: ClassName=04_Debugging Member=Component R27 10K
Added Member To Class: ClassName=06_PowerRele_OnOff Member=Component R56 510
Added Member To Class: ClassName=06_PowerRele_OnOff Member=Component R58 1K
Added Member To Class: ClassName=06_PowerRele_OnOff Member=Component R60 1M
Added Member To Class: ClassName=06_PowerRele_OnOff Member=Component R62 200K
Added Member To Class: ClassName=10_ToMeasOutUI Member=Component R94 5K6
Added Member To Class: ClassName=10_ToMeasOutUI Member=Component R95 5K6
Added Member To Class: ClassName=10_ToMeasOutUI Member=Component R97 5K6
Added Member To Class: ClassName=12_TempSensors Member=Component R109 2K
Added Member To Class: ClassName=12_TempSensors Member=Component R110 2K
Added Member To Class: ClassName=12_TempSensors Member=Component R115 2K
Added Member To Class: ClassName=12_TempSensors Member=Component R116 2K
Added Member To Class: ClassName=13_AdditionalFunction Member=Component VD1 LL-S172SC-2S
Added Member To Class: ClassName=06_PowerRele_OnOff Member=Component X13 B03P-NV
Added Member To Class: ClassName=06_PowerRele_OnOff Member=Component X14 B03P-NV
Added Room: Name=02_MCU
Added Room: Name=03_PowerSupply
Added Room: Name=04_Debugging
Added Room: Name=05_FOC_RS_Interface
Added Room: Name=06_PowerRele_OnOff
Added Room: Name=07_EEPR_DISCHAR
Added Room: Name=08_Parallel_operation
Added Room: Name=09_MeasInUI
Added Room: Name=10_ToMeasOutUI
Added Room: Name=11_Fan
Added Room: Name=12_TempSensors
Added Room: Name=13_AdditionalFunction
