Removed Pin From Net: NetName=SYNC_PWM_1 Pin=RN10-1
Removed Pin From Net: NetName=SYNC_STEP_1 Pin=RN10-2
Removed Pin From Net: NetName=EXT_OFF_2 Pin=RN10-3
Removed Pin From Net: NetName=FREE_BIT_IN_1 Pin=RN10-4
Removed Pin From Net: NetName=NetC114_2 Pin=RN10-5
Removed Pin From Net: NetName=NetC113_2 Pin=RN10-6
Removed Pin From Net: NetName=NetC112_2 Pin=RN10-7
Removed Pin From Net: NetName=NetC111_2 Pin=RN10-8
Removed Member From Class: ClassName=08_Parallel_operation Member=RN10
Added Component: Designator=R152(SMD_R_0603)
Added Component: Designator=R153(SMD_R_0603)
Added Component: Designator=R154(SMD_R_0603)
Added Component: Designator=R155(SMD_R_0603)
Added Pin To Net: NetName=NetC111_2 Pin=R152-1
Added Pin To Net: NetName=SYNC_PWM_1 Pin=R152-2
Added Pin To Net: NetName=NetC112_2 Pin=R153-1
Added Pin To Net: NetName=SYNC_STEP_1 Pin=R153-2
Added Pin To Net: NetName=NetC113_2 Pin=R154-1
Added Pin To Net: NetName=EXT_OFF_2 Pin=R154-2
Added Pin To Net: NetName=NetC114_2 Pin=R155-1
Added Pin To Net: NetName=FREE_BIT_IN_1 Pin=R155-2
Added Member To Class: ClassName=08_Parallel_operation Member=Component R152 100
Added Member To Class: ClassName=08_Parallel_operation Member=Component R153 100
Added Member To Class: ClassName=08_Parallel_operation Member=Component R154 100
Added Member To Class: ClassName=08_Parallel_operation Member=Component R155 100
Added Room: Name=02_MCU
Added Room: Name=03_PowerSupply
Added Room: Name=04_Debugging
Added Room: Name=05_FOC_RS_Interface
Added Room: Name=06_PowerRele_OnOff
Added Room: Name=07_EEPR_DISCHAR
Added Room: Name=08_Parallel_operation
Added Room: Name=09_MeasInUI
Added Room: Name=10_MeasOutUI
Added Room: Name=11_Fun
Added Room: Name=12_TempSensors
Added Room: Name=13_AdditionalFunction
