Removed Pin From Net: NetName=ADC1_ALARM_1 Pin=X1-2A
Removed Pin From Net: NetName=ADC1_MISO_1 Pin=X1-3A
Removed Pin From Net: NetName=+12V Pin=X1-3B
Removed Pin From Net: NetName=GND_C Pin=X1-4B
Added Pin To Net: NetName=+12V Pin=X1-2A
Added Pin To Net: NetName=GND_C Pin=X1-3A
Added Pin To Net: NetName=ADC1_ALARM_1 Pin=X1-3B
Added Pin To Net: NetName=ADC1_MISO_1 Pin=X1-4B
Added Room: Name=02_MCU
Added Room: Name=03_PowerSupply
Added Room: Name=04_Debugging
Added Room: Name=05_FOC_RS_Interface
Added Room: Name=06_PowerRele_OnOff
Added Room: Name=07_EEPR_DISCHAR
Added Room: Name=08_Parallel_operation
Added Room: Name=09_MeasInUI
Added Room: Name=10_MeasOutUI
Added Room: Name=11_Fun
Added Room: Name=12_TempSensors
Added Room: Name=13_AdditionalFunction
